# JRE version: Java(TM) SE Runtime Environment (8.0_40-b26) (build 1.8.0_40-b26)
# Java VM: Java HotSpot(TM) 64-Bit Server VM (25.40-b25 mixed mode bsd-amd64 compressed oops)
Heap:
 PSYoungGen      total 41984K, used 20052K [0x00000007aab00000, 0x00000007adb00000, 0x00000007c0000000)
  eden space 34816K, 42% used [0x00000007aab00000,0x00000007ab96d080,0x00000007acd00000)
  from space 7168K, 73% used [0x00000007ad400000,0x00000007ad928030,0x00000007adb00000)
  to   space 7168K, 0% used [0x00000007acd00000,0x00000007acd00000,0x00000007ad400000)
 ParOldGen       total 39936K, used 9806K [0x0000000780000000, 0x0000000782700000, 0x00000007aab00000)
  object space 39936K, 24% used [0x0000000780000000,0x0000000780993840,0x0000000782700000)
 Metaspace       used 22601K, capacity 23366K, committed 23680K, reserved 1071104K
  class space    used 2201K, capacity 2390K, committed 2432K, reserved 1048576K
GC Heap History (10 events):
Event: 5.530 GC heap before
{Heap before GC invocations=7 (full 1):
 PSYoungGen      total 18944K, used 18912K [0x00000007aab00000, 0x00000007acd00000, 0x00000007c0000000)
  eden space 16384K, 100% used [0x00000007aab00000,0x00000007abb00000,0x00000007abb00000)
  from space 2560K, 98% used [0x00000007abb00000,0x00000007abd78020,0x00000007abd80000)
  to   space 6656K, 0% used [0x00000007ac680000,0x00000007ac680000,0x00000007acd00000)
 ParOldGen       total 39936K, used 9009K [0x0000000780000000, 0x0000000782700000, 0x00000007aab00000)
  object space 39936K, 22% used [0x0000000780000000,0x00000007808cc450,0x0000000782700000)
 Metaspace       used 21428K, capacity 22138K, committed 22400K, reserved 1069056K
  class space    used 2191K, capacity 2376K, committed 2432K, reserved 1048576K
Event: 5.536 GC heap after
Heap after GC invocations=7 (full 1):
 PSYoungGen      total 27136K, used 5888K [0x00000007aab00000, 0x00000007ad080000, 0x00000007c0000000)
  eden space 20480K, 0% used [0x00000007aab00000,0x00000007aab00000,0x00000007abf00000)
  from space 6656K, 88% used [0x00000007ac680000,0x00000007acc40050,0x00000007acd00000)
  to   space 7680K, 0% used [0x00000007abf00000,0x00000007abf00000,0x00000007ac680000)
 ParOldGen       total 39936K, used 9017K [0x0000000780000000, 0x0000000782700000, 0x00000007aab00000)
  object space 39936K, 22% used [0x0000000780000000,0x00000007808ce450,0x0000000782700000)
 Metaspace       used 21428K, capacity 22138K, committed 22400K, reserved 1069056K
  class space    used 2191K, capacity 2376K, committed 2432K, reserved 1048576K
}
Event: 6.139 GC heap before
{Heap before GC invocations=8 (full 1):
 PSYoungGen      total 27136K, used 26368K [0x00000007aab00000, 0x00000007ad080000, 0x00000007c0000000)
  eden space 20480K, 100% used [0x00000007aab00000,0x00000007abf00000,0x00000007abf00000)
  from space 6656K, 88% used [0x00000007ac680000,0x00000007acc40050,0x00000007acd00000)
  to   space 7680K, 0% used [0x00000007abf00000,0x00000007abf00000,0x00000007ac680000)
 ParOldGen       total 39936K, used 9774K [0x0000000780000000, 0x0000000782700000, 0x00000007aab00000)
  object space 39936K, 24% used [0x0000000780000000,0x000000078098b840,0x0000000782700000)
 Metaspace       used 21772K, capacity 22416K, committed 22656K, reserved 1069056K
  class space    used 2193K, capacity 2379K, committed 2432K, reserved 1048576K
Event: 6.143 GC heap after
Heap after GC invocations=8 (full 1):
 PSYoungGen      total 28160K, used 5024K [0x00000007aab00000, 0x00000007ad600000, 0x00000007c0000000)
  eden space 20480K, 0% used [0x00000007aab00000,0x00000007aab00000,0x00000007abf00000)
  from space 7680K, 65% used [0x00000007abf00000,0x00000007ac3e8030,0x00000007ac680000)
  to   space 7680K, 0% used [0x00000007ace80000,0x00000007ace80000,0x00000007ad600000)
 ParOldGen       total 39936K, used 9782K [0x0000000780000000, 0x0000000782700000, 0x00000007aab00000)
  object space 39936K, 24% used [0x0000000780000000,0x000000078098d840,0x0000000782700000)
 Metaspace       used 21772K, capacity 22416K, committed 22656K, reserved 1069056K
  class space    used 2193K, capacity 2379K, committed 2432K, reserved 1048576K
}
Event: 6.700 GC heap before
{Heap before GC invocations=9 (full 1):
 PSYoungGen      total 28160K, used 25504K [0x00000007aab00000, 0x00000007ad600000, 0x00000007c0000000)
  eden space 20480K, 100% used [0x00000007aab00000,0x00000007abf00000,0x00000007abf00000)
  from space 7680K, 65% used [0x00000007abf00000,0x00000007ac3e8030,0x00000007ac680000)
  to   space 7680K, 0% used [0x00000007ace80000,0x00000007ace80000,0x00000007ad600000)
 ParOldGen       total 39936K, used 9782K [0x0000000780000000, 0x0000000782700000, 0x00000007aab00000)
  object space 39936K, 24% used [0x0000000780000000,0x000000078098d840,0x0000000782700000)
 Metaspace       used 22005K, capacity 22736K, committed 22912K, reserved 1069056K
  class space    used 2193K, capacity 2379K, committed 2432K, reserved 1048576K
Event: 6.704 GC heap after
Heap after GC invocations=9 (full 1):
 PSYoungGen      total 35328K, used 3200K [0x00000007aab00000, 0x00000007ad500000, 0x00000007c0000000)
  eden space 28672K, 0% used [0x00000007aab00000,0x00000007aab00000,0x00000007ac700000)
  from space 6656K, 48% used [0x00000007ace80000,0x00000007ad1a0020,0x00000007ad500000)
  to   space 7168K, 0% used [0x00000007ac700000,0x00000007ac700000,0x00000007ace00000)
 ParOldGen       total 39936K, used 9790K [0x0000000780000000, 0x0000000782700000, 0x00000007aab00000)
  object space 39936K, 24% used [0x0000000780000000,0x000000078098f840,0x0000000782700000)
 Metaspace       used 22005K, capacity 22736K, committed 22912K, reserved 1069056K
  class space    used 2193K, capacity 2379K, committed 2432K, reserved 1048576K
}
Event: 7.498 GC heap before
{Heap before GC invocations=10 (full 1):
 PSYoungGen      total 35328K, used 31872K [0x00000007aab00000, 0x00000007ad500000, 0x00000007c0000000)
  eden space 28672K, 100% used [0x00000007aab00000,0x00000007ac700000,0x00000007ac700000)
  from space 6656K, 48% used [0x00000007ace80000,0x00000007ad1a0020,0x00000007ad500000)
  to   space 7168K, 0% used [0x00000007ac700000,0x00000007ac700000,0x00000007ace00000)
 ParOldGen       total 39936K, used 9790K [0x0000000780000000, 0x0000000782700000, 0x00000007aab00000)
  object space 39936K, 24% used [0x0000000780000000,0x000000078098f840,0x0000000782700000)
 Metaspace       used 22284K, capacity 22928K, committed 23168K, reserved 1071104K
  class space    used 2193K, capacity 2379K, committed 2432K, reserved 1048576K
Event: 7.500 GC heap after
Heap after GC invocations=10 (full 1):
 PSYoungGen      total 35840K, used 3232K [0x00000007aab00000, 0x00000007adb00000, 0x00000007c0000000)
  eden space 28672K, 0% used [0x00000007aab00000,0x00000007aab00000,0x00000007ac700000)
  from space 7168K, 45% used [0x00000007ac700000,0x00000007aca28020,0x00000007ace00000)
  to   space 7168K, 0% used [0x00000007ad400000,0x00000007ad400000,0x00000007adb00000)
 ParOldGen       total 39936K, used 9798K [0x0000000780000000, 0x0000000782700000, 0x00000007aab00000)
  object space 39936K, 24% used [0x0000000780000000,0x0000000780991840,0x0000000782700000)
 Metaspace       used 22284K, capacity 22928K, committed 23168K, reserved 1071104K
  class space    used 2193K, capacity 2379K, committed 2432K, reserved 1048576K
}
Event: 8.300 GC heap before
{Heap before GC invocations=11 (full 1):
 PSYoungGen      total 35840K, used 31904K [0x00000007aab00000, 0x00000007adb00000, 0x00000007c0000000)
  eden space 28672K, 100% used [0x00000007aab00000,0x00000007ac700000,0x00000007ac700000)
  from space 7168K, 45% used [0x00000007ac700000,0x00000007aca28020,0x00000007ace00000)
  to   space 7168K, 0% used [0x00000007ad400000,0x00000007ad400000,0x00000007adb00000)
 ParOldGen       total 39936K, used 9798K [0x0000000780000000, 0x0000000782700000, 0x00000007aab00000)
  object space 39936K, 24% used [0x0000000780000000,0x0000000780991840,0x0000000782700000)
 Metaspace       used 22516K, capacity 23120K, committed 23424K, reserved 1071104K
  class space    used 2193K, capacity 2379K, committed 2432K, reserved 1048576K
Event: 8.304 GC heap after
Heap after GC invocations=11 (full 1):
 PSYoungGen      total 41984K, used 5280K [0x00000007aab00000, 0x00000007adb00000, 0x00000007c0000000)
  eden space 34816K, 0% used [0x00000007aab00000,0x00000007aab00000,0x00000007acd00000)
  from space 7168K, 73% used [0x00000007ad400000,0x00000007ad928030,0x00000007adb00000)
  to   space 7168K, 0% used [0x00000007acd00000,0x00000007acd00000,0x00000007ad400000)
 ParOldGen       total 39936K, used 9806K [0x0000000780000000, 0x0000000782700000, 0x00000007aab00000)
  object space 39936K, 24% used [0x0000000780000000,0x0000000780993840,0x0000000782700000)
 Metaspace       used 22516K, capacity 23120K, committed 23424K, reserved 1071104K
  class space    used 2193K, capacity 2379K, committed 2432K, reserved 1048576K
}

