# JRE version: Java(TM) SE Runtime Environment (8.0_40-b26) (build 1.8.0_40-b26)
# Java VM: Java HotSpot(TM) 64-Bit Server VM (25.40-b25 mixed mode bsd-amd64 compressed oops)
Heap:
 PSYoungGen      total 49152K, used 15784K [0x00000007aab00000, 0x00000007aec80000, 0x00000007c0000000)
  eden space 48640K, 31% used [0x00000007aab00000,0x00000007aba223f8,0x00000007ada80000)
  from space 512K, 56% used [0x00000007adc00000,0x00000007adc48000,0x00000007adc80000)
  to   space 9216K, 0% used [0x00000007ae380000,0x00000007ae380000,0x00000007aec80000)
 ParOldGen       total 33280K, used 15411K [0x0000000780000000, 0x0000000782080000, 0x00000007aab00000)
  object space 33280K, 46% used [0x0000000780000000,0x0000000780f0ce18,0x0000000782080000)
 Metaspace       used 22936K, capacity 23602K, committed 23936K, reserved 1071104K
  class space    used 2198K, capacity 2358K, committed 2432K, reserved 1048576K
GC Heap History (10 events):
Event: 12.114 GC heap before
{Heap before GC invocations=8 (full 1):
 PSYoungGen      total 31232K, used 30432K [0x00000007aab00000, 0x00000007ad280000, 0x00000007c0000000)
  eden space 25088K, 100% used [0x00000007aab00000,0x00000007ac380000,0x00000007ac380000)
  from space 6144K, 86% used [0x00000007aca80000,0x00000007acfb83d0,0x00000007ad080000)
  to   space 7168K, 0% used [0x00000007ac380000,0x00000007ac380000,0x00000007aca80000)
 ParOldGen       total 33280K, used 6012K [0x0000000780000000, 0x0000000782080000, 0x00000007aab00000)
  object space 33280K, 18% used [0x0000000780000000,0x00000007805df088,0x0000000782080000)
 Metaspace       used 21888K, capacity 22518K, committed 22656K, reserved 1069056K
  class space    used 2182K, capacity 2346K, committed 2432K, reserved 1048576K
Event: 12.120 GC heap after
Heap after GC invocations=8 (full 1):
 PSYoungGen      total 32256K, used 6688K [0x00000007aab00000, 0x00000007ae180000, 0x00000007c0000000)
  eden space 25088K, 0% used [0x00000007aab00000,0x00000007aab00000,0x00000007ac380000)
  from space 7168K, 93% used [0x00000007ac380000,0x00000007aca083f0,0x00000007aca80000)
  to   space 8192K, 0% used [0x00000007ad980000,0x00000007ad980000,0x00000007ae180000)
 ParOldGen       total 33280K, used 8068K [0x0000000780000000, 0x0000000782080000, 0x00000007aab00000)
  object space 33280K, 24% used [0x0000000780000000,0x00000007807e1098,0x0000000782080000)
 Metaspace       used 21888K, capacity 22518K, committed 22656K, reserved 1069056K
  class space    used 2182K, capacity 2346K, committed 2432K, reserved 1048576K
}
Event: 13.017 GC heap before
{Heap before GC invocations=9 (full 1):
 PSYoungGen      total 32256K, used 31776K [0x00000007aab00000, 0x00000007ae180000, 0x00000007c0000000)
  eden space 25088K, 100% used [0x00000007aab00000,0x00000007ac380000,0x00000007ac380000)
  from space 7168K, 93% used [0x00000007ac380000,0x00000007aca083f0,0x00000007aca80000)
  to   space 8192K, 0% used [0x00000007ad980000,0x00000007ad980000,0x00000007ae180000)
 ParOldGen       total 33280K, used 8068K [0x0000000780000000, 0x0000000782080000, 0x00000007aab00000)
  object space 33280K, 24% used [0x0000000780000000,0x00000007807e1098,0x0000000782080000)
 Metaspace       used 22149K, capacity 22774K, committed 22912K, reserved 1069056K
  class space    used 2182K, capacity 2346K, committed 2432K, reserved 1048576K
Event: 13.022 GC heap after
Heap after GC invocations=9 (full 1):
 PSYoungGen      total 47104K, used 6720K [0x00000007aab00000, 0x00000007ae280000, 0x00000007c0000000)
  eden space 38912K, 0% used [0x00000007aab00000,0x00000007aab00000,0x00000007ad100000)
  from space 8192K, 82% used [0x00000007ad980000,0x00000007ae0103f0,0x00000007ae180000)
  to   space 8704K, 0% used [0x00000007ad100000,0x00000007ad100000,0x00000007ad980000)
 ParOldGen       total 33280K, used 8076K [0x0000000780000000, 0x0000000782080000, 0x00000007aab00000)
  object space 33280K, 24% used [0x0000000780000000,0x00000007807e3098,0x0000000782080000)
 Metaspace       used 22149K, capacity 22774K, committed 22912K, reserved 1069056K
  class space    used 2182K, capacity 2346K, committed 2432K, reserved 1048576K
}
Event: 14.426 GC heap before
{Heap before GC invocations=10 (full 1):
 PSYoungGen      total 47104K, used 45632K [0x00000007aab00000, 0x00000007ae280000, 0x00000007c0000000)
  eden space 38912K, 100% used [0x00000007aab00000,0x00000007ad100000,0x00000007ad100000)
  from space 8192K, 82% used [0x00000007ad980000,0x00000007ae0103f0,0x00000007ae180000)
  to   space 8704K, 0% used [0x00000007ad100000,0x00000007ad100000,0x00000007ad980000)
 ParOldGen       total 33280K, used 8076K [0x0000000780000000, 0x0000000782080000, 0x00000007aab00000)
  object space 33280K, 24% used [0x0000000780000000,0x00000007807e3098,0x0000000782080000)
 Metaspace       used 22496K, capacity 23158K, committed 23424K, reserved 1071104K
  class space    used 2182K, capacity 2346K, committed 2432K, reserved 1048576K
Event: 14.432 GC heap after
Heap after GC invocations=10 (full 1):
 PSYoungGen      total 47616K, used 1536K [0x00000007aab00000, 0x00000007aee80000, 0x00000007c0000000)
  eden space 38912K, 0% used [0x00000007aab00000,0x00000007aab00000,0x00000007ad100000)
  from space 8704K, 17% used [0x00000007ad100000,0x00000007ad280020,0x00000007ad980000)
  to   space 8704K, 0% used [0x00000007ae600000,0x00000007ae600000,0x00000007aee80000)
 ParOldGen       total 33280K, used 15355K [0x0000000780000000, 0x0000000782080000, 0x00000007aab00000)
  object space 33280K, 46% used [0x0000000780000000,0x0000000780efee18,0x0000000782080000)
 Metaspace       used 22496K, capacity 23158K, committed 23424K, reserved 1071104K
  class space    used 2182K, capacity 2346K, committed 2432K, reserved 1048576K
}
Event: 15.830 GC heap before
{Heap before GC invocations=11 (full 1):
 PSYoungGen      total 47616K, used 40448K [0x00000007aab00000, 0x00000007aee80000, 0x00000007c0000000)
  eden space 38912K, 100% used [0x00000007aab00000,0x00000007ad100000,0x00000007ad100000)
  from space 8704K, 17% used [0x00000007ad100000,0x00000007ad280020,0x00000007ad980000)
  to   space 8704K, 0% used [0x00000007ae600000,0x00000007ae600000,0x00000007aee80000)
 ParOldGen       total 33280K, used 15355K [0x0000000780000000, 0x0000000782080000, 0x00000007aab00000)
  object space 33280K, 46% used [0x0000000780000000,0x0000000780efee18,0x0000000782080000)
 Metaspace       used 22693K, capacity 23290K, committed 23424K, reserved 1071104K
  class space    used 2182K, capacity 2346K, committed 2432K, reserved 1048576K
Event: 15.832 GC heap after
Heap after GC invocations=11 (full 1):
 PSYoungGen      total 57344K, used 1504K [0x00000007aab00000, 0x00000007aed00000, 0x00000007c0000000)
  eden space 50176K, 0% used [0x00000007aab00000,0x00000007aab00000,0x00000007adc00000)
  from space 7168K, 20% used [0x00000007ae600000,0x00000007ae778020,0x00000007aed00000)
  to   space 8704K, 0% used [0x00000007adc00000,0x00000007adc00000,0x00000007ae480000)
 ParOldGen       total 33280K, used 15387K [0x0000000780000000, 0x0000000782080000, 0x00000007aab00000)
  object space 33280K, 46% used [0x0000000780000000,0x0000000780f06e18,0x0000000782080000)
 Metaspace       used 22693K, capacity 23290K, committed 23424K, reserved 1071104K
  class space    used 2182K, capacity 2346K, committed 2432K, reserved 1048576K
}
Event: 17.573 GC heap before
{Heap before GC invocations=12 (full 1):
 PSYoungGen      total 57344K, used 51680K [0x00000007aab00000, 0x00000007aed00000, 0x00000007c0000000)
  eden space 50176K, 100% used [0x00000007aab00000,0x00000007adc00000,0x00000007adc00000)
  from space 7168K, 20% used [0x00000007ae600000,0x00000007ae778020,0x00000007aed00000)
  to   space 8704K, 0% used [0x00000007adc00000,0x00000007adc00000,0x00000007ae480000)
 ParOldGen       total 33280K, used 15387K [0x0000000780000000, 0x0000000782080000, 0x00000007aab00000)
  object space 33280K, 46% used [0x0000000780000000,0x0000000780f06e18,0x0000000782080000)
 Metaspace       used 22842K, capacity 23488K, committed 23680K, reserved 1071104K
  class space    used 2189K, capacity 2347K, committed 2432K, reserved 1048576K
Event: 17.574 GC heap after
Heap after GC invocations=12 (full 1):
 PSYoungGen      total 49152K, used 288K [0x00000007aab00000, 0x00000007aec80000, 0x00000007c0000000)
  eden space 48640K, 0% used [0x00000007aab00000,0x00000007aab00000,0x00000007ada80000)
  from space 512K, 56% used [0x00000007adc00000,0x00000007adc48000,0x00000007adc80000)
  to   space 9216K, 0% used [0x00000007ae380000,0x00000007ae380000,0x00000007aec80000)
 ParOldGen       total 33280K, used 15411K [0x0000000780000000, 0x0000000782080000, 0x00000007aab00000)
  object space 33280K, 46% used [0x0000000780000000,0x0000000780f0ce18,0x0000000782080000)
 Metaspace       used 22842K, capacity 23488K, committed 23680K, reserved 1071104K
  class space    used 2189K, capacity 2347K, committed 2432K, reserved 1048576K
}

