# JRE version: Java(TM) SE Runtime Environment (8.0_40-b26) (build 1.8.0_40-b26)
# Java VM: Java HotSpot(TM) 64-Bit Server VM (25.40-b25 mixed mode bsd-amd64 compressed oops)
Heap:
 PSYoungGen      total 18944K, used 3432K [0x00000007aab00000, 0x00000007ad180000, 0x00000007c0000000)
  eden space 16384K, 17% used [0x00000007aab00000,0x00000007aadc5738,0x00000007abb00000)
  from space 2560K, 23% used [0x00000007abb00000,0x00000007abb94a90,0x00000007abd80000)
  to   space 8704K, 0% used [0x00000007ac900000,0x00000007ac900000,0x00000007ad180000)
 ParOldGen       total 41472K, used 8833K [0x0000000780000000, 0x0000000782880000, 0x00000007aab00000)
  object space 41472K, 21% used [0x0000000780000000,0x00000007808a0528,0x0000000782880000)
 Metaspace       used 21374K, capacity 22034K, committed 22144K, reserved 1069056K
  class space    used 2149K, capacity 2328K, committed 2432K, reserved 1048576K
GC Heap History (10 events):
Event: 2.074 GC heap before
{Heap before GC invocations=2 (full 0):
 PSYoungGen      total 18944K, used 18926K [0x00000007aab00000, 0x00000007ac000000, 0x00000007c0000000)
  eden space 16384K, 99% used [0x00000007aab00000,0x00000007abaff808,0x00000007abb00000)
  from space 2560K, 99% used [0x00000007abb00000,0x00000007abd7c030,0x00000007abd80000)
  to   space 2560K, 0% used [0x00000007abd80000,0x00000007abd80000,0x00000007ac000000)
 ParOldGen       total 44032K, used 102K [0x0000000780000000, 0x0000000782b00000, 0x00000007aab00000)
  object space 44032K, 0% used [0x0000000780000000,0x0000000780019990,0x0000000782b00000)
 Metaspace       used 15393K, capacity 15881K, committed 16128K, reserved 1064960K
  class space    used 1376K, capacity 1504K, committed 1536K, reserved 1048576K
Event: 2.080 GC heap after
Heap after GC invocations=2 (full 0):
 PSYoungGen      total 18944K, used 2552K [0x00000007aab00000, 0x00000007ac000000, 0x00000007c0000000)
  eden space 16384K, 0% used [0x00000007aab00000,0x00000007aab00000,0x00000007abb00000)
  from space 2560K, 99% used [0x00000007abd80000,0x00000007abffe2f0,0x00000007ac000000)
  to   space 2560K, 0% used [0x00000007abb00000,0x00000007abb00000,0x00000007abd80000)
 ParOldGen       total 44032K, used 881K [0x0000000780000000, 0x0000000782b00000, 0x00000007aab00000)
  object space 44032K, 2% used [0x0000000780000000,0x00000007800dc758,0x0000000782b00000)
 Metaspace       used 15393K, capacity 15881K, committed 16128K, reserved 1064960K
  class space    used 1376K, capacity 1504K, committed 1536K, reserved 1048576K
}
Event: 3.224 GC heap before
{Heap before GC invocations=3 (full 0):
 PSYoungGen      total 18944K, used 18793K [0x00000007aab00000, 0x00000007ac000000, 0x00000007c0000000)
  eden space 16384K, 99% used [0x00000007aab00000,0x00000007abadc4c8,0x00000007abb00000)
  from space 2560K, 99% used [0x00000007abd80000,0x00000007abffe2f0,0x00000007ac000000)
  to   space 2560K, 0% used [0x00000007abb00000,0x00000007abb00000,0x00000007abd80000)
 ParOldGen       total 44032K, used 881K [0x0000000780000000, 0x0000000782b00000, 0x00000007aab00000)
  object space 44032K, 2% used [0x0000000780000000,0x00000007800dc758,0x0000000782b00000)
 Metaspace       used 19843K, capacity 20482K, committed 20736K, reserved 1067008K
  class space    used 2038K, capacity 2190K, committed 2304K, reserved 1048576K
Event: 3.234 GC heap after
Heap after GC invocations=3 (full 0):
 PSYoungGen      total 18944K, used 2555K [0x00000007aab00000, 0x00000007ac000000, 0x00000007c0000000)
  eden space 16384K, 0% used [0x00000007aab00000,0x00000007aab00000,0x00000007abb00000)
  from space 2560K, 99% used [0x00000007abb00000,0x00000007abd7eda0,0x00000007abd80000)
  to   space 2560K, 0% used [0x00000007abd80000,0x00000007abd80000,0x00000007ac000000)
 ParOldGen       total 44032K, used 6659K [0x0000000780000000, 0x0000000782b00000, 0x00000007aab00000)
  object space 44032K, 15% used [0x0000000780000000,0x0000000780680c18,0x0000000782b00000)
 Metaspace       used 19843K, capacity 20482K, committed 20736K, reserved 1067008K
  class space    used 2038K, capacity 2190K, committed 2304K, reserved 1048576K
}
Event: 5.486 GC heap before
{Heap before GC invocations=4 (full 0):
 PSYoungGen      total 18944K, used 7060K [0x00000007aab00000, 0x00000007ac000000, 0x00000007c0000000)
  eden space 16384K, 27% used [0x00000007aab00000,0x00000007aaf66428,0x00000007abb00000)
  from space 2560K, 99% used [0x00000007abb00000,0x00000007abd7eda0,0x00000007abd80000)
  to   space 2560K, 0% used [0x00000007abd80000,0x00000007abd80000,0x00000007ac000000)
 ParOldGen       total 44032K, used 6659K [0x0000000780000000, 0x0000000782b00000, 0x00000007aab00000)
  object space 44032K, 15% used [0x0000000780000000,0x0000000780680c18,0x0000000782b00000)
 Metaspace       used 20564K, capacity 21138K, committed 21248K, reserved 1069056K
  class space    used 2105K, capacity 2300K, committed 2304K, reserved 1048576K
Event: 5.493 GC heap after
Heap after GC invocations=4 (full 0):
 PSYoungGen      total 18944K, used 2556K [0x00000007aab00000, 0x00000007ac000000, 0x00000007c0000000)
  eden space 16384K, 0% used [0x00000007aab00000,0x00000007aab00000,0x00000007abb00000)
  from space 2560K, 99% used [0x00000007abd80000,0x00000007abfff368,0x00000007ac000000)
  to   space 2560K, 0% used [0x00000007abb00000,0x00000007abb00000,0x00000007abd80000)
 ParOldGen       total 44032K, used 7291K [0x0000000780000000, 0x0000000782b00000, 0x00000007aab00000)
  object space 44032K, 16% used [0x0000000780000000,0x000000078071eda0,0x0000000782b00000)
 Metaspace       used 20564K, capacity 21138K, committed 21248K, reserved 1069056K
  class space    used 2105K, capacity 2300K, committed 2304K, reserved 1048576K
}
Event: 5.493 GC heap before
{Heap before GC invocations=5 (full 1):
 PSYoungGen      total 18944K, used 2556K [0x00000007aab00000, 0x00000007ac000000, 0x00000007c0000000)
  eden space 16384K, 0% used [0x00000007aab00000,0x00000007aab00000,0x00000007abb00000)
  from space 2560K, 99% used [0x00000007abd80000,0x00000007abfff368,0x00000007ac000000)
  to   space 2560K, 0% used [0x00000007abb00000,0x00000007abb00000,0x00000007abd80000)
 ParOldGen       total 44032K, used 7291K [0x0000000780000000, 0x0000000782b00000, 0x00000007aab00000)
  object space 44032K, 16% used [0x0000000780000000,0x000000078071eda0,0x0000000782b00000)
 Metaspace       used 20564K, capacity 21138K, committed 21248K, reserved 1069056K
  class space    used 2105K, capacity 2300K, committed 2304K, reserved 1048576K
Event: 5.540 GC heap after
Heap after GC invocations=5 (full 1):
 PSYoungGen      total 18944K, used 0K [0x00000007aab00000, 0x00000007ac000000, 0x00000007c0000000)
  eden space 16384K, 0% used [0x00000007aab00000,0x00000007aab00000,0x00000007abb00000)
  from space 2560K, 0% used [0x00000007abd80000,0x00000007abd80000,0x00000007ac000000)
  to   space 2560K, 0% used [0x00000007abb00000,0x00000007abb00000,0x00000007abd80000)
 ParOldGen       total 41472K, used 8825K [0x0000000780000000, 0x0000000782880000, 0x00000007aab00000)
  object space 41472K, 21% used [0x0000000780000000,0x000000078089e528,0x0000000782880000)
 Metaspace       used 20564K, capacity 21138K, committed 21248K, reserved 1069056K
  class space    used 2105K, capacity 2300K, committed 2304K, reserved 1048576K
}
Event: 10.870 GC heap before
{Heap before GC invocations=6 (full 1):
 PSYoungGen      total 18944K, used 16384K [0x00000007aab00000, 0x00000007ac000000, 0x00000007c0000000)
  eden space 16384K, 100% used [0x00000007aab00000,0x00000007abb00000,0x00000007abb00000)
  from space 2560K, 0% used [0x00000007abd80000,0x00000007abd80000,0x00000007ac000000)
  to   space 2560K, 0% used [0x00000007abb00000,0x00000007abb00000,0x00000007abd80000)
 ParOldGen       total 41472K, used 8825K [0x0000000780000000, 0x0000000782880000, 0x00000007aab00000)
  object space 41472K, 21% used [0x0000000780000000,0x000000078089e528,0x0000000782880000)
 Metaspace       used 21137K, capacity 21790K, committed 22016K, reserved 1069056K
  class space    used 2118K, capacity 2300K, committed 2304K, reserved 1048576K
Event: 10.872 GC heap after
Heap after GC invocations=6 (full 1):
 PSYoungGen      total 18944K, used 594K [0x00000007aab00000, 0x00000007ad180000, 0x00000007c0000000)
  eden space 16384K, 0% used [0x00000007aab00000,0x00000007aab00000,0x00000007abb00000)
  from space 2560K, 23% used [0x00000007abb00000,0x00000007abb94a90,0x00000007abd80000)
  to   space 8704K, 0% used [0x00000007ac900000,0x00000007ac900000,0x00000007ad180000)
 ParOldGen       total 41472K, used 8833K [0x0000000780000000, 0x0000000782880000, 0x00000007aab00000)
  object space 41472K, 21% used [0x0000000780000000,0x00000007808a0528,0x0000000782880000)
 Metaspace       used 21137K, capacity 21790K, committed 22016K, reserved 1069056K
  class space    used 2118K, capacity 2300K, committed 2304K, reserved 1048576K
}

