# JRE version: Java(TM) SE Runtime Environment (8.0_40-b26) (build 1.8.0_40-b26)
# Java VM: Java HotSpot(TM) 64-Bit Server VM (25.40-b25 mixed mode bsd-amd64 compressed oops)
Heap:
 PSYoungGen      total 54272K, used 42138K [0x00000007aab00000, 0x00000007af480000, 0x00000007c0000000)
  eden space 47104K, 85% used [0x00000007aab00000,0x00000007ad27eb28,0x00000007ad900000)
  from space 7168K, 23% used [0x00000007ad900000,0x00000007adaa8020,0x00000007ae000000)
  to   space 7168K, 0% used [0x00000007aed80000,0x00000007aed80000,0x00000007af480000)
 ParOldGen       total 36352K, used 11785K [0x0000000780000000, 0x0000000782380000, 0x00000007aab00000)
  object space 36352K, 32% used [0x0000000780000000,0x0000000780b82718,0x0000000782380000)
 Metaspace       used 22696K, capacity 23354K, committed 23680K, reserved 1071104K
  class space    used 2200K, capacity 2360K, committed 2432K, reserved 1048576K
GC Heap History (10 events):
Event: 7.420 GC heap before
{Heap before GC invocations=8 (full 1):
 PSYoungGen      total 28672K, used 26175K [0x00000007aab00000, 0x00000007acf80000, 0x00000007c0000000)
  eden space 22528K, 96% used [0x00000007aab00000,0x00000007ac053aa0,0x00000007ac100000)
  from space 6144K, 70% used [0x00000007ac700000,0x00000007acb3c3e0,0x00000007acd00000)
  to   space 6144K, 0% used [0x00000007ac100000,0x00000007ac100000,0x00000007ac700000)
 ParOldGen       total 36352K, used 6204K [0x0000000780000000, 0x0000000782380000, 0x00000007aab00000)
  object space 36352K, 17% used [0x0000000780000000,0x000000078060f220,0x0000000782380000)
 Metaspace       used 21342K, capacity 22002K, committed 22400K, reserved 1069056K
  class space    used 2182K, capacity 2346K, committed 2432K, reserved 1048576K
Event: 7.428 GC heap after
Heap after GC invocations=8 (full 1):
 PSYoungGen      total 28672K, used 4448K [0x00000007aab00000, 0x00000007adb80000, 0x00000007c0000000)
  eden space 22528K, 0% used [0x00000007aab00000,0x00000007aab00000,0x00000007ac100000)
  from space 6144K, 72% used [0x00000007ac100000,0x00000007ac5583d0,0x00000007ac700000)
  to   space 6656K, 0% used [0x00000007ad500000,0x00000007ad500000,0x00000007adb80000)
 ParOldGen       total 36352K, used 6212K [0x0000000780000000, 0x0000000782380000, 0x00000007aab00000)
  object space 36352K, 17% used [0x0000000780000000,0x0000000780611220,0x0000000782380000)
 Metaspace       used 21342K, capacity 22002K, committed 22400K, reserved 1069056K
  class space    used 2182K, capacity 2346K, committed 2432K, reserved 1048576K
}
Event: 7.855 GC heap before
{Heap before GC invocations=9 (full 1):
 PSYoungGen      total 28672K, used 26976K [0x00000007aab00000, 0x00000007adb80000, 0x00000007c0000000)
  eden space 22528K, 100% used [0x00000007aab00000,0x00000007ac100000,0x00000007ac100000)
  from space 6144K, 72% used [0x00000007ac100000,0x00000007ac5583d0,0x00000007ac700000)
  to   space 6656K, 0% used [0x00000007ad500000,0x00000007ad500000,0x00000007adb80000)
 ParOldGen       total 36352K, used 6216K [0x0000000780000000, 0x0000000782380000, 0x00000007aab00000)
  object space 36352K, 17% used [0x0000000780000000,0x0000000780612230,0x0000000782380000)
 Metaspace       used 21578K, capacity 22268K, committed 22656K, reserved 1069056K
  class space    used 2194K, capacity 2349K, committed 2432K, reserved 1048576K
Event: 7.863 GC heap after
Heap after GC invocations=9 (full 1):
 PSYoungGen      total 41984K, used 6240K [0x00000007aab00000, 0x00000007ade00000, 0x00000007c0000000)
  eden space 35328K, 0% used [0x00000007aab00000,0x00000007aab00000,0x00000007acd80000)
  from space 6656K, 93% used [0x00000007ad500000,0x00000007adb183e0,0x00000007adb80000)
  to   space 7680K, 0% used [0x00000007acd80000,0x00000007acd80000,0x00000007ad500000)
 ParOldGen       total 36352K, used 8272K [0x0000000780000000, 0x0000000782380000, 0x00000007aab00000)
  object space 36352K, 22% used [0x0000000780000000,0x0000000780814240,0x0000000782380000)
 Metaspace       used 21578K, capacity 22268K, committed 22656K, reserved 1069056K
  class space    used 2194K, capacity 2349K, committed 2432K, reserved 1048576K
}
Event: 8.858 GC heap before
{Heap before GC invocations=10 (full 1):
 PSYoungGen      total 41984K, used 41568K [0x00000007aab00000, 0x00000007ade00000, 0x00000007c0000000)
  eden space 35328K, 100% used [0x00000007aab00000,0x00000007acd80000,0x00000007acd80000)
  from space 6656K, 93% used [0x00000007ad500000,0x00000007adb183e0,0x00000007adb80000)
  to   space 7680K, 0% used [0x00000007acd80000,0x00000007acd80000,0x00000007ad500000)
 ParOldGen       total 36352K, used 8718K [0x0000000780000000, 0x0000000782380000, 0x00000007aab00000)
  object space 36352K, 23% used [0x0000000780000000,0x00000007808839c8,0x0000000782380000)
 Metaspace       used 22010K, capacity 22588K, committed 22912K, reserved 1069056K
  class space    used 2194K, capacity 2349K, committed 2432K, reserved 1048576K
Event: 8.863 GC heap after
Heap after GC invocations=10 (full 1):
 PSYoungGen      total 43008K, used 3808K [0x00000007aab00000, 0x00000007ae780000, 0x00000007c0000000)
  eden space 35328K, 0% used [0x00000007aab00000,0x00000007aab00000,0x00000007acd80000)
  from space 7680K, 49% used [0x00000007acd80000,0x00000007ad1383c0,0x00000007ad500000)
  to   space 7168K, 0% used [0x00000007ae080000,0x00000007ae080000,0x00000007ae780000)
 ParOldGen       total 36352K, used 8726K [0x0000000780000000, 0x0000000782380000, 0x00000007aab00000)
  object space 36352K, 24% used [0x0000000780000000,0x00000007808859c8,0x0000000782380000)
 Metaspace       used 22010K, capacity 22588K, committed 22912K, reserved 1069056K
  class space    used 2194K, capacity 2349K, committed 2432K, reserved 1048576K
}
Event: 9.869 GC heap before
{Heap before GC invocations=11 (full 1):
 PSYoungGen      total 43008K, used 39136K [0x00000007aab00000, 0x00000007ae780000, 0x00000007c0000000)
  eden space 35328K, 100% used [0x00000007aab00000,0x00000007acd80000,0x00000007acd80000)
  from space 7680K, 49% used [0x00000007acd80000,0x00000007ad1383c0,0x00000007ad500000)
  to   space 7168K, 0% used [0x00000007ae080000,0x00000007ae080000,0x00000007ae780000)
 ParOldGen       total 36352K, used 8726K [0x0000000780000000, 0x0000000782380000, 0x00000007aab00000)
  object space 36352K, 24% used [0x0000000780000000,0x00000007808859c8,0x0000000782380000)
 Metaspace       used 22258K, capacity 22912K, committed 23168K, reserved 1071104K
  class space    used 2194K, capacity 2349K, committed 2432K, reserved 1048576K
Event: 9.873 GC heap after
Heap after GC invocations=11 (full 1):
 PSYoungGen      total 53760K, used 4784K [0x00000007aab00000, 0x00000007ae700000, 0x00000007c0000000)
  eden space 47104K, 0% used [0x00000007aab00000,0x00000007aab00000,0x00000007ad900000)
  from space 6656K, 71% used [0x00000007ae080000,0x00000007ae52c3e0,0x00000007ae700000)
  to   space 7168K, 0% used [0x00000007ad900000,0x00000007ad900000,0x00000007ae000000)
 ParOldGen       total 36352K, used 8750K [0x0000000780000000, 0x0000000782380000, 0x00000007aab00000)
  object space 36352K, 24% used [0x0000000780000000,0x000000078088b9c8,0x0000000782380000)
 Metaspace       used 22258K, capacity 22912K, committed 23168K, reserved 1071104K
  class space    used 2194K, capacity 2349K, committed 2432K, reserved 1048576K
}
Event: 11.281 GC heap before
{Heap before GC invocations=12 (full 1):
 PSYoungGen      total 53760K, used 51888K [0x00000007aab00000, 0x00000007ae700000, 0x00000007c0000000)
  eden space 47104K, 100% used [0x00000007aab00000,0x00000007ad900000,0x00000007ad900000)
  from space 6656K, 71% used [0x00000007ae080000,0x00000007ae52c3e0,0x00000007ae700000)
  to   space 7168K, 0% used [0x00000007ad900000,0x00000007ad900000,0x00000007ae000000)
 ParOldGen       total 36352K, used 8750K [0x0000000780000000, 0x0000000782380000, 0x00000007aab00000)
  object space 36352K, 24% used [0x0000000780000000,0x000000078088b9c8,0x0000000782380000)
 Metaspace       used 22469K, capacity 23104K, committed 23424K, reserved 1071104K
  class space    used 2194K, capacity 2349K, committed 2432K, reserved 1048576K
Event: 11.285 GC heap after
Heap after GC invocations=12 (full 1):
 PSYoungGen      total 54272K, used 1696K [0x00000007aab00000, 0x00000007af480000, 0x00000007c0000000)
  eden space 47104K, 0% used [0x00000007aab00000,0x00000007aab00000,0x00000007ad900000)
  from space 7168K, 23% used [0x00000007ad900000,0x00000007adaa8020,0x00000007ae000000)
  to   space 7168K, 0% used [0x00000007aed80000,0x00000007aed80000,0x00000007af480000)
 ParOldGen       total 36352K, used 11785K [0x0000000780000000, 0x0000000782380000, 0x00000007aab00000)
  object space 36352K, 32% used [0x0000000780000000,0x0000000780b82718,0x0000000782380000)
 Metaspace       used 22469K, capacity 23104K, committed 23424K, reserved 1071104K
  class space    used 2194K, capacity 2349K, committed 2432K, reserved 1048576K
}

