# JRE version: Java(TM) SE Runtime Environment (8.0_40-b26) (build 1.8.0_40-b26)
# Java VM: Java HotSpot(TM) 64-Bit Server VM (25.40-b25 mixed mode bsd-amd64 compressed oops)
Heap:
 PSYoungGen      total 113152K, used 90017K [0x00000007aab00000, 0x00000007b6000000, 0x00000007c0000000)
  eden space 112640K, 79% used [0x00000007aab00000,0x00000007b0290448,0x00000007b1900000)
  from space 512K, 68% used [0x00000007b5f80000,0x00000007b5fd8000,0x00000007b6000000)
  to   space 4096K, 0% used [0x00000007b5800000,0x00000007b5800000,0x00000007b5c00000)
 ParOldGen       total 26624K, used 13684K [0x0000000780000000, 0x0000000781a00000, 0x00000007aab00000)
  object space 26624K, 51% used [0x0000000780000000,0x0000000780d5d0d8,0x0000000781a00000)
 Metaspace       used 23997K, capacity 24706K, committed 24960K, reserved 1071104K
  class space    used 2219K, capacity 2424K, committed 2432K, reserved 1048576K
GC Heap History (10 events):
Event: 124.152 GC heap before
{Heap before GC invocations=33 (full 1):
 PSYoungGen      total 140800K, used 140227K [0x00000007aab00000, 0x00000007b6b00000, 0x00000007c0000000)
  eden space 138752K, 99% used [0x00000007aab00000,0x00000007b3258df0,0x00000007b3280000)
  from space 2048K, 79% used [0x00000007b6380000,0x00000007b6518020,0x00000007b6580000)
  to   space 4608K, 0% used [0x00000007b6680000,0x00000007b6680000,0x00000007b6b00000)
 ParOldGen       total 26624K, used 13588K [0x0000000780000000, 0x0000000781a00000, 0x00000007aab00000)
  object space 26624K, 51% used [0x0000000780000000,0x0000000780d450d8,0x0000000781a00000)
 Metaspace       used 23958K, capacity 24592K, committed 24704K, reserved 1071104K
  class space    used 2210K, capacity 2413K, committed 2432K, reserved 1048576K
Event: 124.155 GC heap after
Heap after GC invocations=33 (full 1):
 PSYoungGen      total 133632K, used 320K [0x00000007aab00000, 0x00000007b6700000, 0x00000007c0000000)
  eden space 133120K, 0% used [0x00000007aab00000,0x00000007aab00000,0x00000007b2d00000)
  from space 512K, 62% used [0x00000007b6680000,0x00000007b66d0000,0x00000007b6700000)
  to   space 4096K, 0% used [0x00000007b5f00000,0x00000007b5f00000,0x00000007b6300000)
 ParOldGen       total 26624K, used 13620K [0x0000000780000000, 0x0000000781a00000, 0x00000007aab00000)
  object space 26624K, 51% used [0x0000000780000000,0x0000000780d4d0d8,0x0000000781a00000)
 Metaspace       used 23958K, capacity 24592K, committed 24704K, reserved 1071104K
  class space    used 2210K, capacity 2413K, committed 2432K, reserved 1048576K
}
Event: 128.196 GC heap before
{Heap before GC invocations=34 (full 1):
 PSYoungGen      total 133632K, used 133440K [0x00000007aab00000, 0x00000007b6700000, 0x00000007c0000000)
  eden space 133120K, 100% used [0x00000007aab00000,0x00000007b2d00000,0x00000007b2d00000)
  from space 512K, 62% used [0x00000007b6680000,0x00000007b66d0000,0x00000007b6700000)
  to   space 4096K, 0% used [0x00000007b5f00000,0x00000007b5f00000,0x00000007b6300000)
 ParOldGen       total 26624K, used 13620K [0x0000000780000000, 0x0000000781a00000, 0x00000007aab00000)
  object space 26624K, 51% used [0x0000000780000000,0x0000000780d4d0d8,0x0000000781a00000)
 Metaspace       used 23958K, capacity 24592K, committed 24704K, reserved 1071104K
  class space    used 2210K, capacity 2413K, committed 2432K, reserved 1048576K
Event: 128.199 GC heap after
Heap after GC invocations=34 (full 1):
 PSYoungGen      total 131584K, used 1632K [0x00000007aab00000, 0x00000007b6700000, 0x00000007c0000000)
  eden space 127488K, 0% used [0x00000007aab00000,0x00000007aab00000,0x00000007b2780000)
  from space 4096K, 39% used [0x00000007b5f00000,0x00000007b6098020,0x00000007b6300000)
  to   space 4096K, 0% used [0x00000007b6300000,0x00000007b6300000,0x00000007b6700000)
 ParOldGen       total 26624K, used 13636K [0x0000000780000000, 0x0000000781a00000, 0x00000007aab00000)
  object space 26624K, 51% used [0x0000000780000000,0x0000000780d510d8,0x0000000781a00000)
 Metaspace       used 23958K, capacity 24592K, committed 24704K, reserved 1071104K
  class space    used 2210K, capacity 2413K, committed 2432K, reserved 1048576K
}
Event: 131.922 GC heap before
{Heap before GC invocations=35 (full 1):
 PSYoungGen      total 131584K, used 129120K [0x00000007aab00000, 0x00000007b6700000, 0x00000007c0000000)
  eden space 127488K, 100% used [0x00000007aab00000,0x00000007b2780000,0x00000007b2780000)
  from space 4096K, 39% used [0x00000007b5f00000,0x00000007b6098020,0x00000007b6300000)
  to   space 4096K, 0% used [0x00000007b6300000,0x00000007b6300000,0x00000007b6700000)
 ParOldGen       total 26624K, used 13636K [0x0000000780000000, 0x0000000781a00000, 0x00000007aab00000)
  object space 26624K, 51% used [0x0000000780000000,0x0000000780d510d8,0x0000000781a00000)
 Metaspace       used 23958K, capacity 24592K, committed 24704K, reserved 1071104K
  class space    used 2210K, capacity 2413K, committed 2432K, reserved 1048576K
Event: 131.925 GC heap after
Heap after GC invocations=35 (full 1):
 PSYoungGen      total 124416K, used 1632K [0x00000007aab00000, 0x00000007b6500000, 0x00000007c0000000)
  eden space 122368K, 0% used [0x00000007aab00000,0x00000007aab00000,0x00000007b2280000)
  from space 2048K, 79% used [0x00000007b6300000,0x00000007b6498020,0x00000007b6500000)
  to   space 4096K, 0% used [0x00000007b5d00000,0x00000007b5d00000,0x00000007b6100000)
 ParOldGen       total 26624K, used 13652K [0x0000000780000000, 0x0000000781a00000, 0x00000007aab00000)
  object space 26624K, 51% used [0x0000000780000000,0x0000000780d550d8,0x0000000781a00000)
 Metaspace       used 23958K, capacity 24592K, committed 24704K, reserved 1071104K
  class space    used 2210K, capacity 2413K, committed 2432K, reserved 1048576K
}
Event: 135.453 GC heap before
{Heap before GC invocations=36 (full 1):
 PSYoungGen      total 124416K, used 124000K [0x00000007aab00000, 0x00000007b6500000, 0x00000007c0000000)
  eden space 122368K, 100% used [0x00000007aab00000,0x00000007b2280000,0x00000007b2280000)
  from space 2048K, 79% used [0x00000007b6300000,0x00000007b6498020,0x00000007b6500000)
  to   space 4096K, 0% used [0x00000007b5d00000,0x00000007b5d00000,0x00000007b6100000)
 ParOldGen       total 26624K, used 13652K [0x0000000780000000, 0x0000000781a00000, 0x00000007aab00000)
  object space 26624K, 51% used [0x0000000780000000,0x0000000780d550d8,0x0000000781a00000)
 Metaspace       used 23958K, capacity 24592K, committed 24704K, reserved 1071104K
  class space    used 2210K, capacity 2413K, committed 2432K, reserved 1048576K
Event: 135.455 GC heap after
Heap after GC invocations=36 (full 1):
 PSYoungGen      total 119296K, used 1632K [0x00000007aab00000, 0x00000007b6380000, 0x00000007c0000000)
  eden space 117248K, 0% used [0x00000007aab00000,0x00000007aab00000,0x00000007b1d80000)
  from space 2048K, 79% used [0x00000007b5d00000,0x00000007b5e98020,0x00000007b5f00000)
  to   space 4096K, 0% used [0x00000007b5f80000,0x00000007b5f80000,0x00000007b6380000)
 ParOldGen       total 26624K, used 13668K [0x0000000780000000, 0x0000000781a00000, 0x00000007aab00000)
  object space 26624K, 51% used [0x0000000780000000,0x0000000780d590d8,0x0000000781a00000)
 Metaspace       used 23958K, capacity 24592K, committed 24704K, reserved 1071104K
  class space    used 2210K, capacity 2413K, committed 2432K, reserved 1048576K
}
Event: 138.798 GC heap before
{Heap before GC invocations=37 (full 1):
 PSYoungGen      total 119296K, used 118880K [0x00000007aab00000, 0x00000007b6380000, 0x00000007c0000000)
  eden space 117248K, 100% used [0x00000007aab00000,0x00000007b1d80000,0x00000007b1d80000)
  from space 2048K, 79% used [0x00000007b5d00000,0x00000007b5e98020,0x00000007b5f00000)
  to   space 4096K, 0% used [0x00000007b5f80000,0x00000007b5f80000,0x00000007b6380000)
 ParOldGen       total 26624K, used 13668K [0x0000000780000000, 0x0000000781a00000, 0x00000007aab00000)
  object space 26624K, 51% used [0x0000000780000000,0x0000000780d590d8,0x0000000781a00000)
 Metaspace       used 23958K, capacity 24592K, committed 24704K, reserved 1071104K
  class space    used 2210K, capacity 2413K, committed 2432K, reserved 1048576K
Event: 138.801 GC heap after
Heap after GC invocations=37 (full 1):
 PSYoungGen      total 113152K, used 352K [0x00000007aab00000, 0x00000007b6000000, 0x00000007c0000000)
  eden space 112640K, 0% used [0x00000007aab00000,0x00000007aab00000,0x00000007b1900000)
  from space 512K, 68% used [0x00000007b5f80000,0x00000007b5fd8000,0x00000007b6000000)
  to   space 4096K, 0% used [0x00000007b5800000,0x00000007b5800000,0x00000007b5c00000)
 ParOldGen       total 26624K, used 13684K [0x0000000780000000, 0x0000000781a00000, 0x00000007aab00000)
  object space 26624K, 51% used [0x0000000780000000,0x0000000780d5d0d8,0x0000000781a00000)
 Metaspace       used 23958K, capacity 24592K, committed 24704K, reserved 1071104K
  class space    used 2210K, capacity 2413K, committed 2432K, reserved 1048576K
}

