# JRE version: Java(TM) SE Runtime Environment (8.0_40-b26) (build 1.8.0_40-b26)
# Java VM: Java HotSpot(TM) 64-Bit Server VM (25.40-b25 mixed mode bsd-amd64 compressed oops)
Heap:
 PSYoungGen      total 73216K, used 54427K [0x00000007aab00000, 0x00000007afa00000, 0x00000007c0000000)
  eden space 68608K, 72% used [0x00000007aab00000,0x00000007adbaebc8,0x00000007aee00000)
  from space 4608K, 99% used [0x00000007af580000,0x00000007af9f83d0,0x00000007afa00000)
  to   space 6144K, 0% used [0x00000007aee00000,0x00000007aee00000,0x00000007af400000)
 ParOldGen       total 34304K, used 10313K [0x0000000780000000, 0x0000000782180000, 0x00000007aab00000)
  object space 34304K, 30% used [0x0000000780000000,0x0000000780a12460,0x0000000782180000)
 Metaspace       used 23203K, capacity 23902K, committed 24192K, reserved 1071104K
  class space    used 2203K, capacity 2392K, committed 2432K, reserved 1048576K
GC Heap History (10 events):
Event: 8.620 GC heap before
{Heap before GC invocations=11 (full 1):
 PSYoungGen      total 44032K, used 41648K [0x00000007aab00000, 0x00000007ae780000, 0x00000007c0000000)
  eden space 37376K, 100% used [0x00000007aab00000,0x00000007acf80000,0x00000007acf80000)
  from space 6656K, 64% used [0x00000007acf80000,0x00000007ad3ac3e0,0x00000007ad600000)
  to   space 6656K, 0% used [0x00000007ae100000,0x00000007ae100000,0x00000007ae780000)
 ParOldGen       total 34304K, used 10273K [0x0000000780000000, 0x0000000782180000, 0x00000007aab00000)
  object space 34304K, 29% used [0x0000000780000000,0x0000000780a08460,0x0000000782180000)
 Metaspace       used 22207K, capacity 22876K, committed 23168K, reserved 1071104K
  class space    used 2196K, capacity 2381K, committed 2432K, reserved 1048576K
Event: 8.625 GC heap after
Heap after GC invocations=11 (full 1):
 PSYoungGen      total 53248K, used 4400K [0x00000007aab00000, 0x00000007ae680000, 0x00000007c0000000)
  eden space 47616K, 0% used [0x00000007aab00000,0x00000007aab00000,0x00000007ad980000)
  from space 5632K, 78% used [0x00000007ae100000,0x00000007ae54c3e0,0x00000007ae680000)
  to   space 6656K, 0% used [0x00000007ad980000,0x00000007ad980000,0x00000007ae000000)
 ParOldGen       total 34304K, used 10281K [0x0000000780000000, 0x0000000782180000, 0x00000007aab00000)
  object space 34304K, 29% used [0x0000000780000000,0x0000000780a0a460,0x0000000782180000)
 Metaspace       used 22207K, capacity 22876K, committed 23168K, reserved 1071104K
  class space    used 2196K, capacity 2381K, committed 2432K, reserved 1048576K
}
Event: 10.029 GC heap before
{Heap before GC invocations=12 (full 1):
 PSYoungGen      total 53248K, used 52016K [0x00000007aab00000, 0x00000007ae680000, 0x00000007c0000000)
  eden space 47616K, 100% used [0x00000007aab00000,0x00000007ad980000,0x00000007ad980000)
  from space 5632K, 78% used [0x00000007ae100000,0x00000007ae54c3e0,0x00000007ae680000)
  to   space 6656K, 0% used [0x00000007ad980000,0x00000007ad980000,0x00000007ae000000)
 ParOldGen       total 34304K, used 10281K [0x0000000780000000, 0x0000000782180000, 0x00000007aab00000)
  object space 34304K, 29% used [0x0000000780000000,0x0000000780a0a460,0x0000000782180000)
 Metaspace       used 22485K, capacity 23132K, committed 23424K, reserved 1071104K
  class space    used 2196K, capacity 2381K, committed 2432K, reserved 1048576K
Event: 10.034 GC heap after
Heap after GC invocations=12 (full 1):
 PSYoungGen      total 54272K, used 4224K [0x00000007aab00000, 0x00000007af200000, 0x00000007c0000000)
  eden space 47616K, 0% used [0x00000007aab00000,0x00000007aab00000,0x00000007ad980000)
  from space 6656K, 63% used [0x00000007ad980000,0x00000007adda03d0,0x00000007ae000000)
  to   space 6656K, 0% used [0x00000007aeb80000,0x00000007aeb80000,0x00000007af200000)
 ParOldGen       total 34304K, used 10289K [0x0000000780000000, 0x0000000782180000, 0x00000007aab00000)
  object space 34304K, 29% used [0x0000000780000000,0x0000000780a0c460,0x0000000782180000)
 Metaspace       used 22485K, capacity 23132K, committed 23424K, reserved 1071104K
  class space    used 2196K, capacity 2381K, committed 2432K, reserved 1048576K
}
Event: 11.391 GC heap before
{Heap before GC invocations=13 (full 1):
 PSYoungGen      total 54272K, used 51840K [0x00000007aab00000, 0x00000007af200000, 0x00000007c0000000)
  eden space 47616K, 100% used [0x00000007aab00000,0x00000007ad980000,0x00000007ad980000)
  from space 6656K, 63% used [0x00000007ad980000,0x00000007adda03d0,0x00000007ae000000)
  to   space 6656K, 0% used [0x00000007aeb80000,0x00000007aeb80000,0x00000007af200000)
 ParOldGen       total 34304K, used 10289K [0x0000000780000000, 0x0000000782180000, 0x00000007aab00000)
  object space 34304K, 29% used [0x0000000780000000,0x0000000780a0c460,0x0000000782180000)
 Metaspace       used 22628K, capacity 23324K, committed 23424K, reserved 1071104K
  class space    used 2196K, capacity 2381K, committed 2432K, reserved 1048576K
Event: 11.395 GC heap after
Heap after GC invocations=13 (full 1):
 PSYoungGen      total 62976K, used 3280K [0x00000007aab00000, 0x00000007af000000, 0x00000007c0000000)
  eden space 58368K, 0% used [0x00000007aab00000,0x00000007aab00000,0x00000007ae400000)
  from space 4608K, 71% used [0x00000007aeb80000,0x00000007aeeb43c0,0x00000007af000000)
  to   space 6144K, 0% used [0x00000007ae400000,0x00000007ae400000,0x00000007aea00000)
 ParOldGen       total 34304K, used 10297K [0x0000000780000000, 0x0000000782180000, 0x00000007aab00000)
  object space 34304K, 30% used [0x0000000780000000,0x0000000780a0e460,0x0000000782180000)
 Metaspace       used 22628K, capacity 23324K, committed 23424K, reserved 1071104K
  class space    used 2196K, capacity 2381K, committed 2432K, reserved 1048576K
}
Event: 13.106 GC heap before
{Heap before GC invocations=14 (full 1):
 PSYoungGen      total 62976K, used 61648K [0x00000007aab00000, 0x00000007af000000, 0x00000007c0000000)
  eden space 58368K, 100% used [0x00000007aab00000,0x00000007ae400000,0x00000007ae400000)
  from space 4608K, 71% used [0x00000007aeb80000,0x00000007aeeb43c0,0x00000007af000000)
  to   space 6144K, 0% used [0x00000007ae400000,0x00000007ae400000,0x00000007aea00000)
 ParOldGen       total 34304K, used 10297K [0x0000000780000000, 0x0000000782180000, 0x00000007aab00000)
  object space 34304K, 30% used [0x0000000780000000,0x0000000780a0e460,0x0000000782180000)
 Metaspace       used 22873K, capacity 23532K, committed 23680K, reserved 1071104K
  class space    used 2196K, capacity 2381K, committed 2432K, reserved 1048576K
Event: 13.109 GC heap after
Heap after GC invocations=14 (full 1):
 PSYoungGen      total 64512K, used 3280K [0x00000007aab00000, 0x00000007afb80000, 0x00000007c0000000)
  eden space 58368K, 0% used [0x00000007aab00000,0x00000007aab00000,0x00000007ae400000)
  from space 6144K, 53% used [0x00000007ae400000,0x00000007ae7343c0,0x00000007aea00000)
  to   space 6144K, 0% used [0x00000007af580000,0x00000007af580000,0x00000007afb80000)
 ParOldGen       total 34304K, used 10305K [0x0000000780000000, 0x0000000782180000, 0x00000007aab00000)
  object space 34304K, 30% used [0x0000000780000000,0x0000000780a10460,0x0000000782180000)
 Metaspace       used 22873K, capacity 23532K, committed 23680K, reserved 1071104K
  class space    used 2196K, capacity 2381K, committed 2432K, reserved 1048576K
}
Event: 14.881 GC heap before
{Heap before GC invocations=15 (full 1):
 PSYoungGen      total 64512K, used 61648K [0x00000007aab00000, 0x00000007afb80000, 0x00000007c0000000)
  eden space 58368K, 100% used [0x00000007aab00000,0x00000007ae400000,0x00000007ae400000)
  from space 6144K, 53% used [0x00000007ae400000,0x00000007ae7343c0,0x00000007aea00000)
  to   space 6144K, 0% used [0x00000007af580000,0x00000007af580000,0x00000007afb80000)
 ParOldGen       total 34304K, used 10305K [0x0000000780000000, 0x0000000782180000, 0x00000007aab00000)
  object space 34304K, 30% used [0x0000000780000000,0x0000000780a10460,0x0000000782180000)
 Metaspace       used 23107K, capacity 23724K, committed 23936K, reserved 1071104K
  class space    used 2196K, capacity 2381K, committed 2432K, reserved 1048576K
Event: 14.886 GC heap after
Heap after GC invocations=15 (full 1):
 PSYoungGen      total 73216K, used 4576K [0x00000007aab00000, 0x00000007afa00000, 0x00000007c0000000)
  eden space 68608K, 0% used [0x00000007aab00000,0x00000007aab00000,0x00000007aee00000)
  from space 4608K, 99% used [0x00000007af580000,0x00000007af9f83d0,0x00000007afa00000)
  to   space 6144K, 0% used [0x00000007aee00000,0x00000007aee00000,0x00000007af400000)
 ParOldGen       total 34304K, used 10313K [0x0000000780000000, 0x0000000782180000, 0x00000007aab00000)
  object space 34304K, 30% used [0x0000000780000000,0x0000000780a12460,0x0000000782180000)
 Metaspace       used 23107K, capacity 23724K, committed 23936K, reserved 1071104K
  class space    used 2196K, capacity 2381K, committed 2432K, reserved 1048576K
}

