# JRE version: Java(TM) SE Runtime Environment (8.0_40-b26) (build 1.8.0_40-b26)
# Java VM: Java HotSpot(TM) 64-Bit Server VM (25.40-b25 mixed mode bsd-amd64 compressed oops)
Heap:
 PSYoungGen      total 30208K, used 20134K [0x00000007aab00000, 0x00000007acf80000, 0x00000007c0000000)
  eden space 24064K, 63% used [0x00000007aab00000,0x00000007aba01030,0x00000007ac280000)
  from space 6144K, 77% used [0x00000007ac980000,0x00000007ace289f8,0x00000007acf80000)
  to   space 6656K, 0% used [0x00000007ac280000,0x00000007ac280000,0x00000007ac900000)
 ParOldGen       total 35840K, used 10787K [0x0000000780000000, 0x0000000782300000, 0x00000007aab00000)
  object space 35840K, 30% used [0x0000000780000000,0x0000000780a88ee8,0x0000000782300000)
 Metaspace       used 22615K, capacity 23304K, committed 23472K, reserved 1071104K
  class space    used 2246K, capacity 2467K, committed 2480K, reserved 1048576K
GC Heap History (10 events):
Event: 6.998 GC heap before
{Heap before GC invocations=5 (full 1):
 PSYoungGen      total 18944K, used 16384K [0x00000007aab00000, 0x00000007ac000000, 0x00000007c0000000)
  eden space 16384K, 100% used [0x00000007aab00000,0x00000007abb00000,0x00000007abb00000)
  from space 2560K, 0% used [0x00000007abb00000,0x00000007abb00000,0x00000007abd80000)
  to   space 2560K, 0% used [0x00000007abd80000,0x00000007abd80000,0x00000007ac000000)
 ParOldGen       total 35840K, used 5994K [0x0000000780000000, 0x0000000782300000, 0x00000007aab00000)
  object space 35840K, 16% used [0x0000000780000000,0x00000007805da9b0,0x0000000782300000)
 Metaspace       used 21203K, capacity 21834K, committed 22192K, reserved 1069056K
  class space    used 2211K, capacity 2378K, committed 2480K, reserved 1048576K
Event: 7.003 GC heap after
Heap after GC invocations=5 (full 1):
 PSYoungGen      total 18944K, used 2530K [0x00000007aab00000, 0x00000007ac580000, 0x00000007c0000000)
  eden space 16384K, 0% used [0x00000007aab00000,0x00000007aab00000,0x00000007abb00000)
  from space 2560K, 98% used [0x00000007abd80000,0x00000007abff89c8,0x00000007ac000000)
  to   space 2560K, 0% used [0x00000007abb00000,0x00000007abb00000,0x00000007abd80000)
 ParOldGen       total 35840K, used 9867K [0x0000000780000000, 0x0000000782300000, 0x00000007aab00000)
  object space 35840K, 27% used [0x0000000780000000,0x00000007809a2dd8,0x0000000782300000)
 Metaspace       used 21203K, capacity 21834K, committed 22192K, reserved 1069056K
  class space    used 2211K, capacity 2378K, committed 2480K, reserved 1048576K
}
Event: 11.955 GC heap before
{Heap before GC invocations=6 (full 1):
 PSYoungGen      total 18944K, used 18914K [0x00000007aab00000, 0x00000007ac580000, 0x00000007c0000000)
  eden space 16384K, 100% used [0x00000007aab00000,0x00000007abb00000,0x00000007abb00000)
  from space 2560K, 98% used [0x00000007abd80000,0x00000007abff89c8,0x00000007ac000000)
  to   space 2560K, 0% used [0x00000007abb00000,0x00000007abb00000,0x00000007abd80000)
 ParOldGen       total 35840K, used 9867K [0x0000000780000000, 0x0000000782300000, 0x00000007aab00000)
  object space 35840K, 27% used [0x0000000780000000,0x00000007809a2dd8,0x0000000782300000)
 Metaspace       used 21637K, capacity 22292K, committed 22704K, reserved 1069056K
  class space    used 2219K, capacity 2379K, committed 2480K, reserved 1048576K
Event: 11.959 GC heap after
Heap after GC invocations=6 (full 1):
 PSYoungGen      total 18944K, used 2530K [0x00000007aab00000, 0x00000007acd80000, 0x00000007c0000000)
  eden space 16384K, 0% used [0x00000007aab00000,0x00000007aab00000,0x00000007abb00000)
  from space 2560K, 98% used [0x00000007abb00000,0x00000007abd789c8,0x00000007abd80000)
  to   space 7168K, 0% used [0x00000007ac680000,0x00000007ac680000,0x00000007acd80000)
 ParOldGen       total 35840K, used 10763K [0x0000000780000000, 0x0000000782300000, 0x00000007aab00000)
  object space 35840K, 30% used [0x0000000780000000,0x0000000780a82ee8,0x0000000782300000)
 Metaspace       used 21637K, capacity 22292K, committed 22704K, reserved 1069056K
  class space    used 2219K, capacity 2379K, committed 2480K, reserved 1048576K
}
Event: 15.984 GC heap before
{Heap before GC invocations=7 (full 1):
 PSYoungGen      total 18944K, used 18914K [0x00000007aab00000, 0x00000007acd80000, 0x00000007c0000000)
  eden space 16384K, 100% used [0x00000007aab00000,0x00000007abb00000,0x00000007abb00000)
  from space 2560K, 98% used [0x00000007abb00000,0x00000007abd789c8,0x00000007abd80000)
  to   space 7168K, 0% used [0x00000007ac680000,0x00000007ac680000,0x00000007acd80000)
 ParOldGen       total 35840K, used 10763K [0x0000000780000000, 0x0000000782300000, 0x00000007aab00000)
  object space 35840K, 30% used [0x0000000780000000,0x0000000780a82ee8,0x0000000782300000)
 Metaspace       used 21885K, capacity 22488K, committed 22704K, reserved 1069056K
  class space    used 2219K, capacity 2379K, committed 2480K, reserved 1048576K
Event: 15.987 GC heap after
Heap after GC invocations=7 (full 1):
 PSYoungGen      total 26112K, used 4642K [0x00000007aab00000, 0x00000007acc00000, 0x00000007c0000000)
  eden space 20480K, 0% used [0x00000007aab00000,0x00000007aab00000,0x00000007abf00000)
  from space 5632K, 82% used [0x00000007ac680000,0x00000007acb089e8,0x00000007acc00000)
  to   space 6656K, 0% used [0x00000007abf00000,0x00000007abf00000,0x00000007ac580000)
 ParOldGen       total 35840K, used 10771K [0x0000000780000000, 0x0000000782300000, 0x00000007aab00000)
  object space 35840K, 30% used [0x0000000780000000,0x0000000780a84ee8,0x0000000782300000)
 Metaspace       used 21885K, capacity 22488K, committed 22704K, reserved 1069056K
  class space    used 2219K, capacity 2379K, committed 2480K, reserved 1048576K
}
Event: 21.968 GC heap before
{Heap before GC invocations=8 (full 1):
 PSYoungGen      total 26112K, used 25122K [0x00000007aab00000, 0x00000007acc00000, 0x00000007c0000000)
  eden space 20480K, 100% used [0x00000007aab00000,0x00000007abf00000,0x00000007abf00000)
  from space 5632K, 82% used [0x00000007ac680000,0x00000007acb089e8,0x00000007acc00000)
  to   space 6656K, 0% used [0x00000007abf00000,0x00000007abf00000,0x00000007ac580000)
 ParOldGen       total 35840K, used 10771K [0x0000000780000000, 0x0000000782300000, 0x00000007aab00000)
  object space 35840K, 30% used [0x0000000780000000,0x0000000780a84ee8,0x0000000782300000)
 Metaspace       used 22364K, capacity 23122K, committed 23472K, reserved 1071104K
  class space    used 2239K, capacity 2456K, committed 2480K, reserved 1048576K
Event: 21.972 GC heap after
Heap after GC invocations=8 (full 1):
 PSYoungGen      total 27136K, used 3490K [0x00000007aab00000, 0x00000007ad000000, 0x00000007c0000000)
  eden space 20480K, 0% used [0x00000007aab00000,0x00000007aab00000,0x00000007abf00000)
  from space 6656K, 52% used [0x00000007abf00000,0x00000007ac2689d8,0x00000007ac580000)
  to   space 6656K, 0% used [0x00000007ac980000,0x00000007ac980000,0x00000007ad000000)
 ParOldGen       total 35840K, used 10779K [0x0000000780000000, 0x0000000782300000, 0x00000007aab00000)
  object space 35840K, 30% used [0x0000000780000000,0x0000000780a86ee8,0x0000000782300000)
 Metaspace       used 22364K, capacity 23122K, committed 23472K, reserved 1071104K
  class space    used 2239K, capacity 2456K, committed 2480K, reserved 1048576K
}
Event: 27.002 GC heap before
{Heap before GC invocations=9 (full 1):
 PSYoungGen      total 27136K, used 23970K [0x00000007aab00000, 0x00000007ad000000, 0x00000007c0000000)
  eden space 20480K, 100% used [0x00000007aab00000,0x00000007abf00000,0x00000007abf00000)
  from space 6656K, 52% used [0x00000007abf00000,0x00000007ac2689d8,0x00000007ac580000)
  to   space 6656K, 0% used [0x00000007ac980000,0x00000007ac980000,0x00000007ad000000)
 ParOldGen       total 35840K, used 10779K [0x0000000780000000, 0x0000000782300000, 0x00000007aab00000)
  object space 35840K, 30% used [0x0000000780000000,0x0000000780a86ee8,0x0000000782300000)
 Metaspace       used 22506K, capacity 23254K, committed 23472K, reserved 1071104K
  class space    used 2240K, capacity 2456K, committed 2480K, reserved 1048576K
Event: 27.005 GC heap after
Heap after GC invocations=9 (full 1):
 PSYoungGen      total 30208K, used 4770K [0x00000007aab00000, 0x00000007acf80000, 0x00000007c0000000)
  eden space 24064K, 0% used [0x00000007aab00000,0x00000007aab00000,0x00000007ac280000)
  from space 6144K, 77% used [0x00000007ac980000,0x00000007ace289f8,0x00000007acf80000)
  to   space 6656K, 0% used [0x00000007ac280000,0x00000007ac280000,0x00000007ac900000)
 ParOldGen       total 35840K, used 10787K [0x0000000780000000, 0x0000000782300000, 0x00000007aab00000)
  object space 35840K, 30% used [0x0000000780000000,0x0000000780a88ee8,0x0000000782300000)
 Metaspace       used 22506K, capacity 23254K, committed 23472K, reserved 1071104K
  class space    used 2240K, capacity 2456K, committed 2480K, reserved 1048576K
}

