# JRE version: Java(TM) SE Runtime Environment (8.0_40-b26) (build 1.8.0_40-b26)
# Java VM: Java HotSpot(TM) 64-Bit Server VM (25.40-b25 mixed mode bsd-amd64 compressed oops)
Heap:
 PSYoungGen      total 75776K, used 62833K [0x00000007aab00000, 0x00000007b1200000, 0x00000007c0000000)
  eden space 67584K, 90% used [0x00000007aab00000,0x00000007ae6e4538,0x00000007aed00000)
  from space 8192K, 18% used [0x00000007aed00000,0x00000007aee78020,0x00000007af500000)
  to   space 7680K, 0% used [0x00000007b0a80000,0x00000007b0a80000,0x00000007b1200000)
 ParOldGen       total 28160K, used 11947K [0x0000000780000000, 0x0000000781b80000, 0x00000007aab00000)
  object space 28160K, 42% used [0x0000000780000000,0x0000000780baac58,0x0000000781b80000)
 Metaspace       used 22845K, capacity 23570K, committed 23680K, reserved 1071104K
  class space    used 2204K, capacity 2390K, committed 2432K, reserved 1048576K
GC Heap History (10 events):
Event: 6.519 GC heap before
{Heap before GC invocations=8 (full 1):
 PSYoungGen      total 34304K, used 29556K [0x00000007aab00000, 0x00000007ad280000, 0x00000007c0000000)
  eden space 29184K, 93% used [0x00000007aab00000,0x00000007ac59d180,0x00000007ac780000)
  from space 5120K, 44% used [0x00000007acd80000,0x00000007acfbfff0,0x00000007ad280000)
  to   space 5632K, 0% used [0x00000007ac780000,0x00000007ac780000,0x00000007acd00000)
 ParOldGen       total 28160K, used 5809K [0x0000000780000000, 0x0000000781b80000, 0x00000007aab00000)
  object space 28160K, 20% used [0x0000000780000000,0x00000007805ac518,0x0000000781b80000)
 Metaspace       used 21218K, capacity 21858K, committed 22144K, reserved 1069056K
  class space    used 2183K, capacity 2344K, committed 2432K, reserved 1048576K
Event: 6.525 GC heap after
Heap after GC invocations=8 (full 1):
 PSYoungGen      total 34816K, used 4480K [0x00000007aab00000, 0x00000007ae900000, 0x00000007c0000000)
  eden space 29184K, 0% used [0x00000007aab00000,0x00000007aab00000,0x00000007ac780000)
  from space 5632K, 79% used [0x00000007ac780000,0x00000007acbe03d0,0x00000007acd00000)
  to   space 6144K, 0% used [0x00000007ae300000,0x00000007ae300000,0x00000007ae900000)
 ParOldGen       total 28160K, used 5817K [0x0000000780000000, 0x0000000781b80000, 0x00000007aab00000)
  object space 28160K, 20% used [0x0000000780000000,0x00000007805ae518,0x0000000781b80000)
 Metaspace       used 21218K, capacity 21858K, committed 22144K, reserved 1069056K
  class space    used 2183K, capacity 2344K, committed 2432K, reserved 1048576K
}
Event: 7.239 GC heap before
{Heap before GC invocations=9 (full 1):
 PSYoungGen      total 34816K, used 33664K [0x00000007aab00000, 0x00000007ae900000, 0x00000007c0000000)
  eden space 29184K, 100% used [0x00000007aab00000,0x00000007ac780000,0x00000007ac780000)
  from space 5632K, 79% used [0x00000007ac780000,0x00000007acbe03d0,0x00000007acd00000)
  to   space 6144K, 0% used [0x00000007ae300000,0x00000007ae300000,0x00000007ae900000)
 ParOldGen       total 28160K, used 5817K [0x0000000780000000, 0x0000000781b80000, 0x00000007aab00000)
  object space 28160K, 20% used [0x0000000780000000,0x00000007805ae518,0x0000000781b80000)
 Metaspace       used 21681K, capacity 22352K, committed 22656K, reserved 1069056K
  class space    used 2196K, capacity 2379K, committed 2432K, reserved 1048576K
Event: 7.247 GC heap after
Heap after GC invocations=9 (full 1):
 PSYoungGen      total 55296K, used 6112K [0x00000007aab00000, 0x00000007aec00000, 0x00000007c0000000)
  eden space 49152K, 0% used [0x00000007aab00000,0x00000007aab00000,0x00000007adb00000)
  from space 6144K, 99% used [0x00000007ae300000,0x00000007ae8f83d0,0x00000007ae900000)
  to   space 8192K, 0% used [0x00000007adb00000,0x00000007adb00000,0x00000007ae300000)
 ParOldGen       total 28160K, used 8233K [0x0000000780000000, 0x0000000781b80000, 0x00000007aab00000)
  object space 28160K, 29% used [0x0000000780000000,0x000000078080a538,0x0000000781b80000)
 Metaspace       used 21681K, capacity 22352K, committed 22656K, reserved 1069056K
  class space    used 2196K, capacity 2379K, committed 2432K, reserved 1048576K
}
Event: 8.722 GC heap before
{Heap before GC invocations=10 (full 1):
 PSYoungGen      total 55296K, used 55264K [0x00000007aab00000, 0x00000007aec00000, 0x00000007c0000000)
  eden space 49152K, 100% used [0x00000007aab00000,0x00000007adb00000,0x00000007adb00000)
  from space 6144K, 99% used [0x00000007ae300000,0x00000007ae8f83d0,0x00000007ae900000)
  to   space 8192K, 0% used [0x00000007adb00000,0x00000007adb00000,0x00000007ae300000)
 ParOldGen       total 28160K, used 8233K [0x0000000780000000, 0x0000000781b80000, 0x00000007aab00000)
  object space 28160K, 29% used [0x0000000780000000,0x000000078080a538,0x0000000781b80000)
 Metaspace       used 22022K, capacity 22672K, committed 22912K, reserved 1069056K
  class space    used 2196K, capacity 2379K, committed 2432K, reserved 1048576K
Event: 8.727 GC heap after
Heap after GC invocations=10 (full 1):
 PSYoungGen      total 57344K, used 4608K [0x00000007aab00000, 0x00000007afd80000, 0x00000007c0000000)
  eden space 49152K, 0% used [0x00000007aab00000,0x00000007aab00000,0x00000007adb00000)
  from space 8192K, 56% used [0x00000007adb00000,0x00000007adf803d0,0x00000007ae300000)
  to   space 7680K, 0% used [0x00000007af600000,0x00000007af600000,0x00000007afd80000)
 ParOldGen       total 28160K, used 8283K [0x0000000780000000, 0x0000000781b80000, 0x00000007aab00000)
  object space 28160K, 29% used [0x0000000780000000,0x0000000780816ec8,0x0000000781b80000)
 Metaspace       used 22022K, capacity 22672K, committed 22912K, reserved 1069056K
  class space    used 2196K, capacity 2379K, committed 2432K, reserved 1048576K
}
Event: 10.146 GC heap before
{Heap before GC invocations=11 (full 1):
 PSYoungGen      total 57344K, used 53760K [0x00000007aab00000, 0x00000007afd80000, 0x00000007c0000000)
  eden space 49152K, 100% used [0x00000007aab00000,0x00000007adb00000,0x00000007adb00000)
  from space 8192K, 56% used [0x00000007adb00000,0x00000007adf803d0,0x00000007ae300000)
  to   space 7680K, 0% used [0x00000007af600000,0x00000007af600000,0x00000007afd80000)
 ParOldGen       total 28160K, used 8283K [0x0000000780000000, 0x0000000781b80000, 0x00000007aab00000)
  object space 28160K, 29% used [0x0000000780000000,0x0000000780816ec8,0x0000000781b80000)
 Metaspace       used 22338K, capacity 23060K, committed 23168K, reserved 1071104K
  class space    used 2196K, capacity 2379K, committed 2432K, reserved 1048576K
Event: 10.152 GC heap after
Heap after GC invocations=11 (full 1):
 PSYoungGen      total 74752K, used 1504K [0x00000007aab00000, 0x00000007afd00000, 0x00000007c0000000)
  eden space 67584K, 0% used [0x00000007aab00000,0x00000007aab00000,0x00000007aed00000)
  from space 7168K, 20% used [0x00000007af600000,0x00000007af778020,0x00000007afd00000)
  to   space 8192K, 0% used [0x00000007aed00000,0x00000007aed00000,0x00000007af500000)
 ParOldGen       total 28160K, used 11883K [0x0000000780000000, 0x0000000781b80000, 0x00000007aab00000)
  object space 28160K, 42% used [0x0000000780000000,0x0000000780b9ac58,0x0000000781b80000)
 Metaspace       used 22338K, capacity 23060K, committed 23168K, reserved 1071104K
  class space    used 2196K, capacity 2379K, committed 2432K, reserved 1048576K
}
Event: 12.165 GC heap before
{Heap before GC invocations=12 (full 1):
 PSYoungGen      total 74752K, used 69088K [0x00000007aab00000, 0x00000007afd00000, 0x00000007c0000000)
  eden space 67584K, 100% used [0x00000007aab00000,0x00000007aed00000,0x00000007aed00000)
  from space 7168K, 20% used [0x00000007af600000,0x00000007af778020,0x00000007afd00000)
  to   space 8192K, 0% used [0x00000007aed00000,0x00000007aed00000,0x00000007af500000)
 ParOldGen       total 28160K, used 11883K [0x0000000780000000, 0x0000000781b80000, 0x00000007aab00000)
  object space 28160K, 42% used [0x0000000780000000,0x0000000780b9ac58,0x0000000781b80000)
 Metaspace       used 22596K, capacity 23260K, committed 23424K, reserved 1071104K
  class space    used 2196K, capacity 2379K, committed 2432K, reserved 1048576K
Event: 12.167 GC heap after
Heap after GC invocations=12 (full 1):
 PSYoungGen      total 75776K, used 1504K [0x00000007aab00000, 0x00000007b1200000, 0x00000007c0000000)
  eden space 67584K, 0% used [0x00000007aab00000,0x00000007aab00000,0x00000007aed00000)
  from space 8192K, 18% used [0x00000007aed00000,0x00000007aee78020,0x00000007af500000)
  to   space 7680K, 0% used [0x00000007b0a80000,0x00000007b0a80000,0x00000007b1200000)
 ParOldGen       total 28160K, used 11947K [0x0000000780000000, 0x0000000781b80000, 0x00000007aab00000)
  object space 28160K, 42% used [0x0000000780000000,0x0000000780baac58,0x0000000781b80000)
 Metaspace       used 22596K, capacity 23260K, committed 23424K, reserved 1071104K
  class space    used 2196K, capacity 2379K, committed 2432K, reserved 1048576K
}

