# JRE version: Java(TM) SE Runtime Environment (8.0_40-b26) (build 1.8.0_40-b26)
# Java VM: Java HotSpot(TM) 64-Bit Server VM (25.40-b25 mixed mode bsd-amd64 compressed oops)
Heap:
 PSYoungGen      total 73216K, used 34622K [0x00000007aab00000, 0x00000007afe00000, 0x00000007c0000000)
  eden space 66048K, 47% used [0x00000007aab00000,0x00000007ac9cff28,0x00000007aeb80000)
  from space 7168K, 42% used [0x00000007aeb80000,0x00000007aee7f948,0x00000007af280000)
  to   space 6656K, 0% used [0x00000007af780000,0x00000007af780000,0x00000007afe00000)
 ParOldGen       total 34304K, used 8449K [0x0000000780000000, 0x0000000782180000, 0x00000007aab00000)
  object space 34304K, 24% used [0x0000000780000000,0x0000000780840640,0x0000000782180000)
 Metaspace       used 23618K, capacity 24414K, committed 24448K, reserved 1071104K
  class space    used 2216K, capacity 2432K, committed 2432K, reserved 1048576K
GC Heap History (10 events):
Event: 10.695 GC heap before
{Heap before GC invocations=14 (full 1):
 PSYoungGen      total 56320K, used 53290K [0x00000007aab00000, 0x00000007aea00000, 0x00000007c0000000)
  eden space 49152K, 99% used [0x00000007aab00000,0x00000007adad7220,0x00000007adb00000)
  from space 7168K, 60% used [0x00000007ae300000,0x00000007ae733958,0x00000007aea00000)
  to   space 7680K, 0% used [0x00000007adb00000,0x00000007adb00000,0x00000007ae280000)
 ParOldGen       total 34304K, used 8409K [0x0000000780000000, 0x0000000782180000, 0x00000007aab00000)
  object space 34304K, 24% used [0x0000000780000000,0x0000000780836640,0x0000000782180000)
 Metaspace       used 22969K, capacity 23644K, committed 23680K, reserved 1071104K
  class space    used 2209K, capacity 2421K, committed 2432K, reserved 1048576K
Event: 10.697 GC heap after
Heap after GC invocations=14 (full 1):
 PSYoungGen      total 56832K, used 3054K [0x00000007aab00000, 0x00000007af180000, 0x00000007c0000000)
  eden space 49152K, 0% used [0x00000007aab00000,0x00000007aab00000,0x00000007adb00000)
  from space 7680K, 39% used [0x00000007adb00000,0x00000007addfb938,0x00000007ae280000)
  to   space 7168K, 0% used [0x00000007aea80000,0x00000007aea80000,0x00000007af180000)
 ParOldGen       total 34304K, used 8417K [0x0000000780000000, 0x0000000782180000, 0x00000007aab00000)
  object space 34304K, 24% used [0x0000000780000000,0x0000000780838640,0x0000000782180000)
 Metaspace       used 22969K, capacity 23644K, committed 23680K, reserved 1071104K
  class space    used 2209K, capacity 2421K, committed 2432K, reserved 1048576K
}
Event: 12.027 GC heap before
{Heap before GC invocations=15 (full 1):
 PSYoungGen      total 56832K, used 52206K [0x00000007aab00000, 0x00000007af180000, 0x00000007c0000000)
  eden space 49152K, 100% used [0x00000007aab00000,0x00000007adb00000,0x00000007adb00000)
  from space 7680K, 39% used [0x00000007adb00000,0x00000007addfb938,0x00000007ae280000)
  to   space 7168K, 0% used [0x00000007aea80000,0x00000007aea80000,0x00000007af180000)
 ParOldGen       total 34304K, used 8417K [0x0000000780000000, 0x0000000782180000, 0x00000007aab00000)
  object space 34304K, 24% used [0x0000000780000000,0x0000000780838640,0x0000000782180000)
 Metaspace       used 23114K, capacity 23848K, committed 23936K, reserved 1071104K
  class space    used 2210K, capacity 2421K, committed 2432K, reserved 1048576K
Event: 12.033 GC heap after
Heap after GC invocations=15 (full 1):
 PSYoungGen      total 65024K, used 4318K [0x00000007aab00000, 0x00000007af180000, 0x00000007c0000000)
  eden space 57856K, 0% used [0x00000007aab00000,0x00000007aab00000,0x00000007ae380000)
  from space 7168K, 60% used [0x00000007aea80000,0x00000007aeeb7968,0x00000007af180000)
  to   space 7168K, 0% used [0x00000007ae380000,0x00000007ae380000,0x00000007aea80000)
 ParOldGen       total 34304K, used 8425K [0x0000000780000000, 0x0000000782180000, 0x00000007aab00000)
  object space 34304K, 24% used [0x0000000780000000,0x000000078083a640,0x0000000782180000)
 Metaspace       used 23114K, capacity 23848K, committed 23936K, reserved 1071104K
  class space    used 2210K, capacity 2421K, committed 2432K, reserved 1048576K
}
Event: 13.735 GC heap before
{Heap before GC invocations=16 (full 1):
 PSYoungGen      total 65024K, used 62174K [0x00000007aab00000, 0x00000007af180000, 0x00000007c0000000)
  eden space 57856K, 100% used [0x00000007aab00000,0x00000007ae380000,0x00000007ae380000)
  from space 7168K, 60% used [0x00000007aea80000,0x00000007aeeb7968,0x00000007af180000)
  to   space 7168K, 0% used [0x00000007ae380000,0x00000007ae380000,0x00000007aea80000)
 ParOldGen       total 34304K, used 8425K [0x0000000780000000, 0x0000000782180000, 0x00000007aab00000)
  object space 34304K, 24% used [0x0000000780000000,0x000000078083a640,0x0000000782180000)
 Metaspace       used 23300K, capacity 24040K, committed 24192K, reserved 1071104K
  class space    used 2210K, capacity 2421K, committed 2432K, reserved 1048576K
Event: 13.738 GC heap after
Heap after GC invocations=16 (full 1):
 PSYoungGen      total 65024K, used 4398K [0x00000007aab00000, 0x00000007afa00000, 0x00000007c0000000)
  eden space 57856K, 0% used [0x00000007aab00000,0x00000007aab00000,0x00000007ae380000)
  from space 7168K, 61% used [0x00000007ae380000,0x00000007ae7cb958,0x00000007aea80000)
  to   space 7168K, 0% used [0x00000007af300000,0x00000007af300000,0x00000007afa00000)
 ParOldGen       total 34304K, used 8433K [0x0000000780000000, 0x0000000782180000, 0x00000007aab00000)
  object space 34304K, 24% used [0x0000000780000000,0x000000078083c640,0x0000000782180000)
 Metaspace       used 23300K, capacity 24040K, committed 24192K, reserved 1071104K
  class space    used 2210K, capacity 2421K, committed 2432K, reserved 1048576K
}
Event: 15.433 GC heap before
{Heap before GC invocations=17 (full 1):
 PSYoungGen      total 65024K, used 62254K [0x00000007aab00000, 0x00000007afa00000, 0x00000007c0000000)
  eden space 57856K, 100% used [0x00000007aab00000,0x00000007ae380000,0x00000007ae380000)
  from space 7168K, 61% used [0x00000007ae380000,0x00000007ae7cb958,0x00000007aea80000)
  to   space 7168K, 0% used [0x00000007af300000,0x00000007af300000,0x00000007afa00000)
 ParOldGen       total 34304K, used 8433K [0x0000000780000000, 0x0000000782180000, 0x00000007aab00000)
  object space 34304K, 24% used [0x0000000780000000,0x000000078083c640,0x0000000782180000)
 Metaspace       used 23390K, capacity 24104K, committed 24192K, reserved 1071104K
  class space    used 2210K, capacity 2421K, committed 2432K, reserved 1048576K
Event: 15.439 GC heap after
Heap after GC invocations=17 (full 1):
 PSYoungGen      total 72704K, used 3886K [0x00000007aab00000, 0x00000007af980000, 0x00000007c0000000)
  eden space 66048K, 0% used [0x00000007aab00000,0x00000007aab00000,0x00000007aeb80000)
  from space 6656K, 58% used [0x00000007af300000,0x00000007af6cb958,0x00000007af980000)
  to   space 7168K, 0% used [0x00000007aeb80000,0x00000007aeb80000,0x00000007af280000)
 ParOldGen       total 34304K, used 8441K [0x0000000780000000, 0x0000000782180000, 0x00000007aab00000)
  object space 34304K, 24% used [0x0000000780000000,0x000000078083e640,0x0000000782180000)
 Metaspace       used 23390K, capacity 24104K, committed 24192K, reserved 1071104K
  class space    used 2210K, capacity 2421K, committed 2432K, reserved 1048576K
}
Event: 17.372 GC heap before
{Heap before GC invocations=18 (full 1):
 PSYoungGen      total 72704K, used 69934K [0x00000007aab00000, 0x00000007af980000, 0x00000007c0000000)
  eden space 66048K, 100% used [0x00000007aab00000,0x00000007aeb80000,0x00000007aeb80000)
  from space 6656K, 58% used [0x00000007af300000,0x00000007af6cb958,0x00000007af980000)
  to   space 7168K, 0% used [0x00000007aeb80000,0x00000007aeb80000,0x00000007af280000)
 ParOldGen       total 34304K, used 8441K [0x0000000780000000, 0x0000000782180000, 0x00000007aab00000)
  object space 34304K, 24% used [0x0000000780000000,0x000000078083e640,0x0000000782180000)
 Metaspace       used 23538K, capacity 24236K, committed 24448K, reserved 1071104K
  class space    used 2210K, capacity 2421K, committed 2432K, reserved 1048576K
Event: 17.375 GC heap after
Heap after GC invocations=18 (full 1):
 PSYoungGen      total 73216K, used 3070K [0x00000007aab00000, 0x00000007afe00000, 0x00000007c0000000)
  eden space 66048K, 0% used [0x00000007aab00000,0x00000007aab00000,0x00000007aeb80000)
  from space 7168K, 42% used [0x00000007aeb80000,0x00000007aee7f948,0x00000007af280000)
  to   space 6656K, 0% used [0x00000007af780000,0x00000007af780000,0x00000007afe00000)
 ParOldGen       total 34304K, used 8449K [0x0000000780000000, 0x0000000782180000, 0x00000007aab00000)
  object space 34304K, 24% used [0x0000000780000000,0x0000000780840640,0x0000000782180000)
 Metaspace       used 23538K, capacity 24236K, committed 24448K, reserved 1071104K
  class space    used 2210K, capacity 2421K, committed 2432K, reserved 1048576K
}

