# JRE version: Java(TM) SE Runtime Environment (8.0_40-b26) (build 1.8.0_40-b26)
# Java VM: Java HotSpot(TM) 64-Bit Server VM (25.40-b25 mixed mode bsd-amd64 compressed oops)
Heap:
 PSYoungGen      total 24064K, used 11314K [0x000000014af00000, 0x000000014c900000, 0x0000000160400000)
  eden space 21504K, 45% used [0x000000014af00000,0x000000014b8a4858,0x000000014c400000)
  from space 2560K, 56% used [0x000000014c680000,0x000000014c7e8020,0x000000014c900000)
  to   space 2560K, 0% used [0x000000014c400000,0x000000014c400000,0x000000014c680000)
 ParOldGen       total 36864K, used 11438K [0x0000000120400000, 0x0000000122800000, 0x000000014af00000)
  object space 36864K, 31% used [0x0000000120400000,0x0000000120f2b960,0x0000000122800000)
 Metaspace       used 24053K, capacity 24708K, committed 24960K, reserved 1071104K
  class space    used 2232K, capacity 2425K, committed 2432K, reserved 1048576K
GC Heap History (10 events):
Event: 132.217 GC heap before
{Heap before GC invocations=91 (full 1):
 PSYoungGen      total 24064K, used 21984K [0x000000014af00000, 0x000000014c900000, 0x0000000160400000)
  eden space 21504K, 100% used [0x000000014af00000,0x000000014c400000,0x000000014c400000)
  from space 2560K, 18% used [0x000000014c400000,0x000000014c478010,0x000000014c680000)
  to   space 2560K, 0% used [0x000000014c680000,0x000000014c680000,0x000000014c900000)
 ParOldGen       total 36864K, used 11438K [0x0000000120400000, 0x0000000122800000, 0x000000014af00000)
  object space 36864K, 31% used [0x0000000120400000,0x0000000120f2b960,0x0000000122800000)
 Metaspace       used 24003K, capacity 24562K, committed 24704K, reserved 1071104K
  class space    used 2224K, capacity 2382K, committed 2432K, reserved 1048576K
Event: 132.220 GC heap after
Heap after GC invocations=91 (full 1):
 PSYoungGen      total 24064K, used 1472K [0x000000014af00000, 0x000000014c900000, 0x0000000160400000)
  eden space 21504K, 0% used [0x000000014af00000,0x000000014af00000,0x000000014c400000)
  from space 2560K, 57% used [0x000000014c680000,0x000000014c7f0020,0x000000014c900000)
  to   space 2560K, 0% used [0x000000014c400000,0x000000014c400000,0x000000014c680000)
 ParOldGen       total 36864K, used 11438K [0x0000000120400000, 0x0000000122800000, 0x000000014af00000)
  object space 36864K, 31% used [0x0000000120400000,0x0000000120f2b960,0x0000000122800000)
 Metaspace       used 24003K, capacity 24562K, committed 24704K, reserved 1071104K
  class space    used 2224K, capacity 2382K, committed 2432K, reserved 1048576K
}
Event: 133.020 GC heap before
{Heap before GC invocations=92 (full 1):
 PSYoungGen      total 24064K, used 22976K [0x000000014af00000, 0x000000014c900000, 0x0000000160400000)
  eden space 21504K, 100% used [0x000000014af00000,0x000000014c400000,0x000000014c400000)
  from space 2560K, 57% used [0x000000014c680000,0x000000014c7f0020,0x000000014c900000)
  to   space 2560K, 0% used [0x000000014c400000,0x000000014c400000,0x000000014c680000)
 ParOldGen       total 36864K, used 11438K [0x0000000120400000, 0x0000000122800000, 0x000000014af00000)
  object space 36864K, 31% used [0x0000000120400000,0x0000000120f2b960,0x0000000122800000)
 Metaspace       used 24003K, capacity 24562K, committed 24704K, reserved 1071104K
  class space    used 2224K, capacity 2382K, committed 2432K, reserved 1048576K
Event: 133.023 GC heap after
Heap after GC invocations=92 (full 1):
 PSYoungGen      total 24064K, used 1440K [0x000000014af00000, 0x000000014c900000, 0x0000000160400000)
  eden space 21504K, 0% used [0x000000014af00000,0x000000014af00000,0x000000014c400000)
  from space 2560K, 56% used [0x000000014c400000,0x000000014c568020,0x000000014c680000)
  to   space 2560K, 0% used [0x000000014c680000,0x000000014c680000,0x000000014c900000)
 ParOldGen       total 36864K, used 11438K [0x0000000120400000, 0x0000000122800000, 0x000000014af00000)
  object space 36864K, 31% used [0x0000000120400000,0x0000000120f2b960,0x0000000122800000)
 Metaspace       used 24003K, capacity 24562K, committed 24704K, reserved 1071104K
  class space    used 2224K, capacity 2382K, committed 2432K, reserved 1048576K
}
Event: 133.817 GC heap before
{Heap before GC invocations=93 (full 1):
 PSYoungGen      total 24064K, used 22944K [0x000000014af00000, 0x000000014c900000, 0x0000000160400000)
  eden space 21504K, 100% used [0x000000014af00000,0x000000014c400000,0x000000014c400000)
  from space 2560K, 56% used [0x000000014c400000,0x000000014c568020,0x000000014c680000)
  to   space 2560K, 0% used [0x000000014c680000,0x000000014c680000,0x000000014c900000)
 ParOldGen       total 36864K, used 11438K [0x0000000120400000, 0x0000000122800000, 0x000000014af00000)
  object space 36864K, 31% used [0x0000000120400000,0x0000000120f2b960,0x0000000122800000)
 Metaspace       used 24003K, capacity 24562K, committed 24704K, reserved 1071104K
  class space    used 2224K, capacity 2382K, committed 2432K, reserved 1048576K
Event: 133.820 GC heap after
Heap after GC invocations=93 (full 1):
 PSYoungGen      total 24064K, used 1120K [0x000000014af00000, 0x000000014c900000, 0x0000000160400000)
  eden space 21504K, 0% used [0x000000014af00000,0x000000014af00000,0x000000014c400000)
  from space 2560K, 43% used [0x000000014c680000,0x000000014c798020,0x000000014c900000)
  to   space 2560K, 0% used [0x000000014c400000,0x000000014c400000,0x000000014c680000)
 ParOldGen       total 36864K, used 11438K [0x0000000120400000, 0x0000000122800000, 0x000000014af00000)
  object space 36864K, 31% used [0x0000000120400000,0x0000000120f2b960,0x0000000122800000)
 Metaspace       used 24003K, capacity 24562K, committed 24704K, reserved 1071104K
  class space    used 2224K, capacity 2382K, committed 2432K, reserved 1048576K
}
Event: 134.565 GC heap before
{Heap before GC invocations=94 (full 1):
 PSYoungGen      total 24064K, used 22624K [0x000000014af00000, 0x000000014c900000, 0x0000000160400000)
  eden space 21504K, 100% used [0x000000014af00000,0x000000014c400000,0x000000014c400000)
  from space 2560K, 43% used [0x000000014c680000,0x000000014c798020,0x000000014c900000)
  to   space 2560K, 0% used [0x000000014c400000,0x000000014c400000,0x000000014c680000)
 ParOldGen       total 36864K, used 11438K [0x0000000120400000, 0x0000000122800000, 0x000000014af00000)
  object space 36864K, 31% used [0x0000000120400000,0x0000000120f2b960,0x0000000122800000)
 Metaspace       used 24003K, capacity 24562K, committed 24704K, reserved 1071104K
  class space    used 2224K, capacity 2382K, committed 2432K, reserved 1048576K
Event: 134.567 GC heap after
Heap after GC invocations=94 (full 1):
 PSYoungGen      total 24064K, used 160K [0x000000014af00000, 0x000000014c900000, 0x0000000160400000)
  eden space 21504K, 0% used [0x000000014af00000,0x000000014af00000,0x000000014c400000)
  from space 2560K, 6% used [0x000000014c400000,0x000000014c428000,0x000000014c680000)
  to   space 2560K, 0% used [0x000000014c680000,0x000000014c680000,0x000000014c900000)
 ParOldGen       total 36864K, used 11438K [0x0000000120400000, 0x0000000122800000, 0x000000014af00000)
  object space 36864K, 31% used [0x0000000120400000,0x0000000120f2b960,0x0000000122800000)
 Metaspace       used 24003K, capacity 24562K, committed 24704K, reserved 1071104K
  class space    used 2224K, capacity 2382K, committed 2432K, reserved 1048576K
}
Event: 135.341 GC heap before
{Heap before GC invocations=95 (full 1):
 PSYoungGen      total 24064K, used 21664K [0x000000014af00000, 0x000000014c900000, 0x0000000160400000)
  eden space 21504K, 100% used [0x000000014af00000,0x000000014c400000,0x000000014c400000)
  from space 2560K, 6% used [0x000000014c400000,0x000000014c428000,0x000000014c680000)
  to   space 2560K, 0% used [0x000000014c680000,0x000000014c680000,0x000000014c900000)
 ParOldGen       total 36864K, used 11438K [0x0000000120400000, 0x0000000122800000, 0x000000014af00000)
  object space 36864K, 31% used [0x0000000120400000,0x0000000120f2b960,0x0000000122800000)
 Metaspace       used 24008K, capacity 24562K, committed 24704K, reserved 1071104K
  class space    used 2224K, capacity 2382K, committed 2432K, reserved 1048576K
Event: 135.344 GC heap after
Heap after GC invocations=95 (full 1):
 PSYoungGen      total 24064K, used 1440K [0x000000014af00000, 0x000000014c900000, 0x0000000160400000)
  eden space 21504K, 0% used [0x000000014af00000,0x000000014af00000,0x000000014c400000)
  from space 2560K, 56% used [0x000000014c680000,0x000000014c7e8020,0x000000014c900000)
  to   space 2560K, 0% used [0x000000014c400000,0x000000014c400000,0x000000014c680000)
 ParOldGen       total 36864K, used 11438K [0x0000000120400000, 0x0000000122800000, 0x000000014af00000)
  object space 36864K, 31% used [0x0000000120400000,0x0000000120f2b960,0x0000000122800000)
 Metaspace       used 24008K, capacity 24562K, committed 24704K, reserved 1071104K
  class space    used 2224K, capacity 2382K, committed 2432K, reserved 1048576K
}

