# JRE version: Java(TM) SE Runtime Environment (8.0_40-b26) (build 1.8.0_40-b26)
# Java VM: Java HotSpot(TM) 64-Bit Server VM (25.40-b25 mixed mode bsd-amd64 compressed oops)
Heap:
 PSYoungGen      total 42496K, used 10793K [0x00000007aab00000, 0x00000007ae580000, 0x00000007c0000000)
  eden space 35328K, 15% used [0x00000007aab00000,0x00000007ab032418,0x00000007acd80000)
  from space 7168K, 76% used [0x00000007acd80000,0x00000007ad2d8050,0x00000007ad480000)
  to   space 7680K, 0% used [0x00000007ade00000,0x00000007ade00000,0x00000007ae580000)
 ParOldGen       total 37376K, used 8978K [0x0000000780000000, 0x0000000782480000, 0x00000007aab00000)
  object space 37376K, 24% used [0x0000000780000000,0x00000007808c4858,0x0000000782480000)
 Metaspace       used 22531K, capacity 23150K, committed 23424K, reserved 1071104K
  class space    used 2199K, capacity 2358K, committed 2432K, reserved 1048576K
GC Heap History (10 events):
Event: 4.234 GC heap before
{Heap before GC invocations=6 (full 1):
 PSYoungGen      total 18944K, used 16384K [0x00000007aab00000, 0x00000007ac000000, 0x00000007c0000000)
  eden space 16384K, 100% used [0x00000007aab00000,0x00000007abb00000,0x00000007abb00000)
  from space 2560K, 0% used [0x00000007abd80000,0x00000007abd80000,0x00000007ac000000)
  to   space 2560K, 0% used [0x00000007abb00000,0x00000007abb00000,0x00000007abd80000)
 ParOldGen       total 37376K, used 7916K [0x0000000780000000, 0x0000000782480000, 0x00000007aab00000)
  object space 37376K, 21% used [0x0000000780000000,0x00000007807bb058,0x0000000782480000)
 Metaspace       used 21188K, capacity 21790K, committed 22144K, reserved 1069056K
  class space    used 2188K, capacity 2344K, committed 2432K, reserved 1048576K
Event: 4.237 GC heap after
Heap after GC invocations=6 (full 1):
 PSYoungGen      total 18944K, used 2528K [0x00000007aab00000, 0x00000007acf80000, 0x00000007c0000000)
  eden space 16384K, 0% used [0x00000007aab00000,0x00000007aab00000,0x00000007abb00000)
  from space 2560K, 98% used [0x00000007abb00000,0x00000007abd78020,0x00000007abd80000)
  to   space 6656K, 0% used [0x00000007ac900000,0x00000007ac900000,0x00000007acf80000)
 ParOldGen       total 37376K, used 8946K [0x0000000780000000, 0x0000000782480000, 0x00000007aab00000)
  object space 37376K, 23% used [0x0000000780000000,0x00000007808bc858,0x0000000782480000)
 Metaspace       used 21188K, capacity 21790K, committed 22144K, reserved 1069056K
  class space    used 2188K, capacity 2344K, committed 2432K, reserved 1048576K
}
Event: 4.981 GC heap before
{Heap before GC invocations=7 (full 1):
 PSYoungGen      total 18944K, used 18912K [0x00000007aab00000, 0x00000007acf80000, 0x00000007c0000000)
  eden space 16384K, 100% used [0x00000007aab00000,0x00000007abb00000,0x00000007abb00000)
  from space 2560K, 98% used [0x00000007abb00000,0x00000007abd78020,0x00000007abd80000)
  to   space 6656K, 0% used [0x00000007ac900000,0x00000007ac900000,0x00000007acf80000)
 ParOldGen       total 37376K, used 8946K [0x0000000780000000, 0x0000000782480000, 0x00000007aab00000)
  object space 37376K, 23% used [0x0000000780000000,0x00000007808bc858,0x0000000782480000)
 Metaspace       used 21573K, capacity 22174K, committed 22400K, reserved 1069056K
  class space    used 2188K, capacity 2344K, committed 2432K, reserved 1048576K
Event: 4.986 GC heap after
Heap after GC invocations=7 (full 1):
 PSYoungGen      total 30720K, used 4704K [0x00000007aab00000, 0x00000007acf80000, 0x00000007c0000000)
  eden space 24064K, 0% used [0x00000007aab00000,0x00000007aab00000,0x00000007ac280000)
  from space 6656K, 70% used [0x00000007ac900000,0x00000007acd98030,0x00000007acf80000)
  to   space 6656K, 0% used [0x00000007ac280000,0x00000007ac280000,0x00000007ac900000)
 ParOldGen       total 37376K, used 8954K [0x0000000780000000, 0x0000000782480000, 0x00000007aab00000)
  object space 37376K, 23% used [0x0000000780000000,0x00000007808be858,0x0000000782480000)
 Metaspace       used 21573K, capacity 22174K, committed 22400K, reserved 1069056K
  class space    used 2188K, capacity 2344K, committed 2432K, reserved 1048576K
}
Event: 6.020 GC heap before
{Heap before GC invocations=8 (full 1):
 PSYoungGen      total 30720K, used 28768K [0x00000007aab00000, 0x00000007acf80000, 0x00000007c0000000)
  eden space 24064K, 100% used [0x00000007aab00000,0x00000007ac280000,0x00000007ac280000)
  from space 6656K, 70% used [0x00000007ac900000,0x00000007acd98030,0x00000007acf80000)
  to   space 6656K, 0% used [0x00000007ac280000,0x00000007ac280000,0x00000007ac900000)
 ParOldGen       total 37376K, used 8954K [0x0000000780000000, 0x0000000782480000, 0x00000007aab00000)
  object space 37376K, 23% used [0x0000000780000000,0x00000007808be858,0x0000000782480000)
 Metaspace       used 21905K, capacity 22512K, committed 22656K, reserved 1069056K
  class space    used 2191K, capacity 2347K, committed 2432K, reserved 1048576K
Event: 6.028 GC heap after
Heap after GC invocations=8 (full 1):
 PSYoungGen      total 30720K, used 6016K [0x00000007aab00000, 0x00000007adb80000, 0x00000007c0000000)
  eden space 24064K, 0% used [0x00000007aab00000,0x00000007aab00000,0x00000007ac280000)
  from space 6656K, 90% used [0x00000007ac280000,0x00000007ac860050,0x00000007ac900000)
  to   space 7168K, 0% used [0x00000007ad480000,0x00000007ad480000,0x00000007adb80000)
 ParOldGen       total 37376K, used 8962K [0x0000000780000000, 0x0000000782480000, 0x00000007aab00000)
  object space 37376K, 23% used [0x0000000780000000,0x00000007808c0858,0x0000000782480000)
 Metaspace       used 21905K, capacity 22512K, committed 22656K, reserved 1069056K
  class space    used 2191K, capacity 2347K, committed 2432K, reserved 1048576K
}
Event: 7.071 GC heap before
{Heap before GC invocations=9 (full 1):
 PSYoungGen      total 30720K, used 30080K [0x00000007aab00000, 0x00000007adb80000, 0x00000007c0000000)
  eden space 24064K, 100% used [0x00000007aab00000,0x00000007ac280000,0x00000007ac280000)
  from space 6656K, 90% used [0x00000007ac280000,0x00000007ac860050,0x00000007ac900000)
  to   space 7168K, 0% used [0x00000007ad480000,0x00000007ad480000,0x00000007adb80000)
 ParOldGen       total 37376K, used 8962K [0x0000000780000000, 0x0000000782480000, 0x00000007aab00000)
  object space 37376K, 23% used [0x0000000780000000,0x00000007808c0858,0x0000000782480000)
 Metaspace       used 22137K, capacity 22836K, committed 23168K, reserved 1071104K
  class space    used 2191K, capacity 2347K, committed 2432K, reserved 1048576K
Event: 7.076 GC heap after
Heap after GC invocations=9 (full 1):
 PSYoungGen      total 42496K, used 4768K [0x00000007aab00000, 0x00000007adb80000, 0x00000007c0000000)
  eden space 35328K, 0% used [0x00000007aab00000,0x00000007aab00000,0x00000007acd80000)
  from space 7168K, 66% used [0x00000007ad480000,0x00000007ad928030,0x00000007adb80000)
  to   space 7168K, 0% used [0x00000007acd80000,0x00000007acd80000,0x00000007ad480000)
 ParOldGen       total 37376K, used 8970K [0x0000000780000000, 0x0000000782480000, 0x00000007aab00000)
  object space 37376K, 23% used [0x0000000780000000,0x00000007808c2858,0x0000000782480000)
 Metaspace       used 22137K, capacity 22836K, committed 23168K, reserved 1071104K
  class space    used 2191K, capacity 2347K, committed 2432K, reserved 1048576K
}
Event: 8.635 GC heap before
{Heap before GC invocations=10 (full 1):
 PSYoungGen      total 42496K, used 40096K [0x00000007aab00000, 0x00000007adb80000, 0x00000007c0000000)
  eden space 35328K, 100% used [0x00000007aab00000,0x00000007acd80000,0x00000007acd80000)
  from space 7168K, 66% used [0x00000007ad480000,0x00000007ad928030,0x00000007adb80000)
  to   space 7168K, 0% used [0x00000007acd80000,0x00000007acd80000,0x00000007ad480000)
 ParOldGen       total 37376K, used 8970K [0x0000000780000000, 0x0000000782480000, 0x00000007aab00000)
  object space 37376K, 23% used [0x0000000780000000,0x00000007808c2858,0x0000000782480000)
 Metaspace       used 22461K, capacity 23100K, committed 23424K, reserved 1071104K
  class space    used 2191K, capacity 2347K, committed 2432K, reserved 1048576K
Event: 8.640 GC heap after
Heap after GC invocations=10 (full 1):
 PSYoungGen      total 42496K, used 5472K [0x00000007aab00000, 0x00000007ae580000, 0x00000007c0000000)
  eden space 35328K, 0% used [0x00000007aab00000,0x00000007aab00000,0x00000007acd80000)
  from space 7168K, 76% used [0x00000007acd80000,0x00000007ad2d8050,0x00000007ad480000)
  to   space 7680K, 0% used [0x00000007ade00000,0x00000007ade00000,0x00000007ae580000)
 ParOldGen       total 37376K, used 8978K [0x0000000780000000, 0x0000000782480000, 0x00000007aab00000)
  object space 37376K, 24% used [0x0000000780000000,0x00000007808c4858,0x0000000782480000)
 Metaspace       used 22461K, capacity 23100K, committed 23424K, reserved 1071104K
  class space    used 2191K, capacity 2347K, committed 2432K, reserved 1048576K
}

