# JRE version: Java(TM) SE Runtime Environment (8.0_40-b26) (build 1.8.0_40-b26)
# Java VM: Java HotSpot(TM) 64-Bit Server VM (25.40-b25 mixed mode bsd-amd64 compressed oops)
Heap:
 PSYoungGen      total 50688K, used 45871K [0x00000007aab00000, 0x00000007ae380000, 0x00000007c0000000)
  eden space 44544K, 92% used [0x00000007aab00000,0x00000007ad35fc18,0x00000007ad680000)
  from space 6144K, 73% used [0x00000007add80000,0x00000007ae1ec3e0,0x00000007ae380000)
  to   space 6656K, 0% used [0x00000007ad680000,0x00000007ad680000,0x00000007add00000)
 ParOldGen       total 36864K, used 8301K [0x0000000780000000, 0x0000000782400000, 0x00000007aab00000)
  object space 36864K, 22% used [0x0000000780000000,0x000000078081b7d8,0x0000000782400000)
 Metaspace       used 22672K, capacity 23380K, committed 23728K, reserved 1071104K
  class space    used 2226K, capacity 2393K, committed 2480K, reserved 1048576K
GC Heap History (10 events):
Event: 5.400 GC heap before
{Heap before GC invocations=7 (full 1):
 PSYoungGen      total 18944K, used 17824K [0x00000007aab00000, 0x00000007ace00000, 0x00000007c0000000)
  eden space 16384K, 100% used [0x00000007aab00000,0x00000007abb00000,0x00000007abb00000)
  from space 2560K, 56% used [0x00000007abb00000,0x00000007abc68020,0x00000007abd80000)
  to   space 6144K, 0% used [0x00000007ac800000,0x00000007ac800000,0x00000007ace00000)
 ParOldGen       total 36864K, used 6213K [0x0000000780000000, 0x0000000782400000, 0x00000007aab00000)
  object space 36864K, 16% used [0x0000000780000000,0x00000007806117c8,0x0000000782400000)
 Metaspace       used 20915K, capacity 21574K, committed 21808K, reserved 1069056K
  class space    used 2158K, capacity 2336K, committed 2352K, reserved 1048576K
Event: 5.404 GC heap after
Heap after GC invocations=7 (full 1):
 PSYoungGen      total 29696K, used 4352K [0x00000007aab00000, 0x00000007acf00000, 0x00000007c0000000)
  eden space 23552K, 0% used [0x00000007aab00000,0x00000007aab00000,0x00000007ac200000)
  from space 6144K, 70% used [0x00000007ac800000,0x00000007acc403d0,0x00000007ace00000)
  to   space 6144K, 0% used [0x00000007ac200000,0x00000007ac200000,0x00000007ac800000)
 ParOldGen       total 36864K, used 6221K [0x0000000780000000, 0x0000000782400000, 0x00000007aab00000)
  object space 36864K, 16% used [0x0000000780000000,0x00000007806137c8,0x0000000782400000)
 Metaspace       used 20915K, capacity 21574K, committed 21808K, reserved 1069056K
  class space    used 2158K, capacity 2336K, committed 2352K, reserved 1048576K
}
Event: 5.703 GC heap before
{Heap before GC invocations=8 (full 1):
 PSYoungGen      total 29696K, used 27685K [0x00000007aab00000, 0x00000007acf00000, 0x00000007c0000000)
  eden space 23552K, 99% used [0x00000007aab00000,0x00000007ac1c9330,0x00000007ac200000)
  from space 6144K, 70% used [0x00000007ac800000,0x00000007acc403d0,0x00000007ace00000)
  to   space 6144K, 0% used [0x00000007ac200000,0x00000007ac200000,0x00000007ac800000)
 ParOldGen       total 36864K, used 6221K [0x0000000780000000, 0x0000000782400000, 0x00000007aab00000)
  object space 36864K, 16% used [0x0000000780000000,0x00000007806137c8,0x0000000782400000)
 Metaspace       used 21139K, capacity 21788K, committed 22064K, reserved 1069056K
  class space    used 2169K, capacity 2339K, committed 2352K, reserved 1048576K
Event: 5.707 GC heap after
Heap after GC invocations=8 (full 1):
 PSYoungGen      total 29696K, used 3168K [0x00000007aab00000, 0x00000007ad980000, 0x00000007c0000000)
  eden space 23552K, 0% used [0x00000007aab00000,0x00000007aab00000,0x00000007ac200000)
  from space 6144K, 51% used [0x00000007ac200000,0x00000007ac5183b0,0x00000007ac800000)
  to   space 6144K, 0% used [0x00000007ad380000,0x00000007ad380000,0x00000007ad980000)
 ParOldGen       total 36864K, used 6229K [0x0000000780000000, 0x0000000782400000, 0x00000007aab00000)
  object space 36864K, 16% used [0x0000000780000000,0x00000007806157c8,0x0000000782400000)
 Metaspace       used 21139K, capacity 21788K, committed 22064K, reserved 1069056K
  class space    used 2169K, capacity 2339K, committed 2352K, reserved 1048576K
}
Event: 6.059 GC heap before
{Heap before GC invocations=9 (full 1):
 PSYoungGen      total 29696K, used 26720K [0x00000007aab00000, 0x00000007ad980000, 0x00000007c0000000)
  eden space 23552K, 100% used [0x00000007aab00000,0x00000007ac200000,0x00000007ac200000)
  from space 6144K, 51% used [0x00000007ac200000,0x00000007ac5183b0,0x00000007ac800000)
  to   space 6144K, 0% used [0x00000007ad380000,0x00000007ad380000,0x00000007ad980000)
 ParOldGen       total 36864K, used 6229K [0x0000000780000000, 0x0000000782400000, 0x00000007aab00000)
  object space 36864K, 16% used [0x0000000780000000,0x00000007806157c8,0x0000000782400000)
 Metaspace       used 21563K, capacity 22174K, committed 22448K, reserved 1069056K
  class space    used 2220K, capacity 2382K, committed 2480K, reserved 1048576K
Event: 6.067 GC heap after
Heap after GC invocations=9 (full 1):
 PSYoungGen      total 40960K, used 5344K [0x00000007aab00000, 0x00000007adb80000, 0x00000007c0000000)
  eden space 34816K, 0% used [0x00000007aab00000,0x00000007aab00000,0x00000007acd00000)
  from space 6144K, 86% used [0x00000007ad380000,0x00000007ad8b83c0,0x00000007ad980000)
  to   space 6656K, 0% used [0x00000007acd00000,0x00000007acd00000,0x00000007ad380000)
 ParOldGen       total 36864K, used 8285K [0x0000000780000000, 0x0000000782400000, 0x00000007aab00000)
  object space 36864K, 22% used [0x0000000780000000,0x00000007808177d8,0x0000000782400000)
 Metaspace       used 21563K, capacity 22174K, committed 22448K, reserved 1069056K
  class space    used 2220K, capacity 2382K, committed 2480K, reserved 1048576K
}
Event: 6.955 GC heap before
{Heap before GC invocations=10 (full 1):
 PSYoungGen      total 40960K, used 40160K [0x00000007aab00000, 0x00000007adb80000, 0x00000007c0000000)
  eden space 34816K, 100% used [0x00000007aab00000,0x00000007acd00000,0x00000007acd00000)
  from space 6144K, 86% used [0x00000007ad380000,0x00000007ad8b83c0,0x00000007ad980000)
  to   space 6656K, 0% used [0x00000007acd00000,0x00000007acd00000,0x00000007ad380000)
 ParOldGen       total 36864K, used 8285K [0x0000000780000000, 0x0000000782400000, 0x00000007aab00000)
  object space 36864K, 22% used [0x0000000780000000,0x00000007808177d8,0x0000000782400000)
 Metaspace       used 22048K, capacity 22686K, committed 22960K, reserved 1069056K
  class space    used 2220K, capacity 2382K, committed 2480K, reserved 1048576K
Event: 6.959 GC heap after
Heap after GC invocations=10 (full 1):
 PSYoungGen      total 41472K, used 4544K [0x00000007aab00000, 0x00000007ae400000, 0x00000007c0000000)
  eden space 34816K, 0% used [0x00000007aab00000,0x00000007aab00000,0x00000007acd00000)
  from space 6656K, 68% used [0x00000007acd00000,0x00000007ad1703d0,0x00000007ad380000)
  to   space 6656K, 0% used [0x00000007add80000,0x00000007add80000,0x00000007ae400000)
 ParOldGen       total 36864K, used 8293K [0x0000000780000000, 0x0000000782400000, 0x00000007aab00000)
  object space 36864K, 22% used [0x0000000780000000,0x00000007808197d8,0x0000000782400000)
 Metaspace       used 22048K, capacity 22686K, committed 22960K, reserved 1069056K
  class space    used 2220K, capacity 2382K, committed 2480K, reserved 1048576K
}
Event: 7.946 GC heap before
{Heap before GC invocations=11 (full 1):
 PSYoungGen      total 41472K, used 39360K [0x00000007aab00000, 0x00000007ae400000, 0x00000007c0000000)
  eden space 34816K, 100% used [0x00000007aab00000,0x00000007acd00000,0x00000007acd00000)
  from space 6656K, 68% used [0x00000007acd00000,0x00000007ad1703d0,0x00000007ad380000)
  to   space 6656K, 0% used [0x00000007add80000,0x00000007add80000,0x00000007ae400000)
 ParOldGen       total 36864K, used 8293K [0x0000000780000000, 0x0000000782400000, 0x00000007aab00000)
  object space 36864K, 22% used [0x0000000780000000,0x00000007808197d8,0x0000000782400000)
 Metaspace       used 22404K, capacity 23070K, committed 23472K, reserved 1071104K
  class space    used 2220K, capacity 2382K, committed 2480K, reserved 1048576K
Event: 7.954 GC heap after
Heap after GC invocations=11 (full 1):
 PSYoungGen      total 50688K, used 4528K [0x00000007aab00000, 0x00000007ae380000, 0x00000007c0000000)
  eden space 44544K, 0% used [0x00000007aab00000,0x00000007aab00000,0x00000007ad680000)
  from space 6144K, 73% used [0x00000007add80000,0x00000007ae1ec3e0,0x00000007ae380000)
  to   space 6656K, 0% used [0x00000007ad680000,0x00000007ad680000,0x00000007add00000)
 ParOldGen       total 36864K, used 8301K [0x0000000780000000, 0x0000000782400000, 0x00000007aab00000)
  object space 36864K, 22% used [0x0000000780000000,0x000000078081b7d8,0x0000000782400000)
 Metaspace       used 22404K, capacity 23070K, committed 23472K, reserved 1071104K
  class space    used 2220K, capacity 2382K, committed 2480K, reserved 1048576K
}

