# JRE version: Java(TM) SE Runtime Environment (8.0_40-b26) (build 1.8.0_40-b26)
# Java VM: Java HotSpot(TM) 64-Bit Server VM (25.40-b25 mixed mode bsd-amd64 compressed oops)
Heap:
 PSYoungGen      total 79360K, used 20848K [0x00000007aab00000, 0x00000007b0480000, 0x00000007c0000000)
  eden space 71168K, 26% used [0x00000007aab00000,0x00000007abd7c070,0x00000007af080000)
  from space 8192K, 23% used [0x00000007af080000,0x00000007af260030,0x00000007af880000)
  to   space 8192K, 0% used [0x00000007afc80000,0x00000007afc80000,0x00000007b0480000)
 ParOldGen       total 36864K, used 12209K [0x0000000780000000, 0x0000000782400000, 0x00000007aab00000)
  object space 36864K, 33% used [0x0000000780000000,0x0000000780bec698,0x0000000782400000)
 Metaspace       used 23397K, capacity 24196K, committed 24496K, reserved 1071104K
  class space    used 2210K, capacity 2425K, committed 2480K, reserved 1048576K
GC Heap History (10 events):
Event: 29.293 GC heap before
{Heap before GC invocations=20 (full 1):
 PSYoungGen      total 69120K, used 68146K [0x00000007aab00000, 0x00000007af600000, 0x00000007c0000000)
  eden space 62464K, 100% used [0x00000007aab00000,0x00000007ae800000,0x00000007ae800000)
  from space 6656K, 85% used [0x00000007aef80000,0x00000007af50cac0,0x00000007af600000)
  to   space 7168K, 0% used [0x00000007ae800000,0x00000007ae800000,0x00000007aef00000)
 ParOldGen       total 36864K, used 7865K [0x0000000780000000, 0x0000000782400000, 0x00000007aab00000)
  object space 36864K, 21% used [0x0000000780000000,0x00000007807ae5d0,0x0000000782400000)
 Metaspace       used 22706K, capacity 23378K, committed 23472K, reserved 1071104K
  class space    used 2200K, capacity 2414K, committed 2480K, reserved 1048576K
Event: 29.297 GC heap after
Heap after GC invocations=20 (full 1):
 PSYoungGen      total 69632K, used 6098K [0x00000007aab00000, 0x00000007afb00000, 0x00000007c0000000)
  eden space 62464K, 0% used [0x00000007aab00000,0x00000007aab00000,0x00000007ae800000)
  from space 7168K, 85% used [0x00000007ae800000,0x00000007aedf4ad0,0x00000007aef00000)
  to   space 7680K, 0% used [0x00000007af380000,0x00000007af380000,0x00000007afb00000)
 ParOldGen       total 36864K, used 7873K [0x0000000780000000, 0x0000000782400000, 0x00000007aab00000)
  object space 36864K, 21% used [0x0000000780000000,0x00000007807b05d0,0x0000000782400000)
 Metaspace       used 22706K, capacity 23378K, committed 23472K, reserved 1071104K
  class space    used 2200K, capacity 2414K, committed 2480K, reserved 1048576K
}
Event: 30.909 GC heap before
{Heap before GC invocations=21 (full 1):
 PSYoungGen      total 69632K, used 68562K [0x00000007aab00000, 0x00000007afb00000, 0x00000007c0000000)
  eden space 62464K, 100% used [0x00000007aab00000,0x00000007ae800000,0x00000007ae800000)
  from space 7168K, 85% used [0x00000007ae800000,0x00000007aedf4ad0,0x00000007aef00000)
  to   space 7680K, 0% used [0x00000007af380000,0x00000007af380000,0x00000007afb00000)
 ParOldGen       total 36864K, used 7873K [0x0000000780000000, 0x0000000782400000, 0x00000007aab00000)
  object space 36864K, 21% used [0x0000000780000000,0x00000007807b05d0,0x0000000782400000)
 Metaspace       used 22967K, capacity 23698K, committed 23984K, reserved 1071104K
  class space    used 2201K, capacity 2414K, committed 2480K, reserved 1048576K
Event: 30.913 GC heap after
Heap after GC invocations=21 (full 1):
 PSYoungGen      total 74240K, used 1920K [0x00000007aab00000, 0x00000007afb80000, 0x00000007c0000000)
  eden space 66560K, 0% used [0x00000007aab00000,0x00000007aab00000,0x00000007aec00000)
  from space 7680K, 25% used [0x00000007af380000,0x00000007af560030,0x00000007afb00000)
  to   space 7680K, 0% used [0x00000007aec00000,0x00000007aec00000,0x00000007af380000)
 ParOldGen       total 36864K, used 12113K [0x0000000780000000, 0x0000000782400000, 0x00000007aab00000)
  object space 36864K, 32% used [0x0000000780000000,0x0000000780bd4698,0x0000000782400000)
 Metaspace       used 22967K, capacity 23698K, committed 23984K, reserved 1071104K
  class space    used 2201K, capacity 2414K, committed 2480K, reserved 1048576K
}
Event: 32.421 GC heap before
{Heap before GC invocations=22 (full 1):
 PSYoungGen      total 74240K, used 68480K [0x00000007aab00000, 0x00000007afb80000, 0x00000007c0000000)
  eden space 66560K, 100% used [0x00000007aab00000,0x00000007aec00000,0x00000007aec00000)
  from space 7680K, 25% used [0x00000007af380000,0x00000007af560030,0x00000007afb00000)
  to   space 7680K, 0% used [0x00000007aec00000,0x00000007aec00000,0x00000007af380000)
 ParOldGen       total 36864K, used 12113K [0x0000000780000000, 0x0000000782400000, 0x00000007aab00000)
  object space 36864K, 32% used [0x0000000780000000,0x0000000780bd4698,0x0000000782400000)
 Metaspace       used 23123K, capacity 23826K, committed 23984K, reserved 1071104K
  class space    used 2201K, capacity 2414K, committed 2480K, reserved 1048576K
Event: 32.424 GC heap after
Heap after GC invocations=22 (full 1):
 PSYoungGen      total 74240K, used 1824K [0x00000007aab00000, 0x00000007b0080000, 0x00000007c0000000)
  eden space 66560K, 0% used [0x00000007aab00000,0x00000007aab00000,0x00000007aec00000)
  from space 7680K, 23% used [0x00000007aec00000,0x00000007aedc8030,0x00000007af380000)
  to   space 8192K, 0% used [0x00000007af880000,0x00000007af880000,0x00000007b0080000)
 ParOldGen       total 36864K, used 12137K [0x0000000780000000, 0x0000000782400000, 0x00000007aab00000)
  object space 36864K, 32% used [0x0000000780000000,0x0000000780bda698,0x0000000782400000)
 Metaspace       used 23123K, capacity 23826K, committed 23984K, reserved 1071104K
  class space    used 2201K, capacity 2414K, committed 2480K, reserved 1048576K
}
Event: 34.250 GC heap before
{Heap before GC invocations=23 (full 1):
 PSYoungGen      total 74240K, used 68384K [0x00000007aab00000, 0x00000007b0080000, 0x00000007c0000000)
  eden space 66560K, 100% used [0x00000007aab00000,0x00000007aec00000,0x00000007aec00000)
  from space 7680K, 23% used [0x00000007aec00000,0x00000007aedc8030,0x00000007af380000)
  to   space 8192K, 0% used [0x00000007af880000,0x00000007af880000,0x00000007b0080000)
 ParOldGen       total 36864K, used 12137K [0x0000000780000000, 0x0000000782400000, 0x00000007aab00000)
  object space 36864K, 32% used [0x0000000780000000,0x0000000780bda698,0x0000000782400000)
 Metaspace       used 23185K, capacity 23890K, committed 23984K, reserved 1071104K
  class space    used 2201K, capacity 2414K, committed 2480K, reserved 1048576K
Event: 34.253 GC heap after
Heap after GC invocations=23 (full 1):
 PSYoungGen      total 79360K, used 1824K [0x00000007aab00000, 0x00000007b0080000, 0x00000007c0000000)
  eden space 71168K, 0% used [0x00000007aab00000,0x00000007aab00000,0x00000007af080000)
  from space 8192K, 22% used [0x00000007af880000,0x00000007afa48030,0x00000007b0080000)
  to   space 8192K, 0% used [0x00000007af080000,0x00000007af080000,0x00000007af880000)
 ParOldGen       total 36864K, used 12185K [0x0000000780000000, 0x0000000782400000, 0x00000007aab00000)
  object space 36864K, 33% used [0x0000000780000000,0x0000000780be6698,0x0000000782400000)
 Metaspace       used 23185K, capacity 23890K, committed 23984K, reserved 1071104K
  class space    used 2201K, capacity 2414K, committed 2480K, reserved 1048576K
}
Event: 36.950 GC heap before
{Heap before GC invocations=24 (full 1):
 PSYoungGen      total 79360K, used 72992K [0x00000007aab00000, 0x00000007b0080000, 0x00000007c0000000)
  eden space 71168K, 100% used [0x00000007aab00000,0x00000007af080000,0x00000007af080000)
  from space 8192K, 22% used [0x00000007af880000,0x00000007afa48030,0x00000007b0080000)
  to   space 8192K, 0% used [0x00000007af080000,0x00000007af080000,0x00000007af880000)
 ParOldGen       total 36864K, used 12185K [0x0000000780000000, 0x0000000782400000, 0x00000007aab00000)
  object space 36864K, 33% used [0x0000000780000000,0x0000000780be6698,0x0000000782400000)
 Metaspace       used 23339K, capacity 24018K, committed 24240K, reserved 1071104K
  class space    used 2202K, capacity 2414K, committed 2480K, reserved 1048576K
Event: 36.953 GC heap after
Heap after GC invocations=24 (full 1):
 PSYoungGen      total 79360K, used 1920K [0x00000007aab00000, 0x00000007b0480000, 0x00000007c0000000)
  eden space 71168K, 0% used [0x00000007aab00000,0x00000007aab00000,0x00000007af080000)
  from space 8192K, 23% used [0x00000007af080000,0x00000007af260030,0x00000007af880000)
  to   space 8192K, 0% used [0x00000007afc80000,0x00000007afc80000,0x00000007b0480000)
 ParOldGen       total 36864K, used 12209K [0x0000000780000000, 0x0000000782400000, 0x00000007aab00000)
  object space 36864K, 33% used [0x0000000780000000,0x0000000780bec698,0x0000000782400000)
 Metaspace       used 23339K, capacity 24018K, committed 24240K, reserved 1071104K
  class space    used 2202K, capacity 2414K, committed 2480K, reserved 1048576K
}

