# JRE version: Java(TM) SE Runtime Environment (8.0_40-b26) (build 1.8.0_40-b26)
# Java VM: Java HotSpot(TM) 64-Bit Server VM (25.40-b25 mixed mode bsd-amd64 compressed oops)
Heap:
 PSYoungGen      total 50688K, used 33955K [0x00000007aab00000, 0x00000007aeb80000, 0x00000007c0000000)
  eden space 40960K, 67% used [0x00000007aab00000,0x00000007ac5dd5e0,0x00000007ad300000)
  from space 9728K, 66% used [0x00000007ad300000,0x00000007ad94b978,0x00000007adc80000)
  to   space 9728K, 0% used [0x00000007ae200000,0x00000007ae200000,0x00000007aeb80000)
 ParOldGen       total 35840K, used 6752K [0x0000000780000000, 0x0000000782300000, 0x00000007aab00000)
  object space 35840K, 18% used [0x0000000780000000,0x0000000780698048,0x0000000782300000)
 Metaspace       used 23134K, capacity 23790K, committed 23936K, reserved 1071104K
  class space    used 2197K, capacity 2358K, committed 2432K, reserved 1048576K
GC Heap History (10 events):
Event: 6.695 GC heap before
{Heap before GC invocations=10 (full 1):
 PSYoungGen      total 38400K, used 36014K [0x00000007aab00000, 0x00000007ada00000, 0x00000007c0000000)
  eden space 29696K, 100% used [0x00000007aab00000,0x00000007ac800000,0x00000007ac800000)
  from space 8704K, 72% used [0x00000007ad100000,0x00000007ad72b978,0x00000007ad980000)
  to   space 9216K, 0% used [0x00000007ac800000,0x00000007ac800000,0x00000007ad100000)
 ParOldGen       total 35840K, used 6712K [0x0000000780000000, 0x0000000782300000, 0x00000007aab00000)
  object space 35840K, 18% used [0x0000000780000000,0x000000078068e048,0x0000000782300000)
 Metaspace       used 22366K, capacity 23024K, committed 23424K, reserved 1071104K
  class space    used 2188K, capacity 2347K, committed 2432K, reserved 1048576K
Event: 6.700 GC heap after
Heap after GC invocations=10 (full 1):
 PSYoungGen      total 38912K, used 5838K [0x00000007aab00000, 0x00000007ae000000, 0x00000007c0000000)
  eden space 29696K, 0% used [0x00000007aab00000,0x00000007aab00000,0x00000007ac800000)
  from space 9216K, 63% used [0x00000007ac800000,0x00000007acdb3978,0x00000007ad100000)
  to   space 9216K, 0% used [0x00000007ad700000,0x00000007ad700000,0x00000007ae000000)
 ParOldGen       total 35840K, used 6720K [0x0000000780000000, 0x0000000782300000, 0x00000007aab00000)
  object space 35840K, 18% used [0x0000000780000000,0x0000000780690048,0x0000000782300000)
 Metaspace       used 22366K, capacity 23024K, committed 23424K, reserved 1071104K
  class space    used 2188K, capacity 2347K, committed 2432K, reserved 1048576K
}
Event: 7.713 GC heap before
{Heap before GC invocations=11 (full 1):
 PSYoungGen      total 38912K, used 35534K [0x00000007aab00000, 0x00000007ae000000, 0x00000007c0000000)
  eden space 29696K, 100% used [0x00000007aab00000,0x00000007ac800000,0x00000007ac800000)
  from space 9216K, 63% used [0x00000007ac800000,0x00000007acdb3978,0x00000007ad100000)
  to   space 9216K, 0% used [0x00000007ad700000,0x00000007ad700000,0x00000007ae000000)
 ParOldGen       total 35840K, used 6720K [0x0000000780000000, 0x0000000782300000, 0x00000007aab00000)
  object space 35840K, 18% used [0x0000000780000000,0x0000000780690048,0x0000000782300000)
 Metaspace       used 22581K, capacity 23220K, committed 23424K, reserved 1071104K
  class space    used 2188K, capacity 2347K, committed 2432K, reserved 1048576K
Event: 7.718 GC heap after
Heap after GC invocations=11 (full 1):
 PSYoungGen      total 44032K, used 6382K [0x00000007aab00000, 0x00000007adf80000, 0x00000007c0000000)
  eden space 35328K, 0% used [0x00000007aab00000,0x00000007aab00000,0x00000007acd80000)
  from space 8704K, 73% used [0x00000007ad700000,0x00000007add3b978,0x00000007adf80000)
  to   space 9216K, 0% used [0x00000007acd80000,0x00000007acd80000,0x00000007ad680000)
 ParOldGen       total 35840K, used 6728K [0x0000000780000000, 0x0000000782300000, 0x00000007aab00000)
  object space 35840K, 18% used [0x0000000780000000,0x0000000780692048,0x0000000782300000)
 Metaspace       used 22581K, capacity 23220K, committed 23424K, reserved 1071104K
  class space    used 2188K, capacity 2347K, committed 2432K, reserved 1048576K
}
Event: 9.009 GC heap before
{Heap before GC invocations=12 (full 1):
 PSYoungGen      total 44032K, used 41644K [0x00000007aab00000, 0x00000007adf80000, 0x00000007c0000000)
  eden space 35328K, 99% used [0x00000007aab00000,0x00000007acd6fa18,0x00000007acd80000)
  from space 8704K, 73% used [0x00000007ad700000,0x00000007add3b978,0x00000007adf80000)
  to   space 9216K, 0% used [0x00000007acd80000,0x00000007acd80000,0x00000007ad680000)
 ParOldGen       total 35840K, used 6728K [0x0000000780000000, 0x0000000782300000, 0x00000007aab00000)
  object space 35840K, 18% used [0x0000000780000000,0x0000000780692048,0x0000000782300000)
 Metaspace       used 22725K, capacity 23356K, committed 23680K, reserved 1071104K
  class space    used 2188K, capacity 2347K, committed 2432K, reserved 1048576K
Event: 9.013 GC heap after
Heap after GC invocations=12 (full 1):
 PSYoungGen      total 44544K, used 5390K [0x00000007aab00000, 0x00000007ae580000, 0x00000007c0000000)
  eden space 35328K, 0% used [0x00000007aab00000,0x00000007aab00000,0x00000007acd80000)
  from space 9216K, 58% used [0x00000007acd80000,0x00000007ad2c3968,0x00000007ad680000)
  to   space 9216K, 0% used [0x00000007adc80000,0x00000007adc80000,0x00000007ae580000)
 ParOldGen       total 35840K, used 6736K [0x0000000780000000, 0x0000000782300000, 0x00000007aab00000)
  object space 35840K, 18% used [0x0000000780000000,0x0000000780694048,0x0000000782300000)
 Metaspace       used 22725K, capacity 23356K, committed 23680K, reserved 1071104K
  class space    used 2188K, capacity 2347K, committed 2432K, reserved 1048576K
}
Event: 10.221 GC heap before
{Heap before GC invocations=13 (full 1):
 PSYoungGen      total 44544K, used 40718K [0x00000007aab00000, 0x00000007ae580000, 0x00000007c0000000)
  eden space 35328K, 100% used [0x00000007aab00000,0x00000007acd80000,0x00000007acd80000)
  from space 9216K, 58% used [0x00000007acd80000,0x00000007ad2c3968,0x00000007ad680000)
  to   space 9216K, 0% used [0x00000007adc80000,0x00000007adc80000,0x00000007ae580000)
 ParOldGen       total 35840K, used 6736K [0x0000000780000000, 0x0000000782300000, 0x00000007aab00000)
  object space 35840K, 18% used [0x0000000780000000,0x0000000780694048,0x0000000782300000)
 Metaspace       used 22818K, capacity 23484K, committed 23680K, reserved 1071104K
  class space    used 2188K, capacity 2347K, committed 2432K, reserved 1048576K
Event: 10.226 GC heap after
Heap after GC invocations=13 (full 1):
 PSYoungGen      total 50176K, used 7982K [0x00000007aab00000, 0x00000007ae600000, 0x00000007c0000000)
  eden space 40960K, 0% used [0x00000007aab00000,0x00000007aab00000,0x00000007ad300000)
  from space 9216K, 86% used [0x00000007adc80000,0x00000007ae44b988,0x00000007ae580000)
  to   space 9728K, 0% used [0x00000007ad300000,0x00000007ad300000,0x00000007adc80000)
 ParOldGen       total 35840K, used 6744K [0x0000000780000000, 0x0000000782300000, 0x00000007aab00000)
  object space 35840K, 18% used [0x0000000780000000,0x0000000780696048,0x0000000782300000)
 Metaspace       used 22818K, capacity 23484K, committed 23680K, reserved 1071104K
  class space    used 2188K, capacity 2347K, committed 2432K, reserved 1048576K
}
Event: 11.643 GC heap before
{Heap before GC invocations=14 (full 1):
 PSYoungGen      total 50176K, used 48942K [0x00000007aab00000, 0x00000007ae600000, 0x00000007c0000000)
  eden space 40960K, 100% used [0x00000007aab00000,0x00000007ad300000,0x00000007ad300000)
  from space 9216K, 86% used [0x00000007adc80000,0x00000007ae44b988,0x00000007ae580000)
  to   space 9728K, 0% used [0x00000007ad300000,0x00000007ad300000,0x00000007adc80000)
 ParOldGen       total 35840K, used 6744K [0x0000000780000000, 0x0000000782300000, 0x00000007aab00000)
  object space 35840K, 18% used [0x0000000780000000,0x0000000780696048,0x0000000782300000)
 Metaspace       used 22935K, capacity 23548K, committed 23936K, reserved 1071104K
  class space    used 2189K, capacity 2347K, committed 2432K, reserved 1048576K
Event: 11.646 GC heap after
Heap after GC invocations=14 (full 1):
 PSYoungGen      total 50688K, used 6446K [0x00000007aab00000, 0x00000007aeb80000, 0x00000007c0000000)
  eden space 40960K, 0% used [0x00000007aab00000,0x00000007aab00000,0x00000007ad300000)
  from space 9728K, 66% used [0x00000007ad300000,0x00000007ad94b978,0x00000007adc80000)
  to   space 9728K, 0% used [0x00000007ae200000,0x00000007ae200000,0x00000007aeb80000)
 ParOldGen       total 35840K, used 6752K [0x0000000780000000, 0x0000000782300000, 0x00000007aab00000)
  object space 35840K, 18% used [0x0000000780000000,0x0000000780698048,0x0000000782300000)
 Metaspace       used 22935K, capacity 23548K, committed 23936K, reserved 1071104K
  class space    used 2189K, capacity 2347K, committed 2432K, reserved 1048576K
}

