# JRE version: Java(TM) SE Runtime Environment (8.0_40-b26) (build 1.8.0_40-b26)
# Java VM: Java HotSpot(TM) 64-Bit Server VM (25.40-b25 mixed mode bsd-amd64 compressed oops)
Heap:
 PSYoungGen      total 85504K, used 549K [0x00000007aab00000, 0x00000007b2400000, 0x00000007c0000000)
  eden space 76800K, 0% used [0x00000007aab00000,0x00000007aab615f0,0x00000007af600000)
  from space 8704K, 1% used [0x00000007af600000,0x00000007af628000,0x00000007afe80000)
  to   space 8704K, 0% used [0x00000007b1b80000,0x00000007b1b80000,0x00000007b2400000)
 ParOldGen       total 27648K, used 17406K [0x0000000780000000, 0x0000000781b00000, 0x00000007aab00000)
  object space 27648K, 62% used [0x0000000780000000,0x00000007810ff900,0x0000000781b00000)
 Metaspace       used 22752K, capacity 23514K, committed 23728K, reserved 1071104K
  class space    used 2214K, capacity 2432K, committed 2480K, reserved 1048576K
GC Heap History (10 events):
Event: 5.742 GC heap before
{Heap before GC invocations=8 (full 1):
 PSYoungGen      total 35840K, used 32575K [0x00000007aab00000, 0x00000007ad480000, 0x00000007c0000000)
  eden space 30208K, 100% used [0x00000007aab00000,0x00000007ac880000,0x00000007ac880000)
  from space 5632K, 42% used [0x00000007acf00000,0x00000007ad14fff0,0x00000007ad480000)
  to   space 6144K, 0% used [0x00000007ac880000,0x00000007ac880000,0x00000007ace80000)
 ParOldGen       total 27648K, used 6022K [0x0000000780000000, 0x0000000781b00000, 0x00000007aab00000)
  object space 27648K, 21% used [0x0000000780000000,0x00000007805e1b60,0x0000000781b00000)
 Metaspace       used 21515K, capacity 22168K, committed 22448K, reserved 1069056K
  class space    used 2208K, capacity 2421K, committed 2480K, reserved 1048576K
Event: 5.748 GC heap after
Heap after GC invocations=8 (full 1):
 PSYoungGen      total 36352K, used 5984K [0x00000007aab00000, 0x00000007aee80000, 0x00000007c0000000)
  eden space 30208K, 0% used [0x00000007aab00000,0x00000007aab00000,0x00000007ac880000)
  from space 6144K, 97% used [0x00000007ac880000,0x00000007ace583e0,0x00000007ace80000)
  to   space 7168K, 0% used [0x00000007ae780000,0x00000007ae780000,0x00000007aee80000)
 ParOldGen       total 27648K, used 6030K [0x0000000780000000, 0x0000000781b00000, 0x00000007aab00000)
  object space 27648K, 21% used [0x0000000780000000,0x00000007805e3b60,0x0000000781b00000)
 Metaspace       used 21515K, capacity 22168K, committed 22448K, reserved 1069056K
  class space    used 2208K, capacity 2421K, committed 2480K, reserved 1048576K
}
Event: 6.206 GC heap before
{Heap before GC invocations=9 (full 1):
 PSYoungGen      total 36352K, used 36192K [0x00000007aab00000, 0x00000007aee80000, 0x00000007c0000000)
  eden space 30208K, 100% used [0x00000007aab00000,0x00000007ac880000,0x00000007ac880000)
  from space 6144K, 97% used [0x00000007ac880000,0x00000007ace583e0,0x00000007ace80000)
  to   space 7168K, 0% used [0x00000007ae780000,0x00000007ae780000,0x00000007aee80000)
 ParOldGen       total 27648K, used 6030K [0x0000000780000000, 0x0000000781b00000, 0x00000007aab00000)
  object space 27648K, 21% used [0x0000000780000000,0x00000007805e3b60,0x0000000781b00000)
 Metaspace       used 21718K, capacity 22424K, committed 22704K, reserved 1069056K
  class space    used 2208K, capacity 2421K, committed 2480K, reserved 1048576K
Event: 6.215 GC heap after
Heap after GC invocations=9 (full 1):
 PSYoungGen      total 60928K, used 6464K [0x00000007aab00000, 0x00000007af000000, 0x00000007c0000000)
  eden space 53760K, 0% used [0x00000007aab00000,0x00000007aab00000,0x00000007adf80000)
  from space 7168K, 90% used [0x00000007ae780000,0x00000007aedd03e0,0x00000007aee80000)
  to   space 8192K, 0% used [0x00000007adf80000,0x00000007adf80000,0x00000007ae780000)
 ParOldGen       total 27648K, used 8086K [0x0000000780000000, 0x0000000781b00000, 0x00000007aab00000)
  object space 27648K, 29% used [0x0000000780000000,0x00000007807e5b70,0x0000000781b00000)
 Metaspace       used 21718K, capacity 22424K, committed 22704K, reserved 1069056K
  class space    used 2208K, capacity 2421K, committed 2480K, reserved 1048576K
}
Event: 7.393 GC heap before
{Heap before GC invocations=10 (full 1):
 PSYoungGen      total 60928K, used 60224K [0x00000007aab00000, 0x00000007af000000, 0x00000007c0000000)
  eden space 53760K, 100% used [0x00000007aab00000,0x00000007adf80000,0x00000007adf80000)
  from space 7168K, 90% used [0x00000007ae780000,0x00000007aedd03e0,0x00000007aee80000)
  to   space 8192K, 0% used [0x00000007adf80000,0x00000007adf80000,0x00000007ae780000)
 ParOldGen       total 27648K, used 8086K [0x0000000780000000, 0x0000000781b00000, 0x00000007aab00000)
  object space 27648K, 29% used [0x0000000780000000,0x00000007807e5b70,0x0000000781b00000)
 Metaspace       used 22138K, capacity 22808K, committed 22960K, reserved 1069056K
  class space    used 2208K, capacity 2421K, committed 2480K, reserved 1048576K
Event: 7.401 GC heap after
Heap after GC invocations=10 (full 1):
 PSYoungGen      total 61952K, used 6544K [0x00000007aab00000, 0x00000007b0880000, 0x00000007c0000000)
  eden space 53760K, 0% used [0x00000007aab00000,0x00000007aab00000,0x00000007adf80000)
  from space 8192K, 79% used [0x00000007adf80000,0x00000007ae5e43f0,0x00000007ae780000)
  to   space 8704K, 0% used [0x00000007b0000000,0x00000007b0000000,0x00000007b0880000)
 ParOldGen       total 27648K, used 10213K [0x0000000780000000, 0x0000000781b00000, 0x00000007aab00000)
  object space 27648K, 36% used [0x0000000780000000,0x00000007809f9520,0x0000000781b00000)
 Metaspace       used 22138K, capacity 22808K, committed 22960K, reserved 1069056K
  class space    used 2208K, capacity 2421K, committed 2480K, reserved 1048576K
}
Event: 8.998 GC heap before
{Heap before GC invocations=11 (full 1):
 PSYoungGen      total 61952K, used 60304K [0x00000007aab00000, 0x00000007b0880000, 0x00000007c0000000)
  eden space 53760K, 100% used [0x00000007aab00000,0x00000007adf80000,0x00000007adf80000)
  from space 8192K, 79% used [0x00000007adf80000,0x00000007ae5e43f0,0x00000007ae780000)
  to   space 8704K, 0% used [0x00000007b0000000,0x00000007b0000000,0x00000007b0880000)
 ParOldGen       total 27648K, used 10213K [0x0000000780000000, 0x0000000781b00000, 0x00000007aab00000)
  object space 27648K, 36% used [0x0000000780000000,0x00000007809f9520,0x0000000781b00000)
 Metaspace       used 22451K, capacity 23132K, committed 23216K, reserved 1071104K
  class space    used 2208K, capacity 2421K, committed 2480K, reserved 1048576K
Event: 9.005 GC heap after
Heap after GC invocations=11 (full 1):
 PSYoungGen      total 83968K, used 1504K [0x00000007aab00000, 0x00000007b0700000, 0x00000007c0000000)
  eden space 76800K, 0% used [0x00000007aab00000,0x00000007aab00000,0x00000007af600000)
  from space 7168K, 20% used [0x00000007b0000000,0x00000007b0178020,0x00000007b0700000)
  to   space 8704K, 0% used [0x00000007af600000,0x00000007af600000,0x00000007afe80000)
 ParOldGen       total 27648K, used 17342K [0x0000000780000000, 0x0000000781b00000, 0x00000007aab00000)
  object space 27648K, 62% used [0x0000000780000000,0x00000007810ef900,0x0000000781b00000)
 Metaspace       used 22451K, capacity 23132K, committed 23216K, reserved 1071104K
  class space    used 2208K, capacity 2421K, committed 2480K, reserved 1048576K
}
Event: 11.269 GC heap before
{Heap before GC invocations=12 (full 1):
 PSYoungGen      total 83968K, used 78304K [0x00000007aab00000, 0x00000007b0700000, 0x00000007c0000000)
  eden space 76800K, 100% used [0x00000007aab00000,0x00000007af600000,0x00000007af600000)
  from space 7168K, 20% used [0x00000007b0000000,0x00000007b0178020,0x00000007b0700000)
  to   space 8704K, 0% used [0x00000007af600000,0x00000007af600000,0x00000007afe80000)
 ParOldGen       total 27648K, used 17342K [0x0000000780000000, 0x0000000781b00000, 0x00000007aab00000)
  object space 27648K, 62% used [0x0000000780000000,0x00000007810ef900,0x0000000781b00000)
 Metaspace       used 22752K, capacity 23514K, committed 23728K, reserved 1071104K
  class space    used 2214K, capacity 2432K, committed 2480K, reserved 1048576K
Event: 11.271 GC heap after
Heap after GC invocations=12 (full 1):
 PSYoungGen      total 85504K, used 160K [0x00000007aab00000, 0x00000007b2400000, 0x00000007c0000000)
  eden space 76800K, 0% used [0x00000007aab00000,0x00000007aab00000,0x00000007af600000)
  from space 8704K, 1% used [0x00000007af600000,0x00000007af628000,0x00000007afe80000)
  to   space 8704K, 0% used [0x00000007b1b80000,0x00000007b1b80000,0x00000007b2400000)
 ParOldGen       total 27648K, used 17406K [0x0000000780000000, 0x0000000781b00000, 0x00000007aab00000)
  object space 27648K, 62% used [0x0000000780000000,0x00000007810ff900,0x0000000781b00000)
 Metaspace       used 22752K, capacity 23514K, committed 23728K, reserved 1071104K
  class space    used 2214K, capacity 2432K, committed 2480K, reserved 1048576K
}

