# JRE version: Java(TM) SE Runtime Environment (8.0_40-b26) (build 1.8.0_40-b26)
# Java VM: Java HotSpot(TM) 64-Bit Server VM (25.40-b25 mixed mode bsd-amd64 compressed oops)
Heap:
 PSYoungGen      total 80896K, used 33766K [0x00000007aab00000, 0x00000007b0280000, 0x00000007c0000000)
  eden space 76288K, 42% used [0x00000007aab00000,0x00000007aca919b0,0x00000007af580000)
  from space 4608K, 31% used [0x00000007afe00000,0x00000007aff68020,0x00000007b0280000)
  to   space 6656K, 0% used [0x00000007af580000,0x00000007af580000,0x00000007afc00000)
 ParOldGen       total 29696K, used 8811K [0x0000000780000000, 0x0000000781d00000, 0x00000007aab00000)
  object space 29696K, 29% used [0x0000000780000000,0x000000078089af70,0x0000000781d00000)
 Metaspace       used 21964K, capacity 22576K, committed 22912K, reserved 1069056K
  class space    used 2147K, capacity 2315K, committed 2432K, reserved 1048576K
GC Heap History (10 events):
Event: 5.860 GC heap before
{Heap before GC invocations=9 (full 1):
 PSYoungGen      total 34304K, used 32544K [0x00000007aab00000, 0x00000007ae600000, 0x00000007c0000000)
  eden space 28160K, 100% used [0x00000007aab00000,0x00000007ac680000,0x00000007ac680000)
  from space 6144K, 71% used [0x00000007ac680000,0x00000007acac83d0,0x00000007acc80000)
  to   space 6656K, 0% used [0x00000007adf80000,0x00000007adf80000,0x00000007ae600000)
 ParOldGen       total 29696K, used 5744K [0x0000000780000000, 0x0000000781d00000, 0x00000007aab00000)
  object space 29696K, 19% used [0x0000000780000000,0x000000078059c220,0x0000000781d00000)
 Metaspace       used 20876K, capacity 21482K, committed 21760K, reserved 1069056K
  class space    used 2141K, capacity 2304K, committed 2304K, reserved 1048576K
Event: 5.866 GC heap after
Heap after GC invocations=9 (full 1):
 PSYoungGen      total 51712K, used 3104K [0x00000007aab00000, 0x00000007ae480000, 0x00000007c0000000)
  eden space 46592K, 0% used [0x00000007aab00000,0x00000007aab00000,0x00000007ad880000)
  from space 5120K, 60% used [0x00000007adf80000,0x00000007ae2883b0,0x00000007ae480000)
  to   space 6144K, 0% used [0x00000007ad880000,0x00000007ad880000,0x00000007ade80000)
 ParOldGen       total 29696K, used 5752K [0x0000000780000000, 0x0000000781d00000, 0x00000007aab00000)
  object space 29696K, 19% used [0x0000000780000000,0x000000078059e220,0x0000000781d00000)
 Metaspace       used 20876K, capacity 21482K, committed 21760K, reserved 1069056K
  class space    used 2141K, capacity 2304K, committed 2304K, reserved 1048576K
}
Event: 7.339 GC heap before
{Heap before GC invocations=10 (full 1):
 PSYoungGen      total 51712K, used 49696K [0x00000007aab00000, 0x00000007ae480000, 0x00000007c0000000)
  eden space 46592K, 100% used [0x00000007aab00000,0x00000007ad880000,0x00000007ad880000)
  from space 5120K, 60% used [0x00000007adf80000,0x00000007ae2883b0,0x00000007ae480000)
  to   space 6144K, 0% used [0x00000007ad880000,0x00000007ad880000,0x00000007ade80000)
 ParOldGen       total 29696K, used 5752K [0x0000000780000000, 0x0000000781d00000, 0x00000007aab00000)
  object space 29696K, 19% used [0x0000000780000000,0x000000078059e220,0x0000000781d00000)
 Metaspace       used 21379K, capacity 21998K, committed 22272K, reserved 1069056K
  class space    used 2141K, capacity 2304K, committed 2304K, reserved 1048576K
Event: 7.343 GC heap after
Heap after GC invocations=10 (full 1):
 PSYoungGen      total 52736K, used 4384K [0x00000007aab00000, 0x00000007af580000, 0x00000007c0000000)
  eden space 46592K, 0% used [0x00000007aab00000,0x00000007aab00000,0x00000007ad880000)
  from space 6144K, 71% used [0x00000007ad880000,0x00000007adcc83d0,0x00000007ade80000)
  to   space 6656K, 0% used [0x00000007aef00000,0x00000007aef00000,0x00000007af580000)
 ParOldGen       total 29696K, used 5784K [0x0000000780000000, 0x0000000781d00000, 0x00000007aab00000)
  object space 29696K, 19% used [0x0000000780000000,0x00000007805a6220,0x0000000781d00000)
 Metaspace       used 21379K, capacity 21998K, committed 22272K, reserved 1069056K
  class space    used 2141K, capacity 2304K, committed 2304K, reserved 1048576K
}
Event: 8.918 GC heap before
{Heap before GC invocations=11 (full 1):
 PSYoungGen      total 52736K, used 50821K [0x00000007aab00000, 0x00000007af580000, 0x00000007c0000000)
  eden space 46592K, 99% used [0x00000007aab00000,0x00000007ad859120,0x00000007ad880000)
  from space 6144K, 71% used [0x00000007ad880000,0x00000007adcc83d0,0x00000007ade80000)
  to   space 6656K, 0% used [0x00000007aef00000,0x00000007aef00000,0x00000007af580000)
 ParOldGen       total 29696K, used 5784K [0x0000000780000000, 0x0000000781d00000, 0x00000007aab00000)
  object space 29696K, 19% used [0x0000000780000000,0x00000007805a6220,0x0000000781d00000)
 Metaspace       used 21525K, capacity 22126K, committed 22272K, reserved 1069056K
  class space    used 2141K, capacity 2304K, committed 2304K, reserved 1048576K
Event: 8.923 GC heap after
Heap after GC invocations=11 (full 1):
 PSYoungGen      total 66560K, used 416K [0x00000007aab00000, 0x00000007af400000, 0x00000007c0000000)
  eden space 61440K, 0% used [0x00000007aab00000,0x00000007aab00000,0x00000007ae700000)
  from space 5120K, 8% used [0x00000007aef00000,0x00000007aef68010,0x00000007af400000)
  to   space 6656K, 0% used [0x00000007ae700000,0x00000007ae700000,0x00000007aed80000)
 ParOldGen       total 29696K, used 8787K [0x0000000780000000, 0x0000000781d00000, 0x00000007aab00000)
  object space 29696K, 29% used [0x0000000780000000,0x0000000780894f70,0x0000000781d00000)
 Metaspace       used 21525K, capacity 22126K, committed 22272K, reserved 1069056K
  class space    used 2141K, capacity 2304K, committed 2304K, reserved 1048576K
}
Event: 10.855 GC heap before
{Heap before GC invocations=12 (full 1):
 PSYoungGen      total 66560K, used 61856K [0x00000007aab00000, 0x00000007af400000, 0x00000007c0000000)
  eden space 61440K, 100% used [0x00000007aab00000,0x00000007ae700000,0x00000007ae700000)
  from space 5120K, 8% used [0x00000007aef00000,0x00000007aef68010,0x00000007af400000)
  to   space 6656K, 0% used [0x00000007ae700000,0x00000007ae700000,0x00000007aed80000)
 ParOldGen       total 29696K, used 8787K [0x0000000780000000, 0x0000000781d00000, 0x00000007aab00000)
  object space 29696K, 29% used [0x0000000780000000,0x0000000780894f70,0x0000000781d00000)
 Metaspace       used 21670K, capacity 22334K, committed 22528K, reserved 1069056K
  class space    used 2141K, capacity 2304K, committed 2304K, reserved 1048576K
Event: 10.857 GC heap after
Heap after GC invocations=12 (full 1):
 PSYoungGen      total 68096K, used 1440K [0x00000007aab00000, 0x00000007b0480000, 0x00000007c0000000)
  eden space 61440K, 0% used [0x00000007aab00000,0x00000007aab00000,0x00000007ae700000)
  from space 6656K, 21% used [0x00000007ae700000,0x00000007ae868020,0x00000007aed80000)
  to   space 6656K, 0% used [0x00000007afe00000,0x00000007afe00000,0x00000007b0480000)
 ParOldGen       total 29696K, used 8803K [0x0000000780000000, 0x0000000781d00000, 0x00000007aab00000)
  object space 29696K, 29% used [0x0000000780000000,0x0000000780898f70,0x0000000781d00000)
 Metaspace       used 21670K, capacity 22334K, committed 22528K, reserved 1069056K
  class space    used 2141K, capacity 2304K, committed 2304K, reserved 1048576K
}
Event: 12.865 GC heap before
{Heap before GC invocations=13 (full 1):
 PSYoungGen      total 68096K, used 62880K [0x00000007aab00000, 0x00000007b0480000, 0x00000007c0000000)
  eden space 61440K, 100% used [0x00000007aab00000,0x00000007ae700000,0x00000007ae700000)
  from space 6656K, 21% used [0x00000007ae700000,0x00000007ae868020,0x00000007aed80000)
  to   space 6656K, 0% used [0x00000007afe00000,0x00000007afe00000,0x00000007b0480000)
 ParOldGen       total 29696K, used 8803K [0x0000000780000000, 0x0000000781d00000, 0x00000007aab00000)
  object space 29696K, 29% used [0x0000000780000000,0x0000000780898f70,0x0000000781d00000)
 Metaspace       used 21811K, capacity 22462K, committed 22528K, reserved 1069056K
  class space    used 2141K, capacity 2304K, committed 2304K, reserved 1048576K
Event: 12.867 GC heap after
Heap after GC invocations=13 (full 1):
 PSYoungGen      total 80896K, used 1440K [0x00000007aab00000, 0x00000007b0280000, 0x00000007c0000000)
  eden space 76288K, 0% used [0x00000007aab00000,0x00000007aab00000,0x00000007af580000)
  from space 4608K, 31% used [0x00000007afe00000,0x00000007aff68020,0x00000007b0280000)
  to   space 6656K, 0% used [0x00000007af580000,0x00000007af580000,0x00000007afc00000)
 ParOldGen       total 29696K, used 8811K [0x0000000780000000, 0x0000000781d00000, 0x00000007aab00000)
  object space 29696K, 29% used [0x0000000780000000,0x000000078089af70,0x0000000781d00000)
 Metaspace       used 21811K, capacity 22462K, committed 22528K, reserved 1069056K
  class space    used 2141K, capacity 2304K, committed 2304K, reserved 1048576K
}

