# JRE version: Java(TM) SE Runtime Environment (8.0_40-b26) (build 1.8.0_40-b26)
# Java VM: Java HotSpot(TM) 64-Bit Server VM (25.40-b25 mixed mode bsd-amd64 compressed oops)
Heap:
 PSYoungGen      total 98816K, used 12754K [0x00000007aab00000, 0x00000007b1380000, 0x00000007c0000000)
  eden space 91648K, 13% used [0x00000007aab00000,0x00000007ab7349c0,0x00000007b0480000)
  from space 7168K, 3% used [0x00000007b0c80000,0x00000007b0cc0000,0x00000007b1380000)
  to   space 7680K, 0% used [0x00000007b0480000,0x00000007b0480000,0x00000007b0c00000)
 ParOldGen       total 33792K, used 14485K [0x0000000780000000, 0x0000000782100000, 0x00000007aab00000)
  object space 33792K, 42% used [0x0000000780000000,0x0000000780e254d8,0x0000000782100000)
 Metaspace       used 24148K, capacity 24882K, committed 25088K, reserved 1071104K
  class space    used 2245K, capacity 2436K, committed 2560K, reserved 1048576K
GC Heap History (10 events):
Event: 48.955 GC heap before
{Heap before GC invocations=33 (full 1):
 PSYoungGen      total 96256K, used 88032K [0x00000007aab00000, 0x00000007b1380000, 0x00000007c0000000)
  eden space 86528K, 100% used [0x00000007aab00000,0x00000007aff80000,0x00000007aff80000)
  from space 9728K, 15% used [0x00000007aff80000,0x00000007b00f8020,0x00000007b0900000)
  to   space 9216K, 0% used [0x00000007b0a80000,0x00000007b0a80000,0x00000007b1380000)
 ParOldGen       total 33792K, used 14365K [0x0000000780000000, 0x0000000782100000, 0x00000007aab00000)
  object space 33792K, 42% used [0x0000000780000000,0x0000000780e074d8,0x0000000782100000)
 Metaspace       used 23854K, capacity 24556K, committed 24704K, reserved 1071104K
  class space    used 2205K, capacity 2421K, committed 2432K, reserved 1048576K
Event: 48.958 GC heap after
Heap after GC invocations=33 (full 1):
 PSYoungGen      total 96768K, used 1536K [0x00000007aab00000, 0x00000007b1280000, 0x00000007c0000000)
  eden space 88576K, 0% used [0x00000007aab00000,0x00000007aab00000,0x00000007b0180000)
  from space 8192K, 18% used [0x00000007b0a80000,0x00000007b0c00020,0x00000007b1280000)
  to   space 8704K, 0% used [0x00000007b0180000,0x00000007b0180000,0x00000007b0a00000)
 ParOldGen       total 33792K, used 14389K [0x0000000780000000, 0x0000000782100000, 0x00000007aab00000)
  object space 33792K, 42% used [0x0000000780000000,0x0000000780e0d4d8,0x0000000782100000)
 Metaspace       used 23854K, capacity 24556K, committed 24704K, reserved 1071104K
  class space    used 2205K, capacity 2421K, committed 2432K, reserved 1048576K
}
Event: 51.171 GC heap before
{Heap before GC invocations=34 (full 1):
 PSYoungGen      total 96768K, used 90112K [0x00000007aab00000, 0x00000007b1280000, 0x00000007c0000000)
  eden space 88576K, 100% used [0x00000007aab00000,0x00000007b0180000,0x00000007b0180000)
  from space 8192K, 18% used [0x00000007b0a80000,0x00000007b0c00020,0x00000007b1280000)
  to   space 8704K, 0% used [0x00000007b0180000,0x00000007b0180000,0x00000007b0a00000)
 ParOldGen       total 33792K, used 14389K [0x0000000780000000, 0x0000000782100000, 0x00000007aab00000)
  object space 33792K, 42% used [0x0000000780000000,0x0000000780e0d4d8,0x0000000782100000)
 Metaspace       used 23906K, capacity 24626K, committed 24704K, reserved 1071104K
  class space    used 2209K, capacity 2422K, committed 2432K, reserved 1048576K
Event: 51.174 GC heap after
Heap after GC invocations=34 (full 1):
 PSYoungGen      total 97280K, used 1568K [0x00000007aab00000, 0x00000007b1400000, 0x00000007c0000000)
  eden space 88576K, 0% used [0x00000007aab00000,0x00000007aab00000,0x00000007b0180000)
  from space 8704K, 18% used [0x00000007b0180000,0x00000007b0308020,0x00000007b0a00000)
  to   space 8704K, 0% used [0x00000007b0b80000,0x00000007b0b80000,0x00000007b1400000)
 ParOldGen       total 33792K, used 14413K [0x0000000780000000, 0x0000000782100000, 0x00000007aab00000)
  object space 33792K, 42% used [0x0000000780000000,0x0000000780e134d8,0x0000000782100000)
 Metaspace       used 23906K, capacity 24626K, committed 24704K, reserved 1071104K
  class space    used 2209K, capacity 2422K, committed 2432K, reserved 1048576K
}
Event: 53.392 GC heap before
{Heap before GC invocations=35 (full 1):
 PSYoungGen      total 97280K, used 90144K [0x00000007aab00000, 0x00000007b1400000, 0x00000007c0000000)
  eden space 88576K, 100% used [0x00000007aab00000,0x00000007b0180000,0x00000007b0180000)
  from space 8704K, 18% used [0x00000007b0180000,0x00000007b0308020,0x00000007b0a00000)
  to   space 8704K, 0% used [0x00000007b0b80000,0x00000007b0b80000,0x00000007b1400000)
 ParOldGen       total 33792K, used 14413K [0x0000000780000000, 0x0000000782100000, 0x00000007aab00000)
  object space 33792K, 42% used [0x0000000780000000,0x0000000780e134d8,0x0000000782100000)
 Metaspace       used 24107K, capacity 24768K, committed 24960K, reserved 1071104K
  class space    used 2237K, capacity 2425K, committed 2432K, reserved 1048576K
Event: 53.395 GC heap after
Heap after GC invocations=35 (full 1):
 PSYoungGen      total 97792K, used 1504K [0x00000007aab00000, 0x00000007b1300000, 0x00000007c0000000)
  eden space 90112K, 0% used [0x00000007aab00000,0x00000007aab00000,0x00000007b0300000)
  from space 7680K, 19% used [0x00000007b0b80000,0x00000007b0cf8020,0x00000007b1300000)
  to   space 8192K, 0% used [0x00000007b0300000,0x00000007b0300000,0x00000007b0b00000)
 ParOldGen       total 33792K, used 14437K [0x0000000780000000, 0x0000000782100000, 0x00000007aab00000)
  object space 33792K, 42% used [0x0000000780000000,0x0000000780e194d8,0x0000000782100000)
 Metaspace       used 24107K, capacity 24768K, committed 24960K, reserved 1071104K
  class space    used 2237K, capacity 2425K, committed 2432K, reserved 1048576K
}
Event: 55.617 GC heap before
{Heap before GC invocations=36 (full 1):
 PSYoungGen      total 97792K, used 91616K [0x00000007aab00000, 0x00000007b1300000, 0x00000007c0000000)
  eden space 90112K, 100% used [0x00000007aab00000,0x00000007b0300000,0x00000007b0300000)
  from space 7680K, 19% used [0x00000007b0b80000,0x00000007b0cf8020,0x00000007b1300000)
  to   space 8192K, 0% used [0x00000007b0300000,0x00000007b0300000,0x00000007b0b00000)
 ParOldGen       total 33792K, used 14437K [0x0000000780000000, 0x0000000782100000, 0x00000007aab00000)
  object space 33792K, 42% used [0x0000000780000000,0x0000000780e194d8,0x0000000782100000)
 Metaspace       used 24112K, capacity 24768K, committed 24960K, reserved 1071104K
  class space    used 2237K, capacity 2425K, committed 2432K, reserved 1048576K
Event: 55.619 GC heap after
Heap after GC invocations=36 (full 1):
 PSYoungGen      total 98304K, used 256K [0x00000007aab00000, 0x00000007b1480000, 0x00000007c0000000)
  eden space 90112K, 0% used [0x00000007aab00000,0x00000007aab00000,0x00000007b0300000)
  from space 8192K, 3% used [0x00000007b0300000,0x00000007b0340000,0x00000007b0b00000)
  to   space 8192K, 0% used [0x00000007b0c80000,0x00000007b0c80000,0x00000007b1480000)
 ParOldGen       total 33792K, used 14461K [0x0000000780000000, 0x0000000782100000, 0x00000007aab00000)
  object space 33792K, 42% used [0x0000000780000000,0x0000000780e1f4d8,0x0000000782100000)
 Metaspace       used 24112K, capacity 24768K, committed 24960K, reserved 1071104K
  class space    used 2237K, capacity 2425K, committed 2432K, reserved 1048576K
}
Event: 58.039 GC heap before
{Heap before GC invocations=37 (full 1):
 PSYoungGen      total 98304K, used 90368K [0x00000007aab00000, 0x00000007b1480000, 0x00000007c0000000)
  eden space 90112K, 100% used [0x00000007aab00000,0x00000007b0300000,0x00000007b0300000)
  from space 8192K, 3% used [0x00000007b0300000,0x00000007b0340000,0x00000007b0b00000)
  to   space 8192K, 0% used [0x00000007b0c80000,0x00000007b0c80000,0x00000007b1480000)
 ParOldGen       total 33792K, used 14461K [0x0000000780000000, 0x0000000782100000, 0x00000007aab00000)
  object space 33792K, 42% used [0x0000000780000000,0x0000000780e1f4d8,0x0000000782100000)
 Metaspace       used 24113K, capacity 24832K, committed 24960K, reserved 1071104K
  class space    used 2237K, capacity 2425K, committed 2432K, reserved 1048576K
Event: 58.041 GC heap after
Heap after GC invocations=37 (full 1):
 PSYoungGen      total 98816K, used 256K [0x00000007aab00000, 0x00000007b1380000, 0x00000007c0000000)
  eden space 91648K, 0% used [0x00000007aab00000,0x00000007aab00000,0x00000007b0480000)
  from space 7168K, 3% used [0x00000007b0c80000,0x00000007b0cc0000,0x00000007b1380000)
  to   space 7680K, 0% used [0x00000007b0480000,0x00000007b0480000,0x00000007b0c00000)
 ParOldGen       total 33792K, used 14485K [0x0000000780000000, 0x0000000782100000, 0x00000007aab00000)
  object space 33792K, 42% used [0x0000000780000000,0x0000000780e254d8,0x0000000782100000)
 Metaspace       used 24113K, capacity 24832K, committed 24960K, reserved 1071104K
  class space    used 2237K, capacity 2425K, committed 2432K, reserved 1048576K
}

