# JRE version: Java(TM) SE Runtime Environment (8.0_40-b26) (build 1.8.0_40-b26)
# Java VM: Java HotSpot(TM) 64-Bit Server VM (25.40-b25 mixed mode bsd-amd64 compressed oops)
Heap:
 PSYoungGen      total 147968K, used 59212K [0x00000007aab00000, 0x00000007b4280000, 0x00000007c0000000)
  eden space 142848K, 41% used [0x00000007aab00000,0x00000007ae4530a0,0x00000007b3680000)
  from space 5120K, 10% used [0x00000007b3d80000,0x00000007b3e00010,0x00000007b4280000)
  to   space 6144K, 0% used [0x00000007b3680000,0x00000007b3680000,0x00000007b3c80000)
 ParOldGen       total 28672K, used 13267K [0x0000000780000000, 0x0000000781c00000, 0x00000007aab00000)
  object space 28672K, 46% used [0x0000000780000000,0x0000000780cf4fe0,0x0000000781c00000)
 Metaspace       used 23982K, capacity 24772K, committed 25088K, reserved 1071104K
  class space    used 2223K, capacity 2441K, committed 2560K, reserved 1048576K
GC Heap History (10 events):
Event: 30.426 GC heap before
{Heap before GC invocations=19 (full 1):
 PSYoungGen      total 130048K, used 124128K [0x00000007aab00000, 0x00000007b3a80000, 0x00000007c0000000)
  eden space 122368K, 100% used [0x00000007aab00000,0x00000007b2280000,0x00000007b2280000)
  from space 7680K, 22% used [0x00000007b2280000,0x00000007b2438030,0x00000007b2a00000)
  to   space 7168K, 0% used [0x00000007b3380000,0x00000007b3380000,0x00000007b3a80000)
 ParOldGen       total 28672K, used 13235K [0x0000000780000000, 0x0000000781c00000, 0x00000007aab00000)
  object space 28672K, 46% used [0x0000000780000000,0x0000000780cecfe0,0x0000000781c00000)
 Metaspace       used 23792K, capacity 24466K, committed 24704K, reserved 1071104K
  class space    used 2213K, capacity 2430K, committed 2432K, reserved 1048576K
Event: 30.429 GC heap after
Heap after GC invocations=19 (full 1):
 PSYoungGen      total 135680K, used 1728K [0x00000007aab00000, 0x00000007b3800000, 0x00000007c0000000)
  eden space 131072K, 0% used [0x00000007aab00000,0x00000007aab00000,0x00000007b2b00000)
  from space 4608K, 37% used [0x00000007b3380000,0x00000007b3530030,0x00000007b3800000)
  to   space 6656K, 0% used [0x00000007b2b00000,0x00000007b2b00000,0x00000007b3180000)
 ParOldGen       total 28672K, used 13243K [0x0000000780000000, 0x0000000781c00000, 0x00000007aab00000)
  object space 28672K, 46% used [0x0000000780000000,0x0000000780ceefe0,0x0000000781c00000)
 Metaspace       used 23792K, capacity 24466K, committed 24704K, reserved 1071104K
  class space    used 2213K, capacity 2430K, committed 2432K, reserved 1048576K
}
Event: 34.167 GC heap before
{Heap before GC invocations=20 (full 1):
 PSYoungGen      total 135680K, used 132800K [0x00000007aab00000, 0x00000007b3800000, 0x00000007c0000000)
  eden space 131072K, 100% used [0x00000007aab00000,0x00000007b2b00000,0x00000007b2b00000)
  from space 4608K, 37% used [0x00000007b3380000,0x00000007b3530030,0x00000007b3800000)
  to   space 6656K, 0% used [0x00000007b2b00000,0x00000007b2b00000,0x00000007b3180000)
 ParOldGen       total 28672K, used 13243K [0x0000000780000000, 0x0000000781c00000, 0x00000007aab00000)
  object space 28672K, 46% used [0x0000000780000000,0x0000000780ceefe0,0x0000000781c00000)
 Metaspace       used 23821K, capacity 24594K, committed 24704K, reserved 1071104K
  class space    used 2213K, capacity 2430K, committed 2432K, reserved 1048576K
Event: 34.169 GC heap after
Heap after GC invocations=20 (full 1):
 PSYoungGen      total 137728K, used 512K [0x00000007aab00000, 0x00000007b3f80000, 0x00000007c0000000)
  eden space 131072K, 0% used [0x00000007aab00000,0x00000007aab00000,0x00000007b2b00000)
  from space 6656K, 7% used [0x00000007b2b00000,0x00000007b2b80010,0x00000007b3180000)
  to   space 6656K, 0% used [0x00000007b3900000,0x00000007b3900000,0x00000007b3f80000)
 ParOldGen       total 28672K, used 13251K [0x0000000780000000, 0x0000000781c00000, 0x00000007aab00000)
  object space 28672K, 46% used [0x0000000780000000,0x0000000780cf0fe0,0x0000000781c00000)
 Metaspace       used 23821K, capacity 24594K, committed 24704K, reserved 1071104K
  class space    used 2213K, capacity 2430K, committed 2432K, reserved 1048576K
}
Event: 37.907 GC heap before
{Heap before GC invocations=21 (full 1):
 PSYoungGen      total 137728K, used 131584K [0x00000007aab00000, 0x00000007b3f80000, 0x00000007c0000000)
  eden space 131072K, 100% used [0x00000007aab00000,0x00000007b2b00000,0x00000007b2b00000)
  from space 6656K, 7% used [0x00000007b2b00000,0x00000007b2b80010,0x00000007b3180000)
  to   space 6656K, 0% used [0x00000007b3900000,0x00000007b3900000,0x00000007b3f80000)
 ParOldGen       total 28672K, used 13251K [0x0000000780000000, 0x0000000781c00000, 0x00000007aab00000)
  object space 28672K, 46% used [0x0000000780000000,0x0000000780cf0fe0,0x0000000781c00000)
 Metaspace       used 23847K, capacity 24594K, committed 24704K, reserved 1071104K
  class space    used 2213K, capacity 2430K, committed 2432K, reserved 1048576K
Event: 37.910 GC heap after
Heap after GC invocations=21 (full 1):
 PSYoungGen      total 143360K, used 544K [0x00000007aab00000, 0x00000007b3e80000, 0x00000007c0000000)
  eden space 137728K, 0% used [0x00000007aab00000,0x00000007aab00000,0x00000007b3180000)
  from space 5632K, 9% used [0x00000007b3900000,0x00000007b3988010,0x00000007b3e80000)
  to   space 6656K, 0% used [0x00000007b3180000,0x00000007b3180000,0x00000007b3800000)
 ParOldGen       total 28672K, used 13259K [0x0000000780000000, 0x0000000781c00000, 0x00000007aab00000)
  object space 28672K, 46% used [0x0000000780000000,0x0000000780cf2fe0,0x0000000781c00000)
 Metaspace       used 23847K, capacity 24594K, committed 24704K, reserved 1071104K
  class space    used 2213K, capacity 2430K, committed 2432K, reserved 1048576K
}
Event: 41.895 GC heap before
{Heap before GC invocations=22 (full 1):
 PSYoungGen      total 143360K, used 138272K [0x00000007aab00000, 0x00000007b3e80000, 0x00000007c0000000)
  eden space 137728K, 100% used [0x00000007aab00000,0x00000007b3180000,0x00000007b3180000)
  from space 5632K, 9% used [0x00000007b3900000,0x00000007b3988010,0x00000007b3e80000)
  to   space 6656K, 0% used [0x00000007b3180000,0x00000007b3180000,0x00000007b3800000)
 ParOldGen       total 28672K, used 13259K [0x0000000780000000, 0x0000000781c00000, 0x00000007aab00000)
  object space 28672K, 46% used [0x0000000780000000,0x0000000780cf2fe0,0x0000000781c00000)
 Metaspace       used 23910K, capacity 24594K, committed 24704K, reserved 1071104K
  class space    used 2214K, capacity 2430K, committed 2432K, reserved 1048576K
Event: 41.899 GC heap after
Heap after GC invocations=22 (full 1):
 PSYoungGen      total 144384K, used 1600K [0x00000007aab00000, 0x00000007b4380000, 0x00000007c0000000)
  eden space 137728K, 0% used [0x00000007aab00000,0x00000007aab00000,0x00000007b3180000)
  from space 6656K, 24% used [0x00000007b3180000,0x00000007b3310030,0x00000007b3800000)
  to   space 6144K, 0% used [0x00000007b3d80000,0x00000007b3d80000,0x00000007b4380000)
 ParOldGen       total 28672K, used 13267K [0x0000000780000000, 0x0000000781c00000, 0x00000007aab00000)
  object space 28672K, 46% used [0x0000000780000000,0x0000000780cf4fe0,0x0000000781c00000)
 Metaspace       used 23910K, capacity 24594K, committed 24704K, reserved 1071104K
  class space    used 2214K, capacity 2430K, committed 2432K, reserved 1048576K
}
Event: 45.747 GC heap before
{Heap before GC invocations=23 (full 1):
 PSYoungGen      total 144384K, used 139328K [0x00000007aab00000, 0x00000007b4380000, 0x00000007c0000000)
  eden space 137728K, 100% used [0x00000007aab00000,0x00000007b3180000,0x00000007b3180000)
  from space 6656K, 24% used [0x00000007b3180000,0x00000007b3310030,0x00000007b3800000)
  to   space 6144K, 0% used [0x00000007b3d80000,0x00000007b3d80000,0x00000007b4380000)
 ParOldGen       total 28672K, used 13267K [0x0000000780000000, 0x0000000781c00000, 0x00000007aab00000)
  object space 28672K, 46% used [0x0000000780000000,0x0000000780cf4fe0,0x0000000781c00000)
 Metaspace       used 23935K, capacity 24658K, committed 24704K, reserved 1071104K
  class space    used 2215K, capacity 2430K, committed 2432K, reserved 1048576K
Event: 45.751 GC heap after
Heap after GC invocations=23 (full 1):
 PSYoungGen      total 147968K, used 512K [0x00000007aab00000, 0x00000007b4280000, 0x00000007c0000000)
  eden space 142848K, 0% used [0x00000007aab00000,0x00000007aab00000,0x00000007b3680000)
  from space 5120K, 10% used [0x00000007b3d80000,0x00000007b3e00010,0x00000007b4280000)
  to   space 6144K, 0% used [0x00000007b3680000,0x00000007b3680000,0x00000007b3c80000)
 ParOldGen       total 28672K, used 13267K [0x0000000780000000, 0x0000000781c00000, 0x00000007aab00000)
  object space 28672K, 46% used [0x0000000780000000,0x0000000780cf4fe0,0x0000000781c00000)
 Metaspace       used 23935K, capacity 24658K, committed 24704K, reserved 1071104K
  class space    used 2215K, capacity 2430K, committed 2432K, reserved 1048576K
}

