# JRE version: Java(TM) SE Runtime Environment (8.0_40-b26) (build 1.8.0_40-b26)
# Java VM: Java HotSpot(TM) 64-Bit Server VM (25.40-b25 mixed mode bsd-amd64 compressed oops)
Heap:
 PSYoungGen      total 86528K, used 74490K [0x00000007aab00000, 0x00000007b1280000, 0x00000007c0000000)
  eden space 86016K, 86% used [0x00000007aab00000,0x00000007af36ea88,0x00000007aff00000)
  from space 512K, 62% used [0x00000007b1200000,0x00000007b1250010,0x00000007b1280000)
  to   space 8704K, 0% used [0x00000007b0180000,0x00000007b0180000,0x00000007b0a00000)
 ParOldGen       total 35328K, used 13344K [0x0000000780000000, 0x0000000782280000, 0x00000007aab00000)
  object space 35328K, 37% used [0x0000000780000000,0x0000000780d08130,0x0000000782280000)
 Metaspace       used 23610K, capacity 24382K, committed 24704K, reserved 1071104K
  class space    used 2203K, capacity 2424K, committed 2432K, reserved 1048576K
GC Heap History (10 events):
Event: 17.882 GC heap before
{Heap before GC invocations=15 (full 1):
 PSYoungGen      total 74240K, used 65984K [0x00000007aab00000, 0x00000007b0b80000, 0x00000007c0000000)
  eden space 64512K, 100% used [0x00000007aab00000,0x00000007aea00000,0x00000007aea00000)
  from space 9728K, 15% used [0x00000007aea00000,0x00000007aeb70020,0x00000007af380000)
  to   space 9728K, 0% used [0x00000007b0200000,0x00000007b0200000,0x00000007b0b80000)
 ParOldGen       total 35328K, used 13304K [0x0000000780000000, 0x0000000782280000, 0x00000007aab00000)
  object space 35328K, 37% used [0x0000000780000000,0x0000000780cfe130,0x0000000782280000)
 Metaspace       used 23184K, capacity 23820K, committed 24192K, reserved 1071104K
  class space    used 2194K, capacity 2349K, committed 2432K, reserved 1048576K
Event: 17.884 GC heap after
Heap after GC invocations=15 (full 1):
 PSYoungGen      total 84992K, used 224K [0x00000007aab00000, 0x00000007b0980000, 0x00000007c0000000)
  eden space 77312K, 0% used [0x00000007aab00000,0x00000007aab00000,0x00000007af680000)
  from space 7680K, 2% used [0x00000007b0200000,0x00000007b0238000,0x00000007b0980000)
  to   space 9728K, 0% used [0x00000007af680000,0x00000007af680000,0x00000007b0000000)
 ParOldGen       total 35328K, used 13312K [0x0000000780000000, 0x0000000782280000, 0x00000007aab00000)
  object space 35328K, 37% used [0x0000000780000000,0x0000000780d00130,0x0000000782280000)
 Metaspace       used 23184K, capacity 23820K, committed 24192K, reserved 1071104K
  class space    used 2194K, capacity 2349K, committed 2432K, reserved 1048576K
}
Event: 20.161 GC heap before
{Heap before GC invocations=16 (full 1):
 PSYoungGen      total 84992K, used 77442K [0x00000007aab00000, 0x00000007b0980000, 0x00000007c0000000)
  eden space 77312K, 99% used [0x00000007aab00000,0x00000007af6688b0,0x00000007af680000)
  from space 7680K, 2% used [0x00000007b0200000,0x00000007b0238000,0x00000007b0980000)
  to   space 9728K, 0% used [0x00000007af680000,0x00000007af680000,0x00000007b0000000)
 ParOldGen       total 35328K, used 13312K [0x0000000780000000, 0x0000000782280000, 0x00000007aab00000)
  object space 35328K, 37% used [0x0000000780000000,0x0000000780d00130,0x0000000782280000)
 Metaspace       used 23265K, capacity 23948K, committed 24192K, reserved 1071104K
  class space    used 2194K, capacity 2349K, committed 2432K, reserved 1048576K
Event: 20.163 GC heap after
Heap after GC invocations=16 (full 1):
 PSYoungGen      total 87040K, used 224K [0x00000007aab00000, 0x00000007b1680000, 0x00000007c0000000)
  eden space 77312K, 0% used [0x00000007aab00000,0x00000007aab00000,0x00000007af680000)
  from space 9728K, 2% used [0x00000007af680000,0x00000007af6b8000,0x00000007b0000000)
  to   space 9728K, 0% used [0x00000007b0d00000,0x00000007b0d00000,0x00000007b1680000)
 ParOldGen       total 35328K, used 13320K [0x0000000780000000, 0x0000000782280000, 0x00000007aab00000)
  object space 35328K, 37% used [0x0000000780000000,0x0000000780d02130,0x0000000782280000)
 Metaspace       used 23265K, capacity 23948K, committed 24192K, reserved 1071104K
  class space    used 2194K, capacity 2349K, committed 2432K, reserved 1048576K
}
Event: 22.387 GC heap before
{Heap before GC invocations=17 (full 1):
 PSYoungGen      total 87040K, used 77536K [0x00000007aab00000, 0x00000007b1680000, 0x00000007c0000000)
  eden space 77312K, 100% used [0x00000007aab00000,0x00000007af680000,0x00000007af680000)
  from space 9728K, 2% used [0x00000007af680000,0x00000007af6b8000,0x00000007b0000000)
  to   space 9728K, 0% used [0x00000007b0d00000,0x00000007b0d00000,0x00000007b1680000)
 ParOldGen       total 35328K, used 13320K [0x0000000780000000, 0x0000000782280000, 0x00000007aab00000)
  object space 35328K, 37% used [0x0000000780000000,0x0000000780d02130,0x0000000782280000)
 Metaspace       used 23434K, capacity 24076K, committed 24448K, reserved 1071104K
  class space    used 2194K, capacity 2349K, committed 2432K, reserved 1048576K
Event: 22.390 GC heap after
Heap after GC invocations=17 (full 1):
 PSYoungGen      total 96256K, used 1568K [0x00000007aab00000, 0x00000007b1400000, 0x00000007c0000000)
  eden space 89088K, 0% used [0x00000007aab00000,0x00000007aab00000,0x00000007b0200000)
  from space 7168K, 21% used [0x00000007b0d00000,0x00000007b0e88030,0x00000007b1400000)
  to   space 9216K, 0% used [0x00000007b0200000,0x00000007b0200000,0x00000007b0b00000)
 ParOldGen       total 35328K, used 13328K [0x0000000780000000, 0x0000000782280000, 0x00000007aab00000)
  object space 35328K, 37% used [0x0000000780000000,0x0000000780d04130,0x0000000782280000)
 Metaspace       used 23434K, capacity 24076K, committed 24448K, reserved 1071104K
  class space    used 2194K, capacity 2349K, committed 2432K, reserved 1048576K
}
Event: 25.008 GC heap before
{Heap before GC invocations=18 (full 1):
 PSYoungGen      total 96256K, used 90656K [0x00000007aab00000, 0x00000007b1400000, 0x00000007c0000000)
  eden space 89088K, 100% used [0x00000007aab00000,0x00000007b0200000,0x00000007b0200000)
  from space 7168K, 21% used [0x00000007b0d00000,0x00000007b0e88030,0x00000007b1400000)
  to   space 9216K, 0% used [0x00000007b0200000,0x00000007b0200000,0x00000007b0b00000)
 ParOldGen       total 35328K, used 13328K [0x0000000780000000, 0x0000000782280000, 0x00000007aab00000)
  object space 35328K, 37% used [0x0000000780000000,0x0000000780d04130,0x0000000782280000)
 Metaspace       used 23491K, capacity 24172K, committed 24448K, reserved 1071104K
  class space    used 2196K, capacity 2381K, committed 2432K, reserved 1048576K
Event: 25.011 GC heap after
Heap after GC invocations=18 (full 1):
 PSYoungGen      total 98304K, used 1600K [0x00000007aab00000, 0x00000007b1a80000, 0x00000007c0000000)
  eden space 89088K, 0% used [0x00000007aab00000,0x00000007aab00000,0x00000007b0200000)
  from space 9216K, 17% used [0x00000007b0200000,0x00000007b0390030,0x00000007b0b00000)
  to   space 8704K, 0% used [0x00000007b1200000,0x00000007b1200000,0x00000007b1a80000)
 ParOldGen       total 35328K, used 13336K [0x0000000780000000, 0x0000000782280000, 0x00000007aab00000)
  object space 35328K, 37% used [0x0000000780000000,0x0000000780d06130,0x0000000782280000)
 Metaspace       used 23491K, capacity 24172K, committed 24448K, reserved 1071104K
  class space    used 2196K, capacity 2381K, committed 2432K, reserved 1048576K
}
Event: 27.661 GC heap before
{Heap before GC invocations=19 (full 1):
 PSYoungGen      total 98304K, used 90688K [0x00000007aab00000, 0x00000007b1a80000, 0x00000007c0000000)
  eden space 89088K, 100% used [0x00000007aab00000,0x00000007b0200000,0x00000007b0200000)
  from space 9216K, 17% used [0x00000007b0200000,0x00000007b0390030,0x00000007b0b00000)
  to   space 8704K, 0% used [0x00000007b1200000,0x00000007b1200000,0x00000007b1a80000)
 ParOldGen       total 35328K, used 13336K [0x0000000780000000, 0x0000000782280000, 0x00000007aab00000)
  object space 35328K, 37% used [0x0000000780000000,0x0000000780d06130,0x0000000782280000)
 Metaspace       used 23561K, capacity 24332K, committed 24448K, reserved 1071104K
  class space    used 2196K, capacity 2413K, committed 2432K, reserved 1048576K
Event: 27.663 GC heap after
Heap after GC invocations=19 (full 1):
 PSYoungGen      total 86528K, used 320K [0x00000007aab00000, 0x00000007b1280000, 0x00000007c0000000)
  eden space 86016K, 0% used [0x00000007aab00000,0x00000007aab00000,0x00000007aff00000)
  from space 512K, 62% used [0x00000007b1200000,0x00000007b1250010,0x00000007b1280000)
  to   space 8704K, 0% used [0x00000007b0180000,0x00000007b0180000,0x00000007b0a00000)
 ParOldGen       total 35328K, used 13344K [0x0000000780000000, 0x0000000782280000, 0x00000007aab00000)
  object space 35328K, 37% used [0x0000000780000000,0x0000000780d08130,0x0000000782280000)
 Metaspace       used 23561K, capacity 24332K, committed 24448K, reserved 1071104K
  class space    used 2196K, capacity 2413K, committed 2432K, reserved 1048576K
}

