# JRE version: Java(TM) SE Runtime Environment (8.0_40-b26) (build 1.8.0_40-b26)
# Java VM: Java HotSpot(TM) 64-Bit Server VM (25.40-b25 mixed mode bsd-amd64 compressed oops)
Heap:
 PSYoungGen      total 34304K, used 6603K [0x00000007aab00000, 0x00000007ad680000, 0x00000007c0000000)
  eden space 26112K, 22% used [0x00000007aab00000,0x00000007ab0d2f40,0x00000007ac480000)
  from space 8192K, 7% used [0x00000007ac480000,0x00000007ac520010,0x00000007acc80000)
  to   space 7680K, 0% used [0x00000007acf00000,0x00000007acf00000,0x00000007ad680000)
 ParOldGen       total 40960K, used 8957K [0x0000000780000000, 0x0000000782800000, 0x00000007aab00000)
  object space 40960K, 21% used [0x0000000780000000,0x00000007808bf618,0x0000000782800000)
 Metaspace       used 22007K, capacity 22776K, committed 22960K, reserved 1069056K
  class space    used 2189K, capacity 2369K, committed 2480K, reserved 1048576K
GC Heap History (10 events):
Event: 26.305 GC heap before
{Heap before GC invocations=6 (full 1):
 PSYoungGen      total 18944K, used 16384K [0x00000007aab00000, 0x00000007ac000000, 0x00000007c0000000)
  eden space 16384K, 100% used [0x00000007aab00000,0x00000007abb00000,0x00000007abb00000)
  from space 2560K, 0% used [0x00000007abd80000,0x00000007abd80000,0x00000007ac000000)
  to   space 2560K, 0% used [0x00000007abb00000,0x00000007abb00000,0x00000007abd80000)
 ParOldGen       total 40960K, used 8917K [0x0000000780000000, 0x0000000782800000, 0x00000007aab00000)
  object space 40960K, 21% used [0x0000000780000000,0x00000007808b5618,0x0000000782800000)
 Metaspace       used 21630K, capacity 22274K, committed 22448K, reserved 1069056K
  class space    used 2180K, capacity 2358K, committed 2480K, reserved 1048576K
Event: 26.307 GC heap after
Heap after GC invocations=6 (full 1):
 PSYoungGen      total 18944K, used 466K [0x00000007aab00000, 0x00000007ad080000, 0x00000007c0000000)
  eden space 16384K, 0% used [0x00000007aab00000,0x00000007aab00000,0x00000007abb00000)
  from space 2560K, 18% used [0x00000007abb00000,0x00000007abb74a90,0x00000007abd80000)
  to   space 8192K, 0% used [0x00000007ac880000,0x00000007ac880000,0x00000007ad080000)
 ParOldGen       total 40960K, used 8925K [0x0000000780000000, 0x0000000782800000, 0x00000007aab00000)
  object space 40960K, 21% used [0x0000000780000000,0x00000007808b7618,0x0000000782800000)
 Metaspace       used 21630K, capacity 22274K, committed 22448K, reserved 1069056K
  class space    used 2180K, capacity 2358K, committed 2480K, reserved 1048576K
}
Event: 29.391 GC heap before
{Heap before GC invocations=7 (full 1):
 PSYoungGen      total 18944K, used 16850K [0x00000007aab00000, 0x00000007ad080000, 0x00000007c0000000)
  eden space 16384K, 100% used [0x00000007aab00000,0x00000007abb00000,0x00000007abb00000)
  from space 2560K, 18% used [0x00000007abb00000,0x00000007abb74a90,0x00000007abd80000)
  to   space 8192K, 0% used [0x00000007ac880000,0x00000007ac880000,0x00000007ad080000)
 ParOldGen       total 40960K, used 8925K [0x0000000780000000, 0x0000000782800000, 0x00000007aab00000)
  object space 40960K, 21% used [0x0000000780000000,0x00000007808b7618,0x0000000782800000)
 Metaspace       used 21746K, capacity 22466K, committed 22704K, reserved 1069056K
  class space    used 2180K, capacity 2358K, committed 2480K, reserved 1048576K
Event: 29.393 GC heap after
Heap after GC invocations=7 (full 1):
 PSYoungGen      total 29184K, used 434K [0x00000007aab00000, 0x00000007ad000000, 0x00000007c0000000)
  eden space 21504K, 0% used [0x00000007aab00000,0x00000007aab00000,0x00000007ac000000)
  from space 7680K, 5% used [0x00000007ac880000,0x00000007ac8eca90,0x00000007ad000000)
  to   space 8192K, 0% used [0x00000007ac000000,0x00000007ac000000,0x00000007ac800000)
 ParOldGen       total 40960K, used 8933K [0x0000000780000000, 0x0000000782800000, 0x00000007aab00000)
  object space 40960K, 21% used [0x0000000780000000,0x00000007808b9618,0x0000000782800000)
 Metaspace       used 21746K, capacity 22466K, committed 22704K, reserved 1069056K
  class space    used 2180K, capacity 2358K, committed 2480K, reserved 1048576K
}
Event: 33.508 GC heap before
{Heap before GC invocations=8 (full 1):
 PSYoungGen      total 29184K, used 21938K [0x00000007aab00000, 0x00000007ad000000, 0x00000007c0000000)
  eden space 21504K, 100% used [0x00000007aab00000,0x00000007ac000000,0x00000007ac000000)
  from space 7680K, 5% used [0x00000007ac880000,0x00000007ac8eca90,0x00000007ad000000)
  to   space 8192K, 0% used [0x00000007ac000000,0x00000007ac000000,0x00000007ac800000)
 ParOldGen       total 40960K, used 8933K [0x0000000780000000, 0x0000000782800000, 0x00000007aab00000)
  object space 40960K, 21% used [0x0000000780000000,0x00000007808b9618,0x0000000782800000)
 Metaspace       used 21845K, capacity 22530K, committed 22704K, reserved 1069056K
  class space    used 2180K, capacity 2358K, committed 2480K, reserved 1048576K
Event: 33.511 GC heap after
Heap after GC invocations=8 (full 1):
 PSYoungGen      total 29696K, used 498K [0x00000007aab00000, 0x00000007ad500000, 0x00000007c0000000)
  eden space 21504K, 0% used [0x00000007aab00000,0x00000007aab00000,0x00000007ac000000)
  from space 8192K, 6% used [0x00000007ac000000,0x00000007ac07ca90,0x00000007ac800000)
  to   space 8192K, 0% used [0x00000007acd00000,0x00000007acd00000,0x00000007ad500000)
 ParOldGen       total 40960K, used 8941K [0x0000000780000000, 0x0000000782800000, 0x00000007aab00000)
  object space 40960K, 21% used [0x0000000780000000,0x00000007808bb618,0x0000000782800000)
 Metaspace       used 21845K, capacity 22530K, committed 22704K, reserved 1069056K
  class space    used 2180K, capacity 2358K, committed 2480K, reserved 1048576K
}
Event: 38.514 GC heap before
{Heap before GC invocations=9 (full 1):
 PSYoungGen      total 29696K, used 22002K [0x00000007aab00000, 0x00000007ad500000, 0x00000007c0000000)
  eden space 21504K, 100% used [0x00000007aab00000,0x00000007ac000000,0x00000007ac000000)
  from space 8192K, 6% used [0x00000007ac000000,0x00000007ac07ca90,0x00000007ac800000)
  to   space 8192K, 0% used [0x00000007acd00000,0x00000007acd00000,0x00000007ad500000)
 ParOldGen       total 40960K, used 8941K [0x0000000780000000, 0x0000000782800000, 0x00000007aab00000)
  object space 40960K, 21% used [0x0000000780000000,0x00000007808bb618,0x0000000782800000)
 Metaspace       used 21920K, capacity 22662K, committed 22960K, reserved 1069056K
  class space    used 2180K, capacity 2358K, committed 2480K, reserved 1048576K
Event: 38.517 GC heap after
Heap after GC invocations=9 (full 1):
 PSYoungGen      total 33792K, used 544K [0x00000007aab00000, 0x00000007ad480000, 0x00000007c0000000)
  eden space 26112K, 0% used [0x00000007aab00000,0x00000007aab00000,0x00000007ac480000)
  from space 7680K, 7% used [0x00000007acd00000,0x00000007acd88010,0x00000007ad480000)
  to   space 8192K, 0% used [0x00000007ac480000,0x00000007ac480000,0x00000007acc80000)
 ParOldGen       total 40960K, used 8949K [0x0000000780000000, 0x0000000782800000, 0x00000007aab00000)
  object space 40960K, 21% used [0x0000000780000000,0x00000007808bd618,0x0000000782800000)
 Metaspace       used 21920K, capacity 22662K, committed 22960K, reserved 1069056K
  class space    used 2180K, capacity 2358K, committed 2480K, reserved 1048576K
}
Event: 43.273 GC heap before
{Heap before GC invocations=10 (full 1):
 PSYoungGen      total 33792K, used 26656K [0x00000007aab00000, 0x00000007ad480000, 0x00000007c0000000)
  eden space 26112K, 100% used [0x00000007aab00000,0x00000007ac480000,0x00000007ac480000)
  from space 7680K, 7% used [0x00000007acd00000,0x00000007acd88010,0x00000007ad480000)
  to   space 8192K, 0% used [0x00000007ac480000,0x00000007ac480000,0x00000007acc80000)
 ParOldGen       total 40960K, used 8949K [0x0000000780000000, 0x0000000782800000, 0x00000007aab00000)
  object space 40960K, 21% used [0x0000000780000000,0x00000007808bd618,0x0000000782800000)
 Metaspace       used 21966K, capacity 22692K, committed 22960K, reserved 1069056K
  class space    used 2184K, capacity 2363K, committed 2480K, reserved 1048576K
Event: 43.276 GC heap after
Heap after GC invocations=10 (full 1):
 PSYoungGen      total 34304K, used 640K [0x00000007aab00000, 0x00000007ad680000, 0x00000007c0000000)
  eden space 26112K, 0% used [0x00000007aab00000,0x00000007aab00000,0x00000007ac480000)
  from space 8192K, 7% used [0x00000007ac480000,0x00000007ac520010,0x00000007acc80000)
  to   space 7680K, 0% used [0x00000007acf00000,0x00000007acf00000,0x00000007ad680000)
 ParOldGen       total 40960K, used 8957K [0x0000000780000000, 0x0000000782800000, 0x00000007aab00000)
  object space 40960K, 21% used [0x0000000780000000,0x00000007808bf618,0x0000000782800000)
 Metaspace       used 21966K, capacity 22692K, committed 22960K, reserved 1069056K
  class space    used 2184K, capacity 2363K, committed 2480K, reserved 1048576K
}

