# JRE version: Java(TM) SE Runtime Environment (8.0_40-b26) (build 1.8.0_40-b26)
# Java VM: Java HotSpot(TM) 64-Bit Server VM (25.40-b25 mixed mode bsd-amd64 compressed oops)
Heap:
 PSYoungGen      total 24064K, used 9348K [0x00000007aab00000, 0x00000007ac500000, 0x00000007c0000000)
  eden space 21504K, 40% used [0x00000007aab00000,0x00000007ab3992c0,0x00000007ac000000)
  from space 2560K, 21% used [0x00000007ac000000,0x00000007ac088010,0x00000007ac280000)
  to   space 2560K, 0% used [0x00000007ac280000,0x00000007ac280000,0x00000007ac500000)
 ParOldGen       total 35840K, used 13477K [0x0000000780000000, 0x0000000782300000, 0x00000007aab00000)
  object space 35840K, 37% used [0x0000000780000000,0x0000000780d29528,0x0000000782300000)
 Metaspace       used 23989K, capacity 24712K, committed 25008K, reserved 1071104K
  class space    used 2212K, capacity 2425K, committed 2480K, reserved 1048576K
GC Heap History (10 events):
Event: 192.627 GC heap before
{Heap before GC invocations=152 (full 1):
 PSYoungGen      total 23040K, used 21673K [0x00000007aab00000, 0x00000007ac400000, 0x00000007c0000000)
  eden space 21504K, 99% used [0x00000007aab00000,0x00000007abfea650,0x00000007ac000000)
  from space 1536K, 16% used [0x00000007ac280000,0x00000007ac2c0000,0x00000007ac400000)
  to   space 2048K, 0% used [0x00000007ac000000,0x00000007ac000000,0x00000007ac200000)
 ParOldGen       total 35840K, used 13461K [0x0000000780000000, 0x0000000782300000, 0x00000007aab00000)
  object space 35840K, 37% used [0x0000000780000000,0x0000000780d25528,0x0000000782300000)
 Metaspace       used 23934K, capacity 24598K, committed 24752K, reserved 1071104K
  class space    used 2205K, capacity 2414K, committed 2480K, reserved 1048576K
Event: 192.630 GC heap after
Heap after GC invocations=152 (full 1):
 PSYoungGen      total 23552K, used 256K [0x00000007aab00000, 0x00000007ac400000, 0x00000007c0000000)
  eden space 21504K, 0% used [0x00000007aab00000,0x00000007aab00000,0x00000007ac000000)
  from space 2048K, 12% used [0x00000007ac000000,0x00000007ac040000,0x00000007ac200000)
  to   space 2048K, 0% used [0x00000007ac200000,0x00000007ac200000,0x00000007ac400000)
 ParOldGen       total 35840K, used 13461K [0x0000000780000000, 0x0000000782300000, 0x00000007aab00000)
  object space 35840K, 37% used [0x0000000780000000,0x0000000780d25528,0x0000000782300000)
 Metaspace       used 23934K, capacity 24598K, committed 24752K, reserved 1071104K
  class space    used 2205K, capacity 2414K, committed 2480K, reserved 1048576K
}
Event: 193.431 GC heap before
{Heap before GC invocations=153 (full 1):
 PSYoungGen      total 23552K, used 21671K [0x00000007aab00000, 0x00000007ac400000, 0x00000007c0000000)
  eden space 21504K, 99% used [0x00000007aab00000,0x00000007abfe9dd0,0x00000007ac000000)
  from space 2048K, 12% used [0x00000007ac000000,0x00000007ac040000,0x00000007ac200000)
  to   space 2048K, 0% used [0x00000007ac200000,0x00000007ac200000,0x00000007ac400000)
 ParOldGen       total 35840K, used 13461K [0x0000000780000000, 0x0000000782300000, 0x00000007aab00000)
  object space 35840K, 37% used [0x0000000780000000,0x0000000780d25528,0x0000000782300000)
 Metaspace       used 23934K, capacity 24598K, committed 24752K, reserved 1071104K
  class space    used 2205K, capacity 2414K, committed 2480K, reserved 1048576K
Event: 193.435 GC heap after
Heap after GC invocations=153 (full 1):
 PSYoungGen      total 23552K, used 256K [0x00000007aab00000, 0x00000007ac400000, 0x00000007c0000000)
  eden space 21504K, 0% used [0x00000007aab00000,0x00000007aab00000,0x00000007ac000000)
  from space 2048K, 12% used [0x00000007ac200000,0x00000007ac240000,0x00000007ac400000)
  to   space 2048K, 0% used [0x00000007ac000000,0x00000007ac000000,0x00000007ac200000)
 ParOldGen       total 35840K, used 13461K [0x0000000780000000, 0x0000000782300000, 0x00000007aab00000)
  object space 35840K, 37% used [0x0000000780000000,0x0000000780d25528,0x0000000782300000)
 Metaspace       used 23934K, capacity 24598K, committed 24752K, reserved 1071104K
  class space    used 2205K, capacity 2414K, committed 2480K, reserved 1048576K
}
Event: 194.162 GC heap before
{Heap before GC invocations=154 (full 1):
 PSYoungGen      total 23552K, used 21760K [0x00000007aab00000, 0x00000007ac400000, 0x00000007c0000000)
  eden space 21504K, 100% used [0x00000007aab00000,0x00000007ac000000,0x00000007ac000000)
  from space 2048K, 12% used [0x00000007ac200000,0x00000007ac240000,0x00000007ac400000)
  to   space 2048K, 0% used [0x00000007ac000000,0x00000007ac000000,0x00000007ac200000)
 ParOldGen       total 35840K, used 13461K [0x0000000780000000, 0x0000000782300000, 0x00000007aab00000)
  object space 35840K, 37% used [0x0000000780000000,0x0000000780d25528,0x0000000782300000)
 Metaspace       used 23938K, capacity 24598K, committed 24752K, reserved 1071104K
  class space    used 2205K, capacity 2414K, committed 2480K, reserved 1048576K
Event: 194.165 GC heap after
Heap after GC invocations=154 (full 1):
 PSYoungGen      total 23552K, used 1600K [0x00000007aab00000, 0x00000007ac500000, 0x00000007c0000000)
  eden space 21504K, 0% used [0x00000007aab00000,0x00000007aab00000,0x00000007ac000000)
  from space 2048K, 78% used [0x00000007ac000000,0x00000007ac190020,0x00000007ac200000)
  to   space 2560K, 0% used [0x00000007ac280000,0x00000007ac280000,0x00000007ac500000)
 ParOldGen       total 35840K, used 13461K [0x0000000780000000, 0x0000000782300000, 0x00000007aab00000)
  object space 35840K, 37% used [0x0000000780000000,0x0000000780d25528,0x0000000782300000)
 Metaspace       used 23938K, capacity 24598K, committed 24752K, reserved 1071104K
  class space    used 2205K, capacity 2414K, committed 2480K, reserved 1048576K
}
Event: 194.941 GC heap before
{Heap before GC invocations=155 (full 1):
 PSYoungGen      total 23552K, used 23104K [0x00000007aab00000, 0x00000007ac500000, 0x00000007c0000000)
  eden space 21504K, 100% used [0x00000007aab00000,0x00000007ac000000,0x00000007ac000000)
  from space 2048K, 78% used [0x00000007ac000000,0x00000007ac190020,0x00000007ac200000)
  to   space 2560K, 0% used [0x00000007ac280000,0x00000007ac280000,0x00000007ac500000)
 ParOldGen       total 35840K, used 13461K [0x0000000780000000, 0x0000000782300000, 0x00000007aab00000)
  object space 35840K, 37% used [0x0000000780000000,0x0000000780d25528,0x0000000782300000)
 Metaspace       used 23939K, capacity 24598K, committed 24752K, reserved 1071104K
  class space    used 2205K, capacity 2414K, committed 2480K, reserved 1048576K
Event: 194.944 GC heap after
Heap after GC invocations=155 (full 1):
 PSYoungGen      total 24064K, used 1504K [0x00000007aab00000, 0x00000007ac500000, 0x00000007c0000000)
  eden space 21504K, 0% used [0x00000007aab00000,0x00000007aab00000,0x00000007ac000000)
  from space 2560K, 58% used [0x00000007ac280000,0x00000007ac3f8020,0x00000007ac500000)
  to   space 2560K, 0% used [0x00000007ac000000,0x00000007ac000000,0x00000007ac280000)
 ParOldGen       total 35840K, used 13477K [0x0000000780000000, 0x0000000782300000, 0x00000007aab00000)
  object space 35840K, 37% used [0x0000000780000000,0x0000000780d29528,0x0000000782300000)
 Metaspace       used 23939K, capacity 24598K, committed 24752K, reserved 1071104K
  class space    used 2205K, capacity 2414K, committed 2480K, reserved 1048576K
}
Event: 195.747 GC heap before
{Heap before GC invocations=156 (full 1):
 PSYoungGen      total 24064K, used 22882K [0x00000007aab00000, 0x00000007ac500000, 0x00000007c0000000)
  eden space 21504K, 99% used [0x00000007aab00000,0x00000007abfe0b78,0x00000007ac000000)
  from space 2560K, 58% used [0x00000007ac280000,0x00000007ac3f8020,0x00000007ac500000)
  to   space 2560K, 0% used [0x00000007ac000000,0x00000007ac000000,0x00000007ac280000)
 ParOldGen       total 35840K, used 13477K [0x0000000780000000, 0x0000000782300000, 0x00000007aab00000)
  object space 35840K, 37% used [0x0000000780000000,0x0000000780d29528,0x0000000782300000)
 Metaspace       used 23953K, capacity 24662K, committed 24752K, reserved 1071104K
  class space    used 2205K, capacity 2414K, committed 2480K, reserved 1048576K
Event: 195.749 GC heap after
Heap after GC invocations=156 (full 1):
 PSYoungGen      total 24064K, used 544K [0x00000007aab00000, 0x00000007ac500000, 0x00000007c0000000)
  eden space 21504K, 0% used [0x00000007aab00000,0x00000007aab00000,0x00000007ac000000)
  from space 2560K, 21% used [0x00000007ac000000,0x00000007ac088010,0x00000007ac280000)
  to   space 2560K, 0% used [0x00000007ac280000,0x00000007ac280000,0x00000007ac500000)
 ParOldGen       total 35840K, used 13477K [0x0000000780000000, 0x0000000782300000, 0x00000007aab00000)
  object space 35840K, 37% used [0x0000000780000000,0x0000000780d29528,0x0000000782300000)
 Metaspace       used 23953K, capacity 24662K, committed 24752K, reserved 1071104K
  class space    used 2205K, capacity 2414K, committed 2480K, reserved 1048576K
}

